snd 0.033 S - - - 0 0 0
rcv 0.119 S A - - 0 0 1
snd 0.120 - A - - 1 0 1
snd 0.122 - A - D 1 1000 1
snd 0.123 - A - D 1001 1000 1
snd 0.140 - A - D 2001 1000 1
snd 0.142 - A - D 3001 1000 1
snd 0.163 - A - D 4001 1000 1
snd 0.175 - A - D 5001 1000 1
snd 0.186 - A - D 6001 1000 1
snd 0.197 - A - D 7001 1000 1
rcv 0.205 - A - - 1 0 1001
snd 0.215 - A - D 8001 1000 1
snd 0.232 - A - D 1001 1000 1
snd 0.242 - A - D 2001 1000 1
snd 0.244 - A - D 3001 1000 1
snd 0.255 - A - D 4001 1000 1
snd 0.272 - A - D 5001 1000 1
snd 0.277 - A - D 6001 1000 1
snd 0.292 - A - D 7001 1000 1
snd 0.302 - A - D 8001 1000 1
rcv 0.304 - A - - 1 0 2001
snd 0.323 - A - D 9001 1000 1
rcv 0.323 - A - - 1 0 3001
snd 0.338 - A - D 10001 1000 1
rcv 0.344 - A - - 1 0 3001
rcv 0.355 - A - - 1 0 3001
rcv 0.357 - A - - 1 0 3001
snd 0.361 - A - D 3001 1000 1
rcv 0.372 - A - - 1 0 3001
rcv 0.373 - A - - 1 0 3001
rcv 0.381 - A - - 1 0 3001
rcv 0.393 - A - - 1 0 3001
rcv 0.406 - A - - 1 0 3001
rcv 0.406 - A - - 1 0 3001
rcv 0.415 - A - - 1 0 3001
rcv 0.416 - A - - 1 0 3001
rcv 0.422 - A - - 1 0 3001
rcv 0.464 - A - - 1 0 3001
rcv 0.465 - A - - 1 0 11001
snd 0.468 - A - D 11001 1000 1
snd 0.470 - A - D 12001 1000 1
snd 0.470 - A - D 13001 1000 1
snd 0.471 - A - D 14001 1000 1
snd 0.471 - A - D 15001 1000 1
snd 0.472 - A - D 16001 1000 1
snd 0.472 - A - D 17001 1000 1
snd 0.474 - A - D 18001 1000 1
rcv 0.548 - A - - 1 0 12001
snd 0.548 - A - D 19001 1000 1
rcv 0.549 - A - - 1 0 13001
snd 0.554 - A - D 20001 1000 1
rcv 0.558 - A - - 1 0 14001
snd 0.565 - A - D 21001 1000 1
rcv 0.566 - A - - 1 0 15001
snd 0.573 - A - D 22001 1000 1
rcv 0.573 - A - - 1 0 16001
snd 0.582 - A - D 23001 1000 1
rcv 0.599 - A - - 1 0 17001
snd 0.600 - A - D 24001 1000 1
rcv 0.600 - A - - 1 0 18001
snd 0.602 - A - D 25001 1000 1
rcv 0.607 - A - - 1 0 18001
rcv 0.607 - A - - 1 0 18001
rcv 0.623 - A - - 1 0 18001
snd 0.624 - A - D 18001 1000 1
rcv 0.631 - A - - 1 0 18001
rcv 0.684 - A - - 1 0 18001
rcv 0.686 - A - - 1 0 18001
rcv 0.692 - A - - 1 0 18001
rcv 0.752 - A - - 1 0 26001
snd 0.754 - A - D 26001 1000 1
snd 0.755 - A - D 27001 1000 1
snd 0.756 - A - D 28001 1000 1
snd 0.756 - A - D 29001 1000 1
snd 0.757 - A - D 30001 1000 1
snd 0.758 - A - D 31001 1000 1
snd 0.758 - A - D 32001 1000 1
snd 0.760 - A - D 33001 1000 1
rcv 0.874 - A - - 1 0 27001
snd 0.874 - A - D 34001 1000 1
rcv 0.876 - A - - 1 0 28001
snd 0.877 - A - D 35001 1000 1
rcv 0.878 - A - - 1 0 29001
snd 0.879 - A - D 36001 1000 1
rcv 0.881 - A - - 1 0 30001
snd 0.884 - A - D 37001 1000 1
snd 0.931 - A - D 30001 1000 1
snd 0.932 - A - D 31001 1000 1
snd 0.933 - A - D 32001 1000 1
snd 0.942 - A - D 33001 1000 1
snd 0.949 - A - D 34001 1000 1
snd 0.957 - A - D 35001 1000 1
snd 0.969 - A - D 36001 1000 1
snd 0.972 - A - D 37001 1000 1
rcv 0.972 - A - - 1 0 30001
rcv 0.980 - A - - 1 0 30001
rcv 0.982 - A - - 1 0 30001
snd 0.995 - A - D 30001 1000 1
rcv 0.996 - A - - 1 0 30001
rcv 0.996 - A - - 1 0 30001
rcv 0.996 - A - - 1 0 30001
rcv 1.036 - A - - 1 0 34001
snd 1.039 - A - D 38001 1000 1
snd 1.040 - A - D 39001 1000 1
snd 1.040 - A - D 40001 1000 1
snd 1.041 - A - D 41001 1000 1
rcv 1.042 - A - - 1 0 34001
rcv 1.042 - A - - 1 0 34001
rcv 1.042 - A - - 1 0 34001
snd 1.043 - A - D 34001 1000 1
rcv 1.096 - A - - 1 0 38001
snd 1.103 - A - D 42001 1000 1
snd 1.112 - A - D 43001 1000 1
snd 1.115 - A - D 44001 1000 1
snd 1.116 - A - D 45001 1000 1
rcv 1.116 - A - - 1 0 38001
rcv 1.116 - A - - 1 0 38001
rcv 1.117 - A - - 1 0 38001
snd 1.119 - A - D 38001 1000 1
rcv 1.131 - A - - 1 0 38001
rcv 1.132 - A - - 1 0 39001
snd 1.135 - A - D 46001 1000 1
rcv 1.143 - A - - 1 0 40001
snd 1.146 - A - D 47001 1000 1
rcv 1.151 - A - - 1 0 41001
snd 1.153 - A - D 48001 1000 1
rcv 1.154 - A - - 1 0 42001
snd 1.179 - A - D 49001 1000 1
rcv 1.180 - A - - 1 0 42001
rcv 1.180 - A - - 1 0 43001
snd 1.180 - A - D 50001 1000 1
rcv 1.180 - A - - 1 0 44001
snd 1.181 - A - D 51001 1000 1
rcv 1.193 - A - - 1 0 45001
snd 1.199 - A - D 52001 1000 1
rcv 1.200 - A - - 1 0 46001
snd 1.208 - A - D 53001 1000 1
rcv 1.208 - A - - 1 0 46001
rcv 1.209 - A - - 1 0 47001
snd 1.210 - A - D 54001 1000 1
rcv 1.211 - A - - 1 0 48001
snd 1.212 - A - D 55001 1000 1
rcv 1.257 - A - - 1 0 49001
snd 1.258 - A - D 56001 1000 1
rcv 1.258 - A - - 1 0 50001
snd 1.259 - A - D 57001 1000 1
rcv 1.262 - A - - 1 0 50001
rcv 1.291 - A - - 1 0 50001
rcv 1.343 - A - - 1 0 50001
snd 1.344 - A - D 50001 1000 1
rcv 1.345 - A - - 1 0 50001
rcv 1.389 - A - - 1 0 50001
rcv 1.408 - A - - 1 0 50001
rcv 1.472 - A - - 1 0 51001
snd 1.476 - A - D 58001 1000 1
snd 1.476 - A - D 51001 1000 1
snd 1.478 - A - D 52001 1000 1
snd 1.480 - A - D 53001 1000 1
snd 1.481 - A - D 54001 1000 1
snd 1.481 - A - D 55001 1000 1
snd 1.482 - A - D 56001 1000 1
snd 1.482 - A - D 57001 1000 1
snd 1.483 - A - D 58001 1000 1
rcv 1.597 - A - - 1 0 58001
snd 1.598 - A - D 59001 1000 1
snd 1.598 - A - D 60001 1000 1
snd 1.601 - A - D 61001 1000 1
snd 1.602 - A - D 62001 1000 1
snd 1.603 - A - D 63001 1000 1
snd 1.603 - A - D 64001 1000 1
snd 1.604 - A - D 65001 1000 1
rcv 1.665 - A - - 1 0 58001
rcv 1.665 - A - - 1 0 58001
snd 1.677 - A - D 58001 1000 1
snd 1.678 - A - D 59001 1000 1
snd 1.678 - A - D 60001 1000 1
snd 1.683 - A - D 61001 1000 1
snd 1.684 - A - D 62001 1000 1
snd 1.684 - A - D 63001 1000 1
snd 1.685 - A - D 64001 1000 1
snd 1.690 - A - D 65001 1000 1
rcv 1.690 - A - - 1 0 58001
snd 1.697 - A - D 58001 1000 1
rcv 1.701 - A - - 1 0 58001
rcv 1.702 - A - - 1 0 58001
rcv 1.702 - A - - 1 0 58001
rcv 1.702 - A - - 1 0 58001
rcv 1.708 - A - - 1 0 58001
rcv 1.755 - A - - 1 0 58001
rcv 1.755 - A - - 1 0 58001
rcv 1.755 - A - - 1 0 60001
snd 1.756 - A - D 66001 1000 1
snd 1.757 - A - D 67001 1000 1
rcv 1.758 - A - - 1 0 60001
rcv 1.774 - A - - 1 0 66001
snd 1.774 - A - D 68001 1000 1
snd 1.775 - A - D 69001 1000 1
snd 1.777 - A - D 70001 1000 1
snd 1.778 - A - D 71001 1000 1
snd 1.778 - A - D 72001 1000 1
snd 1.780 - A - D 73001 1000 1
rcv 1.804 - A - - 1 0 66001
rcv 1.809 - A - - 1 0 66001
rcv 1.810 - A - - 1 0 66001
snd 1.822 - A - D 66001 1000 1
rcv 1.822 - A - - 1 0 66001
rcv 1.824 - A - - 1 0 66001
rcv 1.827 - A - - 1 0 68001
snd 1.832 - A - D 74001 1000 1
snd 1.835 - A - D 75001 1000 1
rcv 1.835 - A - - 1 0 68001
rcv 1.838 - A - - 1 0 68001
rcv 1.838 - A - - 1 0 68001
snd 1.843 - A - D 68001 1000 1
rcv 1.844 - A - - 1 0 68001
rcv 1.847 - A - - 1 0 68001
rcv 1.853 - A - - 1 0 68001
rcv 1.857 - A - - 1 0 68001
rcv 1.896 - A - - 1 0 75001
snd 1.897 - A - D 76001 1000 1
snd 1.897 - A - D 77001 1000 1
snd 1.897 - A - D 78001 1000 1
snd 1.898 - A - D 79001 1000 1
snd 1.898 - A - D 80001 1000 1
snd 1.899 - A - D 81001 1000 1
snd 1.899 - A - D 82001 1000 1
snd 2.025 - A - D 75001 1000 1
snd 2.028 - A - D 76001 1000 1
snd 2.028 - A - D 77001 1000 1
snd 2.029 - A - D 78001 1000 1
snd 2.030 - A - D 79001 1000 1
snd 2.034 - A - D 80001 1000 1
snd 2.041 - A - D 81001 1000 1
snd 2.042 - A - D 82001 1000 1
rcv 2.086 - A - - 1 0 75001
rcv 2.087 - A - - 1 0 75001
rcv 2.100 - A - - 1 0 75001
snd 2.100 - A - D 75001 1000 1
rcv 2.101 - A - - 1 0 75001
rcv 2.101 - A - - 1 0 75001
rcv 2.101 - A - - 1 0 75001
rcv 2.101 - A - - 1 0 75001
rcv 2.117 - A - - 1 0 83001
snd 2.118 - A - D 83001 1000 1
snd 2.118 - A - D 84001 1000 1
snd 2.118 - A - D 85001 1000 1
snd 2.119 - A - D 86001 1000 1
snd 2.119 - A - D 87001 1000 1
snd 2.120 - A - D 88001 1000 1
snd 2.120 - A - D 89001 1000 1
snd 2.121 - A - D 90001 1000 1
rcv 2.121 - A - - 1 0 83001
rcv 2.126 - A - - 1 0 83001
rcv 2.133 - A - - 1 0 83001
snd 2.134 - A - D 83001 1000 1
rcv 2.180 - A - - 1 0 83001
rcv 2.181 - A - - 1 0 84001
snd 2.181 - A - D 91001 1000 1
rcv 2.189 - A - - 1 0 85001
snd 2.189 - A - D 92001 1000 1
rcv 2.189 - A - - 1 0 86001
snd 2.190 - A - D 93001 1000 1
rcv 2.190 - A - - 1 0 87001
snd 2.190 - A - D 94001 1000 1
rcv 2.191 - A - - 1 0 88001
snd 2.191 - A - D 95001 1000 1
rcv 2.208 - A - - 1 0 90001
snd 2.208 - A - D 96001 1000 1
snd 2.212 - A - D 97001 1000 1
rcv 2.228 - A - - 1 0 91001
snd 2.228 - A - D 98001 1000 1
rcv 2.274 - A - - 1 0 91001
rcv 2.283 - A - - 1 0 92001
snd 2.286 - A - D 99001 1000 1
snd 2.344 - A - D 92001 1000 1
snd 2.345 - A - D 93001 1000 1
snd 2.345 - A - D 94001 1000 1
snd 2.346 - A - D 95001 1000 1
snd 2.346 - A - D 96001 1000 1
snd 2.346 - A - D 97001 1000 1
snd 2.347 - A - D 98001 1000 1
snd 2.347 - A - D 99001 1000 1
rcv 2.358 - A - - 1 0 93001
snd 2.361 - A - D 100001 1000 1
rcv 2.361 - A - - 1 0 94001
snd 2.362 - A - D 101001 1000 1
rcv 2.362 - A - - 1 0 95001
snd 2.362 - A - D 102001 1000 1
rcv 2.363 - A - - 1 0 96001
snd 2.363 - A - D 103001 1000 1
rcv 2.364 - A - - 1 0 97001
snd 2.368 - A - D 104001 1000 1
rcv 2.369 - A - - 1 0 98001
snd 2.371 - A - D 105001 1000 1
rcv 2.372 - A - - 1 0 99001
snd 2.390 - A - D 106001 1000 1
rcv 2.392 - A - - 1 0 100001
snd 2.396 - A - D 107001 1000 1
rcv 2.451 - A - - 1 0 100001
rcv 2.451 - A - - 1 0 100001
rcv 2.451 - A - - 1 0 100001
snd 2.464 - A - D 100001 1000 1
rcv 2.465 - A - - 1 0 100001
rcv 2.465 - A - - 1 0 100001
rcv 2.465 - A - - 1 0 100001
rcv 2.473 - A - - 1 0 101001
snd 2.474 - A - D 108001 1000 1
rcv 2.474 - A - - 1 0 102001
snd 2.483 - A - D 109001 1000 1
rcv 2.483 - A - - 1 0 103001
snd 2.491 - A - D 110001 1000 1
rcv 2.492 - A - - 1 0 104001
snd 2.494 - A - D 111001 1000 1
rcv 2.494 - A - - 1 0 105001
snd 2.497 - A - D 112001 1000 1
rcv 2.497 - A - - 1 0 105001
rcv 2.498 - A - - 1 0 105001
rcv 2.498 - A - - 1 0 105001
snd 2.508 - A - D 105001 1000 1
rcv 2.509 - A - - 1 0 105001
rcv 2.509 - A - - 1 0 105001
rcv 2.544 - A - - 1 0 105001
rcv 2.552 - A - - 1 0 105001
rcv 2.597 - A - - 1 0 105001
snd 2.676 - A - D 105001 1000 1
snd 2.676 - A - D 106001 1000 1
snd 2.677 - A - D 107001 1000 1
snd 2.678 - A - D 108001 1000 1
snd 2.683 - A - D 109001 1000 1
snd 2.684 - A - D 110001 1000 1
snd 2.684 - A - D 111001 1000 1
snd 2.685 - A - D 112001 1000 1
rcv 2.772 - A - - 1 0 113001
snd 2.773 - A - D 113001 1000 1
snd 2.773 - A - D 114001 1000 1
snd 2.773 - A - D 115001 1000 1
snd 2.775 - A - D 116001 1000 1
snd 2.776 - A - D 117001 1000 1
snd 2.779 - A - D 118001 1000 1
snd 2.779 - A - D 119001 1000 1
snd 2.784 - A - D 120001 1000 1
rcv 2.828 - A - - 1 0 113001
rcv 2.829 - A - - 1 0 113001
rcv 2.829 - A - - 1 0 113001
snd 2.839 - A - D 113001 1000 1
rcv 2.840 - A - - 1 0 113001
rcv 2.840 - A - - 1 0 113001
rcv 2.840 - A - - 1 0 113001
rcv 2.928 - A - - 1 0 114001
snd 2.929 - A - D 121001 1000 1
rcv 2.929 - A - - 1 0 115001
snd 2.930 - A - D 122001 1000 1
rcv 2.931 - A - - 1 0 116001
snd 2.931 - A - D 123001 1000 1
rcv 2.932 - A - - 1 0 117001
snd 2.934 - A - D 124001 1000 1
rcv 2.935 - A - - 1 0 118001
snd 2.936 - A - D 125001 1000 1
rcv 2.937 - A - - 1 0 119001
snd 2.937 - A - D 126001 1000 1
rcv 2.937 - A - - 1 0 120001
snd 2.938 - A - D 127001 1000 1
rcv 2.945 - A - - 1 0 121001
snd 2.946 - A - D 128001 1000 1
rcv 2.988 - A - - 1 0 121001
rcv 2.996 - A - - 1 0 122001
snd 2.997 - A - D 129001 1000 1
rcv 2.998 - A - - 1 0 124001
snd 2.999 - A - D 130001 1000 1
snd 2.999 - A - D 131001 1000 1
rcv 3.001 - A - - 1 0 125001
snd 3.002 - A - D 132001 1000 1
rcv 3.048 - A - - 1 0 126001
snd 3.054 - A - D 133001 1000 1
rcv 3.058 - A - - 1 0 127001
snd 3.058 - A - D 134001 1000 1
rcv 3.058 - A - - 1 0 128001
snd 3.059 - A - D 135001 1000 1
rcv 3.129 - A - - 1 0 128001
rcv 3.129 - A - - 1 0 128001
rcv 3.129 - A - - 1 0 128001
snd 3.133 - A - D 128001 1000 1
rcv 3.135 - A - - 1 0 128001
rcv 3.165 - A - - 1 0 128001
rcv 3.216 - A - - 1 0 128001
rcv 3.296 - A - - 1 0 134001
snd 3.297 - A - D 136001 1000 1
snd 3.298 - A - D 137001 1000 1
snd 3.298 - A - D 138001 1000 1
snd 3.302 - A - D 139001 1000 1
snd 3.303 - A - D 140001 1000 1
snd 3.303 - A - D 141001 1000 1
snd 3.303 - A - D 134001 1000 1
snd 3.303 - A - D 135001 1000 1
snd 3.304 - A - D 136001 1000 1
snd 3.304 - A - D 137001 1000 1
snd 3.304 - A - D 138001 1000 1
snd 3.305 - A - D 139001 1000 1
snd 3.305 - A - D 140001 1000 1
snd 3.306 - A - D 141001 1000 1
rcv 3.415 - A - - 1 0 134001
rcv 3.419 - A - - 1 0 134001
rcv 3.419 - A - - 1 0 134001
snd 3.419 - A - D 134001 1000 1
rcv 3.419 - A - - 1 0 134001
rcv 3.419 - A - - 1 0 134001
rcv 3.420 - A - - 1 0 134001
rcv 3.420 - A - - 1 0 134001
rcv 3.420 - A - - 1 0 134001
rcv 3.420 - A - - 1 0 134001
rcv 3.420 - A - - 1 0 134001
rcv 3.460 - A - - 1 0 134001
rcv 3.469 - A - - 1 0 134001
snd 3.661 - A - D 134001 1000 1
snd 3.664 - A - D 135001 1000 1
snd 3.664 - A - D 136001 1000 1
snd 3.665 - A - D 137001 1000 1
snd 3.665 - A - D 138001 1000 1
snd 3.665 - A - D 139001 1000 1
snd 3.665 - A - D 140001 1000 1
snd 3.666 - A - D 141001 1000 1
rcv 3.780 - A - - 1 0 142001
snd 3.781 - A - D 142001 1000 1
snd 3.783 - A - D 143001 1000 1
snd 3.784 - A - D 144001 1000 1
snd 3.785 - A - D 145001 1000 1
snd 3.786 - A - D 146001 1000 1
snd 3.786 - A - D 147001 1000 1
snd 3.787 - A - D 148001 1000 1
snd 3.787 - A - D 149001 1000 1
rcv 3.858 - A - - 1 0 142001
rcv 3.859 - A - - 1 0 142001
rcv 3.867 - A - - 1 0 142001
snd 3.868 - A - D 142001 1000 1
rcv 3.870 - A - - 1 0 142001
rcv 3.912 - A - - 1 0 142001
rcv 3.913 - A - - 1 0 142001
rcv 3.928 - A - - 1 0 142001
rcv 3.928 - A - - 1 0 142001
rcv 3.968 - A - - 1 0 150001
snd 3.969 - A - D 150001 1000 1
snd 3.969 - A - D 151001 1000 1
snd 3.970 - A - D 152001 1000 1
snd 3.970 - A - D 153001 1000 1
snd 3.971 - A - D 154001 1000 1
snd 3.972 - A - D 155001 1000 1
snd 3.973 - A - D 156001 1000 1
snd 3.973 - A - D 157001 1000 1
rcv 4.035 - A - - 1 0 151001
snd 4.036 - A - D 158001 1000 1
rcv 4.038 - A - - 1 0 152001
snd 4.038 - A - D 159001 1000 1
rcv 4.038 - A - - 1 0 153001
snd 4.042 - A - D 160001 1000 1
rcv 4.042 - A - - 1 0 154001
snd 4.044 - A - D 161001 1000 1
rcv 4.044 - A - - 1 0 155001
snd 4.044 - A - D 162001 1000 1
rcv 4.046 - A - - 1 0 156001
snd 4.047 - A - D 163001 1000 1
rcv 4.095 - A - - 1 0 158001
snd 4.099 - A - D 164001 1000 1
snd 4.099 - A - D 165001 1000 1
rcv 4.160 - A - - 1 0 159001
snd 4.161 - A - D 166001 1000 1
rcv 4.161 - A - - 1 0 160001
snd 4.162 - A - D 167001 1000 1
rcv 4.210 - A - - 1 0 161001
snd 4.211 - A - D 168001 1000 1
rcv 4.211 - A - - 1 0 162001
snd 4.212 - A - D 169001 1000 1
rcv 4.212 - A - - 1 0 163001
snd 4.214 - A - D 170001 1000 1
rcv 4.240 - A - - 1 0 163001
rcv 4.277 - A - - 1 0 163001
rcv 4.295 - A - - 1 0 163001
snd 4.299 - A - D 163001 1000 1
rcv 4.374 - A - - 1 0 163001
rcv 4.424 - A - - 1 0 163001
rcv 4.424 - A - - 1 0 165001
snd 4.425 - A - D 171001 1000 1
snd 4.426 - A - D 172001 1000 1
snd 4.426 - A - D 165001 1000 1
snd 4.426 - A - D 166001 1000 1
snd 4.427 - A - D 167001 1000 1
snd 4.427 - A - D 168001 1000 1
snd 4.427 - A - D 169001 1000 1
snd 4.428 - A - D 170001 1000 1
snd 4.428 - A - D 171001 1000 1
snd 4.429 - A - D 172001 1000 1
rcv 4.508 - A - - 1 0 165001
rcv 4.508 - A - - 1 0 165001
rcv 4.508 - A - - 1 0 168001
snd 4.508 - A - D 173001 1000 1
snd 4.509 - A - D 174001 1000 1
snd 4.509 - A - D 175001 1000 1
rcv 4.509 - A - - 1 0 168001
rcv 4.513 - A - - 1 0 168001
rcv 4.513 - A - - 1 0 173001
snd 4.514 - A - D 176001 1000 1
snd 4.515 - A - D 177001 1000 1
snd 4.515 - A - D 178001 1000 1
snd 4.515 - A - D 179001 1000 1
snd 4.515 - A - D 180001 1000 1
rcv 4.524 - A - - 1 0 173001
rcv 4.548 - A - - 1 0 173001
rcv 4.549 - A - - 1 0 173001
snd 4.549 - A - D 173001 1000 1
rcv 4.592 - A - - 1 0 173001
rcv 4.596 - A - - 1 0 173001
rcv 4.597 - A - - 1 0 173001
rcv 4.602 - A - - 1 0 173001
rcv 4.604 - A - - 1 0 173001
rcv 4.649 - A - - 1 0 180001
snd 4.650 - A - D 181001 1000 1
snd 4.650 - A - D 182001 1000 1
snd 4.650 - A - D 183001 1000 1
snd 4.652 - A - D 184001 1000 1
snd 4.652 - A - D 185001 1000 1
snd 4.652 - A - D 186001 1000 1
snd 4.653 - A - D 187001 1000 1
rcv 4.727 - A - - 1 0 180001
snd 4.753 - A - D 180001 1000 1
snd 4.755 - A - D 181001 1000 1
snd 4.755 - A - D 182001 1000 1
snd 4.756 - A - D 183001 1000 1
snd 4.757 - A - D 184001 1000 1
snd 4.757 - A - D 185001 1000 1
snd 4.758 - A - D 186001 1000 1
snd 4.758 - A - D 187001 1000 1
rcv 4.758 - A - - 1 0 180001
rcv 4.800 - A - - 1 0 180001
snd 4.802 - A - D 180001 1000 1
rcv 4.802 - A - - 1 0 180001
rcv 4.802 - A - - 1 0 180001
rcv 4.873 - A - - 1 0 183001
snd 4.874 - A - D 188001 1000 1
snd 4.875 - A - D 189001 1000 1
snd 4.875 - A - D 190001 1000 1
rcv 4.877 - A - - 1 0 183001
rcv 4.920 - A - - 1 0 183001
rcv 4.921 - A - - 1 0 184001
snd 4.921 - A - D 191001 1000 1
rcv 4.921 - A - - 1 0 188001
snd 4.922 - A - D 192001 1000 1
snd 4.922 - A - D 193001 1000 1
snd 4.923 - A - D 194001 1000 1
snd 4.927 - A - D 195001 1000 1
rcv 4.928 - A - - 1 0 188001
rcv 4.931 - A - - 1 0 188001
rcv 4.931 - A - - 1 0 188001
snd 4.937 - A - D 188001 1000 1
rcv 4.937 - A - - 1 0 188001
rcv 4.981 - A - - 1 0 189001
snd 4.981 - A - D 196001 1000 1
rcv 4.988 - A - - 1 0 190001
snd 4.989 - A - D 197001 1000 1
rcv 4.990 - A - - 1 0 191001
snd 4.990 - A - D 198001 1000 1
rcv 5.052 - A - - 1 0 191001
rcv 5.052 - A - - 1 0 191001
rcv 5.052 - A - - 1 0 191001
snd 5.058 - A - D 191001 1000 1
rcv 5.058 - A - - 1 0 191001
rcv 5.058 - A - - 1 0 191001
rcv 5.113 - A - - 1 0 191001
rcv 5.157 - A - - 1 0 191001
rcv 5.157 - A - - 1 0 191001
rcv 5.178 - A - - 1 0 199001
snd 5.178 - A - D 199001 1000 1
snd 5.179 - A - D 200001 1000 1
snd 5.179 - A - D 201001 1000 1
snd 5.180 - A - D 202001 1000 1
snd 5.180 - A - D 203001 1000 1
snd 5.180 - A - D 204001 1000 1
snd 5.181 - A - D 205001 1000 1
snd 5.181 - A - D 206001 1000 1
snd 5.367 - A - D 199001 1000 1
snd 5.367 - A - D 200001 1000 1
snd 5.367 - A - D 201001 1000 1
snd 5.367 - A - D 202001 1000 1
snd 5.368 - A - D 203001 1000 1
snd 5.368 - A - D 204001 1000 1
snd 5.368 - A - D 205001 1000 1
snd 5.368 - A - D 206001 1000 1
rcv 5.370 - A - - 1 0 200001
snd 5.370 - A - D 207001 1000 1
rcv 5.370 - A - - 1 0 201001
snd 5.370 - A - D 208001 1000 1
rcv 5.370 - A - - 1 0 201001
rcv 5.371 - A - - 1 0 201001
rcv 5.413 - A - - 1 0 201001
snd 5.416 - A - D 201001 1000 1
rcv 5.468 - A - - 1 0 201001
rcv 5.474 - A - - 1 0 204001
snd 5.474 - A - D 209001 1000 1
snd 5.475 - A - D 210001 1000 1
snd 5.475 - A - D 211001 1000 1
rcv 5.476 - A - - 1 0 204001
rcv 5.520 - A - - 1 0 204001
rcv 5.521 - A - - 1 0 204001
snd 5.522 - A - D 204001 1000 1
rcv 5.522 - A - - 1 0 204001
rcv 5.523 - A - - 1 0 204001
rcv 5.575 - A - - 1 0 204001
rcv 5.656 - A - - 1 0 204001
rcv 5.656 - A - - 1 0 204001
rcv 5.656 - A - - 1 0 204001
rcv 5.674 - A - - 1 0 207001
snd 5.675 - A - D 212001 1000 1
snd 5.676 - A - D 213001 1000 1
snd 5.676 - A - D 214001 1000 1
snd 5.676 - A - D 207001 1000 1
snd 5.677 - A - D 208001 1000 1
snd 5.677 - A - D 209001 1000 1
snd 5.677 - A - D 210001 1000 1
snd 5.678 - A - D 211001 1000 1
snd 5.678 - A - D 212001 1000 1
snd 5.678 - A - D 213001 1000 1
snd 5.679 - A - D 214001 1000 1
rcv 5.753 - A - - 1 0 207001
rcv 5.812 - A - - 1 0 207001
rcv 5.813 - A - - 1 0 207001
snd 5.814 - A - D 207001 1000 1
rcv 5.815 - A - - 1 0 215001
snd 5.816 - A - D 215001 1000 1
snd 5.816 - A - D 216001 1000 1
snd 5.817 - A - D 217001 1000 1
snd 5.817 - A - D 218001 1000 1
snd 5.817 - A - D 219001 1000 1
snd 5.818 - A - D 220001 1000 1
snd 5.818 - A - D 221001 1000 1
snd 5.819 - A - D 222001 1000 1
rcv 5.820 - A - - 1 0 215001
rcv 5.867 - A - - 1 0 215001
rcv 5.867 - A - - 1 0 215001
snd 5.867 - A - D 215001 1000 1
rcv 5.867 - A - - 1 0 215001
rcv 5.924 - A - - 1 0 215001
rcv 5.924 - A - - 1 0 215001
rcv 5.925 - A - - 1 0 215001
rcv 5.925 - A - - 1 0 215001
rcv 5.925 - A - - 1 0 215001
rcv 5.925 - A - - 1 0 215001
rcv 5.937 - A - - 1 0 215001
snd 6.105 - A - D 215001 1000 1
snd 6.110 - A - D 216001 1000 1
snd 6.111 - A - D 217001 1000 1
snd 6.111 - A - D 218001 1000 1
snd 6.113 - A - D 219001 1000 1
snd 6.114 - A - D 220001 1000 1
snd 6.115 - A - D 221001 1000 1
snd 6.115 - A - D 222001 1000 1
rcv 6.224 - A - - 1 0 223001
snd 6.227 - A - D 223001 1000 1
snd 6.232 - A - D 224001 1000 1
snd 6.233 - A - D 225001 1000 1
snd 6.234 - A - D 226001 1000 1
snd 6.234 - A - D 227001 1000 1
snd 6.240 - A - D 228001 1000 1
snd 6.241 - A - D 229001 1000 1
snd 6.241 - A - D 230001 1000 1
rcv 6.284 - A - - 1 0 223001
rcv 6.285 - A - - 1 0 223001
rcv 6.285 - A - - 1 0 223001
snd 6.285 - A - D 223001 1000 1
rcv 6.409 - A - - 1 0 223001
rcv 6.409 - A - - 1 0 223001
rcv 6.410 - A - - 1 0 223001
rcv 6.410 - A - - 1 0 223001
rcv 6.410 - A - - 1 0 224001
snd 6.410 - A - D 231001 1000 1
snd 6.448 - A - D 224001 1000 1
snd 6.448 - A - D 225001 1000 1
snd 6.448 - A - D 226001 1000 1
snd 6.449 - A - D 227001 1000 1
snd 6.459 - A - D 228001 1000 1
snd 6.464 - A - D 229001 1000 1
snd 6.466 - A - D 230001 1000 1
snd 6.467 - A - D 231001 1000 1
rcv 6.467 - A - - 1 0 224001
rcv 6.514 - A - - 1 0 229001
snd 6.514 - A - D 232001 1000 1
snd 6.514 - A - D 233001 1000 1
snd 6.521 - A - D 234001 1000 1
snd 6.521 - A - D 235001 1000 1
snd 6.523 - A - D 236001 1000 1
rcv 6.526 - A - - 1 0 229001
rcv 6.526 - A - - 1 0 229001
rcv 6.526 - A - - 1 0 229001
snd 6.528 - A - D 229001 1000 1
rcv 6.528 - A - - 1 0 229001
rcv 6.572 - A - - 1 0 232001
snd 6.574 - A - D 237001 1000 1
snd 6.574 - A - D 238001 1000 1
snd 6.574 - A - D 239001 1000 1
rcv 6.634 - A - - 1 0 232001
rcv 6.634 - A - - 1 0 232001
rcv 6.634 - A - - 1 0 233001
snd 6.635 - A - D 240001 1000 1
rcv 6.649 - A - - 1 0 234001
snd 6.649 - A - D 241001 1000 1
rcv 6.652 - A - - 1 0 235001
snd 6.656 - A - D 242001 1000 1
rcv 6.656 - A - - 1 0 236001
snd 6.656 - A - D 243001 1000 1
rcv 6.656 - A - - 1 0 237001
snd 6.656 - A - D 244001 1000 1
rcv 6.656 - A - - 1 0 237001
rcv 6.656 - A - - 1 0 238001
snd 6.657 - A - D 245001 1000 1
rcv 6.707 - A - - 1 0 239001
snd 6.711 - A - D 246001 1000 1
rcv 6.711 - A - - 1 0 240001
snd 6.713 - A - D 247001 1000 1
rcv 6.713 - A - - 1 0 241001
snd 6.714 - A - D 248001 1000 1
rcv 6.779 - A - - 1 0 242001
snd 6.779 - A - D 249001 1000 1
rcv 6.821 - A - - 1 0 243001
snd 6.823 - A - D 250001 1000 1
rcv 6.824 - A - - 1 0 243001
rcv 6.873 - A - - 1 0 243001
snd 6.895 - A - D 243001 1000 1
snd 6.896 - A - D 244001 1000 1
snd 6.896 - A - D 245001 1000 1
snd 6.897 - A - D 246001 1000 1
snd 6.897 - A - D 247001 1000 1
snd 6.908 - A - D 248001 1000 1
snd 6.908 - A - D 249001 1000 1
snd 6.908 - A - D 250001 1000 1
rcv 6.908 - A - - 1 0 243001
snd 6.909 - A - D 243001 1000 1
rcv 6.909 - A - - 1 0 243001
rcv 6.965 - A - - 1 0 243001
rcv 7.030 - A - - 1 0 246001
snd 7.031 - A - D 251001 1000 1
snd 7.039 - A - D 252001 1000 1
snd 7.039 - A - D 253001 1000 1
rcv 7.040 - A - - 1 0 246001
rcv 7.085 - A - - 1 0 246001
rcv 7.085 - A - - 1 0 249001
snd 7.086 - A - D 254001 1000 1
snd 7.086 - A - D 255001 1000 1
snd 7.087 - A - D 256001 1000 1
rcv 7.087 - A - - 1 0 249001
rcv 7.088 - A - - 1 0 249001
rcv 7.088 - A - - 1 0 251001
snd 7.090 - A - D 257001 1000 1
snd 7.091 - A - D 258001 1000 1
rcv 7.091 - A - - 1 0 251001
rcv 7.165 - A - - 1 0 252001
snd 7.167 - A - D 259001 1000 1
rcv 7.167 - A - - 1 0 253001
snd 7.168 - A - D 260001 1000 1
rcv 7.184 - A - - 1 0 255001
snd 7.184 - A - D 261001 1000 1
snd 7.184 - A - D 262001 1000 1
rcv 7.236 - A - - 1 0 256001
snd 7.236 - A - D 263001 1000 1
rcv 7.237 - A - - 1 0 257001
snd 7.237 - A - D 264001 1000 1
rcv 7.237 - A - - 1 0 258001
snd 7.238 - A - D 265001 1000 1
rcv 7.238 - A - - 1 0 259001
snd 7.238 - A - D 266001 1000 1
rcv 7.284 - A - - 1 0 260001
snd 7.285 - A - D 267001 1000 1
rcv 7.289 - A - - 1 0 261001
snd 7.289 - A - D 268001 1000 1
rcv 7.290 - A - - 1 0 262001
snd 7.290 - A - D 269001 1000 1
rcv 7.292 - A - - 1 0 263001
snd 7.292 - A - D 270001 1000 1
rcv 7.404 - A - - 1 0 264001
snd 7.406 - A - D 271001 1000 1
rcv 7.413 - A - - 1 0 264001
rcv 7.413 - A - - 1 0 264001
rcv 7.414 - A - - 1 0 264001
snd 7.416 - A - D 264001 1000 1
rcv 7.475 - A - - 1 0 264001
rcv 7.475 - A - - 1 0 264001
rcv 7.475 - A - - 1 0 264001
rcv 7.552 - A - - 1 0 264001
rcv 7.552 - A - - 1 0 272001
snd 7.553 - A - D 272001 1000 1
snd 7.553 - A - D 273001 1000 1
snd 7.554 - A - D 274001 1000 1
snd 7.554 - A - D 275001 1000 1
snd 7.555 - A - D 276001 1000 1
snd 7.555 - A - D 277001 1000 1
snd 7.555 - A - D 278001 1000 1
snd 7.556 - A - D 279001 1000 1
rcv 7.638 - A - - 1 0 273001
snd 7.639 - A - D 280001 1000 1
rcv 7.699 - A - - 1 0 274001
snd 7.701 - A - D 281001 1000 1
rcv 7.702 - A - - 1 0 275001
snd 7.702 - A - D 282001 1000 1
rcv 7.702 - A - - 1 0 276001
snd 7.735 - A - D 283001 1000 1
rcv 7.736 - A - - 1 0 277001
snd 7.739 - A - D 284001 1000 1
rcv 7.739 - A - - 1 0 278001
snd 7.742 - A - D 285001 1000 1
rcv 7.743 - A - - 1 0 279001
snd 7.743 - A - D 286001 1000 1
rcv 7.743 - A - - 1 0 281001
snd 7.743 - A - D 287001 1000 1
snd 7.743 - A - D 288001 1000 1
rcv 7.793 - A - - 1 0 282001
snd 7.794 - A - D 289001 1000 1
rcv 7.794 - A - - 1 0 283001
snd 7.794 - A - D 290001 1000 1
rcv 7.794 - A - - 1 0 284001
snd 7.796 - A - D 291001 1000 1
rcv 7.856 - A - - 1 0 285001
snd 7.857 - A - D 292001 1000 1
rcv 7.860 - A - - 1 0 285001
rcv 7.913 - A - - 1 0 285001
rcv 7.917 - A - - 1 0 285001
snd 7.917 - A - D 285001 1000 1
rcv 7.918 - A - - 1 0 285001
rcv 7.961 - A - - 1 0 285001
rcv 8.052 - A - - 1 0 287001
snd 8.053 - A - D 293001 1000 1
snd 8.054 - A - D 294001 1000 1
snd 8.054 - A - D 287001 1000 1
snd 8.054 - A - D 288001 1000 1
snd 8.054 - A - D 289001 1000 1
snd 8.055 - A - D 290001 1000 1
snd 8.056 - A - D 291001 1000 1
snd 8.056 - A - D 292001 1000 1
snd 8.056 - A - D 293001 1000 1
snd 8.057 - A - D 294001 1000 1
rcv 8.179 - A - - 1 0 287001
rcv 8.179 - A - - 1 0 290001
snd 8.180 - A - D 295001 1000 1
snd 8.180 - A - D 296001 1000 1
snd 8.181 - A - D 297001 1000 1
rcv 8.181 - A - - 1 0 290001
rcv 8.182 - A - - 1 0 290001
rcv 8.182 - A - - 1 0 293001
snd 8.183 - A - D 298001 1000 1
snd 8.184 - A - D 299001 1000 1
snd 8.184 - A - D 300001 1000 1
rcv 8.184 - A - - 1 0 293001
rcv 8.184 - A - - 1 0 295001
snd 8.186 - A - D 301001 1000 1
snd 8.187 - A - D 302001 1000 1
rcv 8.211 - A - - 1 0 295001
rcv 8.311 - A - - 1 0 296001
snd 8.311 - A - D 303001 1000 1
rcv 8.316 - A - - 1 0 297001
snd 8.317 - A - D 304001 1000 1
snd 8.355 - A - D 297001 1000 1
snd 8.356 - A - D 298001 1000 1
snd 8.356 - A - D 299001 1000 1
snd 8.356 - A - D 300001 1000 1
snd 8.357 - A - D 301001 1000 1
snd 8.357 - A - D 302001 1000 1
snd 8.357 - A - D 303001 1000 1
snd 8.358 - A - D 304001 1000 1
rcv 8.359 - A - - 1 0 298001
snd 8.359 - A - D 305001 1000 1
rcv 8.359 - A - - 1 0 299001
snd 8.359 - A - D 306001 1000 1
rcv 8.360 - A - - 1 0 299001
rcv 8.360 - A - - 1 0 299001
rcv 8.407 - A - - 1 0 299001
snd 8.408 - A - D 299001 1000 1
rcv 8.460 - A - - 1 0 299001
rcv 8.460 - A - - 1 0 299001
rcv 8.460 - A - - 1 0 302001
snd 8.462 - A - D 307001 1000 1
snd 8.462 - A - D 308001 1000 1
snd 8.463 - A - D 309001 1000 1
rcv 8.463 - A - - 1 0 302001
rcv 8.463 - A - - 1 0 302001
rcv 8.463 - A - - 1 0 305001
snd 8.463 - A - D 310001 1000 1
snd 8.464 - A - D 311001 1000 1
snd 8.464 - A - D 312001 1000 1
rcv 8.473 - A - - 1 0 305001
rcv 8.517 - A - - 1 0 306001
snd 8.517 - A - D 313001 1000 1
rcv 8.517 - A - - 1 0 307001
snd 8.517 - A - D 314001 1000 1
rcv 8.574 - A - - 1 0 307001
rcv 8.574 - A - - 1 0 308001
snd 8.576 - A - D 315001 1000 1
rcv 8.644 - A - - 1 0 309001
snd 8.644 - A - D 316001 1000 1
rcv 8.646 - A - - 1 0 310001
snd 8.646 - A - D 317001 1000 1
rcv 8.646 - A - - 1 0 311001
snd 8.647 - A - D 318001 1000 1
rcv 8.647 - A - - 1 0 312001
snd 8.647 - A - D 319001 1000 1
rcv 8.648 - A - - 1 0 313001
snd 8.648 - A - D 320001 1000 1
rcv 8.649 - A - - 1 0 314001
snd 8.649 - A - D 321001 1000 1
rcv 8.649 - A - - 1 0 315001
snd 8.650 - A - D 322001 1000 1
rcv 8.715 - A - - 1 0 315001
rcv 8.759 - A - - 1 0 315001
rcv 8.760 - A - - 1 0 315001
snd 8.760 - A - D 315001 1000 1
rcv 8.760 - A - - 1 0 315001
rcv 8.760 - A - - 1 0 315001
rcv 8.774 - A - - 1 0 315001
rcv 8.774 - A - - 1 0 315001
snd 9.030 - A - D 315001 1000 1
snd 9.030 - A - D 316001 1000 1
snd 9.031 - A - D 317001 1000 1
snd 9.034 - A - D 318001 1000 1
snd 9.035 - A - D 319001 1000 1
snd 9.036 - A - D 320001 1000 1
snd 9.036 - A - D 321001 1000 1
snd 9.036 - A - D 322001 1000 1
rcv 9.156 - A - - 1 0 323001
snd 9.157 - A - D 323001 1000 1
snd 9.157 - A - D 324001 1000 1
snd 9.161 - A - D 325001 1000 1
snd 9.161 - A - D 326001 1000 1
snd 9.161 - A - D 327001 1000 1
snd 9.161 - A - D 328001 1000 1
snd 9.161 - A - D 329001 1000 1
snd 9.162 - A - D 330001 1000 1
rcv 9.163 - A - - 1 0 323001
rcv 9.204 - A - - 1 0 323001
rcv 9.205 - A - - 1 0 323001
snd 9.207 - A - D 323001 1000 1
rcv 9.207 - A - - 1 0 323001
rcv 9.254 - A - - 1 0 324001
snd 9.255 - A - D 331001 1000 1
rcv 9.255 - A - - 1 0 324001
rcv 9.296 - A - - 1 0 324001
rcv 9.333 - A - - 1 0 324001
snd 9.333 - A - D 324001 1000 1
rcv 9.334 - A - - 1 0 324001
rcv 9.386 - A - - 1 0 324001
snd 9.613 - A - D 324001 1000 1
snd 9.614 - A - D 325001 1000 1
snd 9.614 - A - D 326001 1000 1
snd 9.615 - A - D 327001 1000 1
snd 9.615 - A - D 328001 1000 1
snd 9.615 - A - D 329001 1000 1
snd 9.616 - A - D 330001 1000 1
snd 9.616 - A - D 331001 1000 1
rcv 9.684 - A - - 1 0 327001
snd 9.685 - A - D 332001 1000 1
snd 9.685 - A - D 333001 1000 1
snd 9.685 - A - D 334001 1000 1
rcv 9.705 - A - - 1 0 332001
snd 9.706 - A - D 335001 1000 1
snd 9.706 - A - D 336001 1000 1
snd 9.707 - A - D 337001 1000 1
snd 9.707 - A - D 338001 1000 1
snd 9.707 - A - D 339001 1000 1
rcv 9.755 - A - - 1 0 332001
rcv 9.755 - A - - 1 0 332001
rcv 9.755 - A - - 1 0 332001
snd 9.757 - A - D 332001 1000 1
rcv 9.757 - A - - 1 0 332001
rcv 9.808 - A - - 1 0 333001
snd 9.808 - A - D 340001 1000 1
rcv 9.809 - A - - 1 0 334001
snd 9.810 - A - D 341001 1000 1
rcv 9.810 - A - - 1 0 335001
snd 9.810 - A - D 342001 1000 1
rcv 9.880 - A - - 1 0 335001
rcv 9.880 - A - - 1 0 335001
rcv 9.881 - A - - 1 0 335001
snd 9.883 - A - D 335001 1000 1
rcv 9.883 - A - - 1 0 335001
rcv 9.884 - A - - 1 0 335001
rcv 9.929 - A - - 1 0 335001
rcv 9.972 - A - - 1 0 335001
rcv 9.993 - A - - 1 0 341001
snd 9.994 - A - D 343001 1000 1
snd 9.994 - A - D 344001 1000 1
snd 9.994 - A - D 345001 1000 1
snd 9.994 - A - D 346001 1000 1
snd 9.995 - A - D 347001 1000 1
snd 9.995 - A - D 348001 1000 1
snd 10.011 - A - D 341001 1000 1
snd 10.011 - A - D 342001 1000 1
snd 10.011 - A - D 343001 1000 1
snd 10.012 - A - D 344001 1000 1
snd 10.012 - A - D 345001 1000 1
snd 10.012 - A - D 346001 1000 1
snd 10.012 - A - D 347001 1000 1
snd 10.013 - A - D 348001 1000 1
rcv 10.108 - A - - 1 0 341001
rcv 10.112 - A - - 1 0 341001
rcv 10.157 - A - - 1 0 341001
snd 10.158 - A - D 341001 1000 1
rcv 10.158 - A - - 1 0 341001
rcv 10.158 - A - - 1 0 341001
rcv 10.158 - A - - 1 0 344001
snd 10.159 - A - D 349001 1000 1
snd 10.159 - A - D 350001 1000 1
snd 10.160 - A - D 351001 1000 1
rcv 10.160 - A - - 1 0 344001
rcv 10.160 - A - - 1 0 344001
rcv 10.160 - A - - 1 0 349001
snd 10.160 - A - D 352001 1000 1
snd 10.161 - A - D 353001 1000 1
snd 10.161 - A - D 354001 1000 1
snd 10.162 - A - D 355001 1000 1
snd 10.163 - A - D 356001 1000 1
rcv 10.163 - A - - 1 0 349001
rcv 10.165 - A - - 1 0 349001
rcv 10.165 - A - - 1 0 349001
snd 10.167 - A - D 349001 1000 1
rcv 10.167 - A - - 1 0 349001
rcv 10.264 - A - - 1 0 349001
rcv 10.264 - A - - 1 0 350001
snd 10.265 - A - D 357001 1000 1
rcv 10.268 - A - - 1 0 351001
snd 10.268 - A - D 358001 1000 1
rcv 10.272 - A - - 1 0 352001
snd 10.272 - A - D 359001 1000 1
rcv 10.273 - A - - 1 0 353001
snd 10.273 - A - D 360001 1000 1
rcv 10.274 - A - - 1 0 354001
snd 10.274 - A - D 361001 1000 1
rcv 10.274 - A - - 1 0 355001
snd 10.275 - A - D 362001 1000 1
rcv 10.275 - A - - 1 0 356001
snd 10.275 - A - D 363001 1000 1
rcv 10.276 - A - - 1 0 357001
snd 10.277 - A - D 364001 1000 1
rcv 10.277 - A - - 1 0 357001
rcv 10.369 - A - - 1 0 358001
snd 10.369 - A - D 365001 1000 1
snd 10.429 - A - D 358001 1000 1
snd 10.430 - A - D 359001 1000 1
snd 10.430 - A - D 360001 1000 1
snd 10.430 - A - D 361001 1000 1
snd 10.430 - A - D 362001 1000 1
snd 10.431 - A - D 363001 1000 1
snd 10.431 - A - D 364001 1000 1
snd 10.431 - A - D 365001 1000 1
rcv 10.435 - A - - 1 0 360001
snd 10.444 - A - D 366001 1000 1
snd 10.444 - A - D 367001 1000 1
rcv 10.444 - A - - 1 0 360001
rcv 10.444 - A - - 1 0 360001
rcv 10.444 - A - - 1 0 360001
snd 10.447 - A - D 360001 1000 1
rcv 10.447 - A - - 1 0 360001
rcv 10.489 - A - - 1 0 360001
rcv 10.501 - A - - 1 0 360001
rcv 10.564 - A - - 1 0 360001
rcv 10.565 - A - - 1 0 366001
snd 10.565 - A - D 368001 1000 1
snd 10.565 - A - D 369001 1000 1
snd 10.566 - A - D 370001 1000 1
snd 10.566 - A - D 371001 1000 1
snd 10.567 - A - D 372001 1000 1
snd 10.567 - A - D 373001 1000 1
rcv 10.569 - A - - 1 0 366001
rcv 10.612 - A - - 1 0 366001
rcv 10.612 - A - - 1 0 366001
snd 10.615 - A - D 366001 1000 1
rcv 10.616 - A - - 1 0 366001
rcv 10.616 - A - - 1 0 367001
snd 10.616 - A - D 374001 1000 1
rcv 10.616 - A - - 1 0 368001
snd 10.620 - A - D 375001 1000 1
rcv 10.620 - A - - 1 0 368001
rcv 10.668 - A - - 1 0 369001
snd 10.669 - A - D 376001 1000 1
rcv 10.669 - A - - 1 0 370001
snd 10.669 - A - D 377001 1000 1
rcv 10.716 - A - - 1 0 371001
snd 10.717 - A - D 378001 1000 1
rcv 10.717 - A - - 1 0 372001
snd 10.717 - A - D 379001 1000 1
rcv 10.717 - A - - 1 0 373001
snd 10.717 - A - D 380001 1000 1
rcv 10.717 - A - - 1 0 374001
snd 10.718 - A - D 381001 1000 1
rcv 10.718 - A - - 1 0 374001
rcv 10.721 - A - - 1 0 375001
snd 10.722 - A - D 382001 1000 1
rcv 10.722 - A - - 1 0 376001
snd 10.722 - A - D 383001 1000 1
rcv 10.786 - A - - 1 0 377001
snd 10.787 - A - D 384001 1000 1
rcv 10.787 - A - - 1 0 378001
snd 10.793 - A - D 385001 1000 1
rcv 10.839 - A - - 1 0 379001
snd 10.839 - A - D 386001 1000 1
rcv 10.841 - A - - 1 0 380001
snd 10.841 - A - D 387001 1000 1
rcv 10.890 - A - - 1 0 380001
snd 10.896 - A - D 380001 1000 1
snd 10.896 - A - D 381001 1000 1
snd 10.897 - A - D 382001 1000 1
snd 10.897 - A - D 383001 1000 1
snd 10.897 - A - D 384001 1000 1
snd 10.898 - A - D 385001 1000 1
snd 10.898 - A - D 386001 1000 1
snd 10.898 - A - D 387001 1000 1
rcv 10.948 - A - - 1 0 380001
rcv 10.948 - A - - 1 0 380001
snd 10.949 - A - D 380001 1000 1
rcv 11.001 - A - - 1 0 380001
rcv 11.001 - A - - 1 0 380001
rcv 11.001 - A - - 1 0 383001
snd 11.004 - A - D 388001 1000 1
snd 11.006 - A - D 389001 1000 1
snd 11.006 - A - D 390001 1000 1
rcv 11.007 - A - - 1 0 383001
rcv 11.007 - A - - 1 0 383001
rcv 11.010 - A - - 1 0 388001
snd 11.012 - A - D 391001 1000 1
snd 11.012 - A - D 392001 1000 1
snd 11.013 - A - D 393001 1000 1
snd 11.013 - A - D 394001 1000 1
snd 11.014 - A - D 395001 1000 1
rcv 11.014 - A - - 1 0 388001
rcv 11.058 - A - - 1 0 388001
rcv 11.058 - A - - 1 0 388001
snd 11.059 - A - D 388001 1000 1
rcv 11.060 - A - - 1 0 388001
rcv 11.060 - A - - 1 0 388001
rcv 11.162 - A - - 1 0 389001
snd 11.163 - A - D 396001 1000 1
rcv 11.163 - A - - 1 0 390001
snd 11.163 - A - D 397001 1000 1
rcv 11.163 - A - - 1 0 391001
snd 11.164 - A - D 398001 1000 1
rcv 11.164 - A - - 1 0 392001
snd 11.164 - A - D 399001 1000 1
rcv 11.164 - A - - 1 0 393001
snd 11.164 - A - D 400001 1000 1
rcv 11.164 - A - - 1 0 394001
snd 11.165 - A - D 401001 1000 1
rcv 11.165 - A - - 1 0 395001
snd 11.165 - A - D 402001 1000 1
rcv 11.165 - A - - 1 0 396001
snd 11.166 - A - D 403001 1000 1
rcv 11.166 - A - - 1 0 396001
rcv 11.272 - A - - 1 0 397001
snd 11.273 - A - D 404001 1000 1
rcv 11.273 - A - - 1 0 398001
snd 11.273 - A - D 405001 1000 1
rcv 11.274 - A - - 1 0 399001
snd 11.274 - A - D 406001 1000 1
rcv 11.274 - A - - 1 0 400001
snd 11.274 - A - D 407001 1000 1
rcv 11.274 - A - - 1 0 401001
snd 11.275 - A - D 408001 1000 1
rcv 11.275 - A - - 1 0 402001
snd 11.275 - A - D 409001 1000 1
rcv 11.275 - A - - 1 0 403001
snd 11.275 - A - D 410001 1000 1
rcv 11.276 - A - - 1 0 404001
snd 11.277 - A - D 411001 1000 1
rcv 11.401 - A - - 1 0 405001
snd 11.401 - A - D 412001 1000 1
rcv 11.401 - A - - 1 0 406001
snd 11.404 - A - D 413001 1000 1
rcv 11.404 - A - - 1 0 407001
snd 11.404 - A - D 414001 1000 1
rcv 11.404 - A - - 1 0 408001
snd 11.405 - A - D 415001 1000 1
rcv 11.405 - A - - 1 0 409001
snd 11.405 - A - D 416001 1000 1
snd 11.438 - A - D 409001 1000 1
snd 11.439 - A - D 410001 1000 1
snd 11.440 - A - D 411001 1000 1
snd 11.441 - A - D 412001 1000 1
snd 11.442 - A - D 413001 1000 1
snd 11.442 - A - D 414001 1000 1
snd 11.442 - A - D 415001 1000 1
snd 11.442 - A - D 416001 1000 1
rcv 11.442 - A - - 1 0 409001
rcv 11.493 - A - - 1 0 409001
rcv 11.493 - A - - 1 0 409001
snd 11.494 - A - D 409001 1000 1
rcv 11.549 - A - - 1 0 409001
rcv 11.555 - A - - 1 0 412001
snd 11.555 - A - D 417001 1000 1
snd 11.556 - A - D 418001 1000 1
snd 11.556 - A - D 419001 1000 1
rcv 11.556 - A - - 1 0 412001
snd 11.599 - A - D 412001 1000 1
snd 11.599 - A - D 413001 1000 1
snd 11.600 - A - D 414001 1000 1
snd 11.601 - A - D 415001 1000 1
snd 11.601 - A - D 416001 1000 1
snd 11.601 - A - D 417001 1000 1
snd 11.602 - A - D 418001 1000 1
snd 11.603 - A - D 419001 1000 1
rcv 11.603 - A - - 1 0 417001
snd 11.603 - A - D 420001 1000 1
snd 11.604 - A - D 421001 1000 1
snd 11.604 - A - D 422001 1000 1
snd 11.606 - A - D 423001 1000 1
snd 11.607 - A - D 424001 1000 1
rcv 11.607 - A - - 1 0 417001
rcv 11.607 - A - - 1 0 417001
rcv 11.607 - A - - 1 0 417001
snd 11.608 - A - D 417001 1000 1
rcv 11.609 - A - - 1 0 417001
rcv 11.609 - A - - 1 0 417001
rcv 11.673 - A - - 1 0 419001
snd 11.674 - A - D 425001 1000 1
snd 11.674 - A - D 426001 1000 1
rcv 11.697 - A - - 1 0 420001
snd 11.697 - A - D 427001 1000 1
rcv 11.745 - A - - 1 0 420001
rcv 11.746 - A - - 1 0 420001
rcv 11.746 - A - - 1 0 420001
snd 11.747 - A - D 420001 1000 1
rcv 11.747 - A - - 1 0 420001
rcv 11.747 - A - - 1 0 420001
rcv 11.747 - A - - 1 0 420001
rcv 11.748 - A - - 1 0 421001
snd 11.748 - A - D 428001 1000 1
rcv 11.748 - A - - 1 0 422001
snd 11.748 - A - D 429001 1000 1
rcv 11.748 - A - - 1 0 423001
snd 11.749 - A - D 430001 1000 1
rcv 11.749 - A - - 1 0 424001
snd 11.749 - A - D 431001 1000 1
rcv 11.749 - A - - 1 0 425001
snd 11.749 - A - D 432001 1000 1
rcv 11.750 - A - - 1 0 425001
rcv 11.817 - A - - 1 0 426001
snd 11.818 - A - D 433001 1000 1
rcv 11.818 - A - - 1 0 427001
snd 11.819 - A - D 434001 1000 1
rcv 11.825 - A - - 1 0 428001
snd 11.825 - A - D 435001 1000 1
rcv 11.869 - A - - 1 0 428001
rcv 11.874 - A - - 1 0 429001
snd 11.874 - A - D 436001 1000 1
rcv 11.875 - A - - 1 0 430001
snd 11.875 - A - D 437001 1000 1
rcv 11.876 - A - - 1 0 431001
snd 11.876 - A - D 438001 1000 1
rcv 11.877 - A - - 1 0 432001
snd 11.877 - A - D 439001 1000 1
rcv 11.878 - A - - 1 0 433001
snd 11.879 - A - D 440001 1000 1
rcv 11.901 - A - - 1 0 434001
snd 11.902 - A - D 441001 1000 1
rcv 11.951 - A - - 1 0 435001
snd 11.951 - A - D 442001 1000 1
snd 12.015 - A - D 435001 1000 1
snd 12.016 - A - D 436001 1000 1
snd 12.016 - A - D 437001 1000 1
snd 12.016 - A - D 438001 1000 1
snd 12.016 - A - D 439001 1000 1
snd 12.017 - A - D 440001 1000 1
snd 12.017 - A - D 441001 1000 1
snd 12.017 - A - D 442001 1000 1
rcv 12.022 - A - - 1 0 436001
snd 12.022 - A - D 443001 1000 1
rcv 12.022 - A - - 1 0 437001
snd 12.023 - A - D 444001 1000 1
rcv 12.023 - A - - 1 0 438001
snd 12.023 - A - D 445001 1000 1
rcv 12.026 - A - - 1 0 439001
snd 12.029 - A - D 446001 1000 1
rcv 12.030 - A - - 1 0 440001
snd 12.030 - A - D 447001 1000 1
rcv 12.030 - A - - 1 0 441001
snd 12.033 - A - D 448001 1000 1
rcv 12.077 - A - - 1 0 442001
snd 12.078 - A - D 449001 1000 1
rcv 12.129 - A - - 1 0 442001
rcv 12.134 - A - - 1 0 442001
rcv 12.134 - A - - 1 0 442001
snd 12.135 - A - D 442001 1000 1
rcv 12.135 - A - - 1 0 442001
rcv 12.135 - A - - 1 0 442001
rcv 12.135 - A - - 1 0 443001
snd 12.135 - A - D 450001 1000 1
rcv 12.135 - A - - 1 0 444001
snd 12.136 - A - D 451001 1000 1
rcv 12.136 - A - - 1 0 445001
snd 12.136 - A - D 452001 1000 1
rcv 12.136 - A - - 1 0 446001
snd 12.137 - A - D 453001 1000 1
rcv 12.137 - A - - 1 0 447001
snd 12.137 - A - D 454001 1000 1
rcv 12.199 - A - - 1 0 448001
snd 12.201 - A - D 455001 1000 1
rcv 12.204 - A - - 1 0 449001
snd 12.205 - A - D 456001 1000 1
rcv 12.205 - A - - 1 0 450001
snd 12.205 - A - D 457001 1000 1
rcv 12.248 - A - - 1 0 450001
rcv 12.249 - A - - 1 0 451001
snd 12.249 - A - D 458001 1000 1
rcv 12.249 - A - - 1 0 452001
snd 12.250 - A - D 459001 1000 1
rcv 12.289 - A - - 1 0 452001
rcv 12.336 - A - - 1 0 452001
snd 12.370 - A - D 452001 1000 1
snd 12.370 - A - D 453001 1000 1
snd 12.370 - A - D 454001 1000 1
snd 12.371 - A - D 455001 1000 1
snd 12.371 - A - D 456001 1000 1
snd 12.373 - A - D 457001 1000 1
snd 12.374 - A - D 458001 1000 1
snd 12.374 - A - D 459001 1000 1
rcv 12.374 - A - - 1 0 452001
snd 12.374 - A - D 452001 1000 1
rcv 12.375 - A - - 1 0 452001
rcv 12.375 - A - - 1 0 452001
rcv 12.375 - A - - 1 0 452001
rcv 12.420 - A - - 1 0 452001
rcv 12.464 - A - - 1 0 460001
snd 12.465 - A - D 460001 1000 1
snd 12.466 - A - D 461001 1000 1
snd 12.466 - A - D 462001 1000 1
snd 12.467 - A - D 463001 1000 1
snd 12.467 - A - D 464001 1000 1
snd 12.467 - A - D 465001 1000 1
snd 12.468 - A - D 466001 1000 1
snd 12.468 - A - D 467001 1000 1
rcv 12.520 - A - - 1 0 460001
rcv 12.520 - A - - 1 0 460001
rcv 12.520 - A - - 1 0 460001
snd 12.523 - A - D 460001 1000 1
rcv 12.535 - A - - 1 0 460001
rcv 12.535 - A - - 1 0 460001
rcv 12.535 - A - - 1 0 460001
rcv 12.576 - A - - 1 0 460001
rcv 12.628 - A - - 1 0 461001
snd 12.628 - A - D 468001 1000 1
rcv 12.629 - A - - 1 0 462001
snd 12.629 - A - D 469001 1000 1
rcv 12.629 - A - - 1 0 463001
snd 12.631 - A - D 470001 1000 1
rcv 12.631 - A - - 1 0 464001
snd 12.631 - A - D 471001 1000 1
rcv 12.631 - A - - 1 0 464001
rcv 12.631 - A - - 1 0 464001
rcv 12.632 - A - - 1 0 464001
snd 12.632 - A - D 464001 1000 1
rcv 12.633 - A - - 1 0 464001
rcv 12.730 - A - - 1 0 464001
rcv 12.772 - A - - 1 0 464001
rcv 12.797 - A - - 1 0 464001
rcv 12.798 - A - - 1 0 468001
snd 12.798 - A - D 472001 1000 1
snd 12.799 - A - D 473001 1000 1
snd 12.799 - A - D 474001 1000 1
snd 12.799 - A - D 475001 1000 1
snd 12.882 - A - D 468001 1000 1
snd 12.882 - A - D 469001 1000 1
snd 12.882 - A - D 470001 1000 1
snd 12.883 - A - D 471001 1000 1
snd 12.883 - A - D 472001 1000 1
snd 12.884 - A - D 473001 1000 1
snd 12.884 - A - D 474001 1000 1
snd 12.884 - A - D 475001 1000 1
rcv 12.932 - A - - 1 0 468001
rcv 12.932 - A - - 1 0 468001
rcv 12.932 - A - - 1 0 468001
snd 12.934 - A - D 468001 1000 1
rcv 12.934 - A - - 1 0 468001
rcv 12.997 - A - - 1 0 476001
snd 12.997 - A - D 476001 1000 1
snd 12.998 - A - D 477001 1000 1
snd 12.998 - A - D 478001 1000 1
snd 12.998 - A - D 479001 1000 1
snd 12.999 - A - D 480001 1000 1
snd 13.002 - A - D 481001 1000 1
snd 13.002 - A - D 482001 1000 1
snd 13.003 - A - D 483001 1000 1
rcv 13.003 - A - - 1 0 476001
rcv 13.003 - A - - 1 0 476001
rcv 13.003 - A - - 1 0 476001
snd 13.003 - A - D 476001 1000 1
rcv 13.006 - A - - 1 0 476001
rcv 13.096 - A - - 1 0 476001
rcv 13.096 - A - - 1 0 476001
rcv 13.097 - A - - 1 0 476001
rcv 13.097 - A - - 1 0 477001
snd 13.098 - A - D 484001 1000 1
rcv 13.100 - A - - 1 0 478001
snd 13.100 - A - D 485001 1000 1
rcv 13.101 - A - - 1 0 479001
snd 13.101 - A - D 486001 1000 1
rcv 13.101 - A - - 1 0 480001
snd 13.102 - A - D 487001 1000 1
rcv 13.102 - A - - 1 0 481001
snd 13.102 - A - D 488001 1000 1
rcv 13.144 - A - - 1 0 483001
snd 13.145 - A - D 489001 1000 1
snd 13.146 - A - D 490001 1000 1
rcv 13.146 - A - - 1 0 484001
snd 13.146 - A - D 491001 1000 1
rcv 13.146 - A - - 1 0 484001
rcv 13.191 - A - - 1 0 485001
snd 13.191 - A - D 492001 1000 1
rcv 13.234 - A - - 1 0 485001
rcv 13.235 - A - - 1 0 485001
rcv 13.244 - A - - 1 0 485001
snd 13.244 - A - D 485001 1000 1
rcv 13.308 - A - - 1 0 485001
rcv 13.313 - A - - 1 0 485001
rcv 13.381 - A - - 1 0 488001
snd 13.385 - A - D 493001 1000 1
snd 13.385 - A - D 494001 1000 1
snd 13.386 - A - D 495001 1000 1
snd 13.386 - A - D 488001 1000 1
snd 13.386 - A - D 489001 1000 1
snd 13.388 - A - D 490001 1000 1
snd 13.391 - A - D 491001 1000 1
snd 13.391 - A - D 492001 1000 1
snd 13.400 - A - D 493001 1000 1
snd 13.400 - A - D 494001 1000 1
snd 13.401 - A - D 495001 1000 1
rcv 13.448 - A - - 1 0 488001
rcv 13.497 - A - - 1 0 488001
rcv 13.497 - A - - 1 0 492001
snd 13.497 - A - D 496001 1000 1
snd 13.498 - A - D 497001 1000 1
snd 13.498 - A - D 498001 1000 1
snd 13.498 - A - D 499001 1000 1
rcv 13.499 - A - - 1 0 492001
rcv 13.500 - A - - 1 0 492001
rcv 13.544 - A - - 1 0 492001
snd 13.547 - A - D 492001 1000 1
rcv 13.548 - A - - 1 0 492001
rcv 13.551 - A - - 1 0 492001
rcv 13.593 - A - - 1 0 492001
rcv 13.640 - A - - 1 0 492001
rcv 13.640 - A - - 1 0 492001
rcv 13.640 - A - - 1 0 492001
rcv 13.640 - A - - 1 0 492001
rcv 13.644 - A - - 1 0 500001
snd 13.645 - A - D 500001 1000 1
snd 13.645 - A - D 501001 1000 1
snd 13.645 - A - D 502001 1000 1
snd 13.645 - A - D 503001 1000 1
snd 13.646 - A - D 504001 1000 1
snd 13.646 - A - D 505001 1000 1
snd 13.646 - A - D 506001 1000 1
snd 13.646 - A - D 507001 1000 1
rcv 13.792 - A - - 1 0 501001
snd 13.793 - A - D 508001 1000 1
rcv 13.793 - A - - 1 0 501001
rcv 13.796 - A - - 1 0 501001
rcv 13.840 - A - - 1 0 501001
snd 13.842 - A - D 501001 1000 1
rcv 13.842 - A - - 1 0 501001
rcv 13.842 - A - - 1 0 501001
rcv 13.890 - A - - 1 0 501001
rcv 13.956 - A - - 1 0 506001
snd 13.957 - A - D 509001 1000 1
snd 13.958 - A - D 510001 1000 1
snd 13.958 - A - D 511001 1000 1
snd 13.958 - A - D 512001 1000 1
snd 13.959 - A - D 513001 1000 1
snd 13.959 - A - D 506001 1000 1
snd 13.960 - A - D 507001 1000 1
snd 13.960 - A - D 508001 1000 1
snd 13.960 - A - D 509001 1000 1
snd 13.961 - A - D 510001 1000 1
snd 13.961 - A - D 511001 1000 1
snd 13.961 - A - D 512001 1000 1
snd 13.962 - A - D 513001 1000 1
rcv 14.070 - A - - 1 0 506001
rcv 14.070 - A - - 1 0 506001
rcv 14.071 - A - - 1 0 506001
snd 14.071 - A - D 506001 1000 1
rcv 14.072 - A - - 1 0 506001
rcv 14.072 - A - - 1 0 511001
snd 14.073 - A - D 514001 1000 1
snd 14.073 - A - D 515001 1000 1
snd 14.073 - A - D 516001 1000 1
snd 14.075 - A - D 517001 1000 1
snd 14.075 - A - D 518001 1000 1
rcv 14.075 - A - - 1 0 511001
rcv 14.076 - A - - 1 0 511001
rcv 14.121 - A - - 1 0 511001
snd 14.122 - A - D 511001 1000 1
rcv 14.122 - A - - 1 0 511001
rcv 14.122 - A - - 1 0 511001
rcv 14.188 - A - - 1 0 511001
rcv 14.233 - A - - 1 0 511001
rcv 14.233 - A - - 1 0 511001
rcv 14.233 - A - - 1 0 511001
rcv 14.233 - A - - 1 0 511001
rcv 14.233 - A - - 1 0 519001
snd 14.234 - A - D 519001 1000 1
snd 14.234 - A - D 520001 1000 1
snd 14.235 - A - D 521001 1000 1
snd 14.235 - A - D 522001 1000 1
snd 14.236 - A - D 523001 1000 1
snd 14.236 - A - D 524001 1000 1
snd 14.236 - A - D 525001 1000 1
snd 14.237 - A - D 526001 1000 1
rcv 14.376 - A - - 1 0 522001
snd 14.376 - A - D 527001 1000 1
snd 14.376 - A - D 528001 1000 1
snd 14.382 - A - D 529001 1000 1
rcv 14.392 - A - - 1 0 523001
snd 14.392 - A - D 530001 1000 1
rcv 14.393 - A - - 1 0 524001
snd 14.393 - A - D 531001 1000 1
rcv 14.394 - A - - 1 0 524001
rcv 14.437 - A - - 1 0 524001
snd 14.460 - A - D 524001 1000 1
snd 14.460 - A - D 525001 1000 1
snd 14.460 - A - D 526001 1000 1
snd 14.461 - A - D 527001 1000 1
snd 14.461 - A - D 528001 1000 1
snd 14.461 - A - D 529001 1000 1
snd 14.462 - A - D 530001 1000 1
snd 14.462 - A - D 531001 1000 1
rcv 14.469 - A - - 1 0 524001
snd 14.470 - A - D 524001 1000 1
rcv 14.521 - A - - 1 0 524001
rcv 14.523 - A - - 1 0 524001
rcv 14.524 - A - - 1 0 524001
rcv 14.588 - A - - 1 0 528001
snd 14.589 - A - D 532001 1000 1
snd 14.589 - A - D 533001 1000 1
snd 14.589 - A - D 534001 1000 1
snd 14.590 - A - D 535001 1000 1
rcv 14.592 - A - - 1 0 528001
rcv 14.637 - A - - 1 0 528001
rcv 14.637 - A - - 1 0 528001
snd 14.638 - A - D 528001 1000 1
rcv 14.638 - A - - 1 0 532001
snd 14.638 - A - D 536001 1000 1
snd 14.638 - A - D 537001 1000 1
snd 14.639 - A - D 538001 1000 1
snd 14.639 - A - D 539001 1000 1
rcv 14.639 - A - - 1 0 532001
rcv 14.639 - A - - 1 0 532001
rcv 14.705 - A - - 1 0 533001
snd 14.705 - A - D 540001 1000 1
rcv 14.711 - A - - 1 0 534001
snd 14.712 - A - D 541001 1000 1
rcv 14.713 - A - - 1 0 535001
snd 14.713 - A - D 542001 1000 1
rcv 14.714 - A - - 1 0 536001
snd 14.714 - A - D 543001 1000 1
rcv 14.778 - A - - 1 0 536001
rcv 14.778 - A - - 1 0 537001
snd 14.779 - A - D 544001 1000 1
rcv 14.779 - A - - 1 0 538001
snd 14.779 - A - D 545001 1000 1
rcv 14.779 - A - - 1 0 539001
snd 14.783 - A - D 546001 1000 1
rcv 14.783 - A - - 1 0 540001
snd 14.784 - A - D 547001 1000 1
rcv 14.847 - A - - 1 0 541001
snd 14.848 - A - D 548001 1000 1
rcv 14.848 - A - - 1 0 542001
snd 14.848 - A - D 549001 1000 1
rcv 14.848 - A - - 1 0 544001
snd 14.850 - A - D 550001 1000 1
snd 14.850 - A - D 551001 1000 1
rcv 14.875 - A - - 1 0 545001
snd 14.876 - A - D 552001 1000 1
rcv 14.924 - A - - 1 0 546001
snd 14.926 - A - D 553001 1000 1
rcv 14.926 - A - - 1 0 547001
snd 14.927 - A - D 554001 1000 1
rcv 14.927 - A - - 1 0 548001
snd 14.927 - A - D 555001 1000 1
rcv 14.997 - A - - 1 0 548001
rcv 14.997 - A - - 1 0 548001
rcv 15.003 - A - - 1 0 548001
snd 15.003 - A - D 548001 1000 1
rcv 15.004 - A - - 1 0 548001
rcv 15.048 - A - - 1 0 548001
rcv 15.069 - A - - 1 0 548001
rcv 15.140 - A - - 1 0 556001
snd 15.141 - A - D 556001 1000 1
snd 15.141 - A - D 557001 1000 1
snd 15.141 - A - D 558001 1000 1
snd 15.142 - A - D 559001 1000 1
snd 15.142 - A - D 560001 1000 1
snd 15.142 - A - D 561001 1000 1
snd 15.143 - A - D 562001 1000 1
snd 15.143 - A - D 563001 1000 1
rcv 15.250 - A - - 1 0 557001
snd 15.255 - A - D 564001 1000 1
rcv 15.306 - A - - 1 0 559001
snd 15.307 - A - D 565001 1000 1
snd 15.307 - A - D 566001 1000 1
rcv 15.307 - A - - 1 0 561001
snd 15.309 - A - D 567001 1000 1
snd 15.310 - A - D 568001 1000 1
rcv 15.353 - A - - 1 0 562001
snd 15.353 - A - D 569001 1000 1
rcv 15.353 - A - - 1 0 563001
snd 15.354 - A - D 570001 1000 1
rcv 15.354 - A - - 1 0 564001
snd 15.354 - A - D 571001 1000 1
rcv 15.420 - A - - 1 0 566001
snd 15.420 - A - D 572001 1000 1
snd 15.421 - A - D 573001 1000 1
rcv 15.432 - A - - 1 0 567001
snd 15.432 - A - D 574001 1000 1
rcv 15.433 - A - - 1 0 568001
snd 15.433 - A - D 575001 1000 1
rcv 15.434 - A - - 1 0 569001
snd 15.434 - A - D 576001 1000 1
rcv 15.492 - A - - 1 0 570001
snd 15.494 - A - D 577001 1000 1
rcv 15.494 - A - - 1 0 571001
snd 15.495 - A - D 578001 1000 1
rcv 15.495 - A - - 1 0 572001
snd 15.496 - A - D 579001 1000 1
rcv 15.560 - A - - 1 0 572001
rcv 15.565 - A - - 1 0 572001
rcv 15.608 - A - - 1 0 572001
snd 15.609 - A - D 572001 1000 1
rcv 15.609 - A - - 1 0 572001
rcv 15.609 - A - - 1 0 572001
rcv 15.625 - A - - 1 0 572001
rcv 15.669 - A - - 1 0 572001
rcv 15.718 - A - - 1 0 580001
snd 15.719 - A - D 580001 1000 1
snd 15.719 - A - D 581001 1000 1
snd 15.720 - A - D 582001 1000 1
snd 15.720 - A - D 583001 1000 1
snd 15.723 - A - D 584001 1000 1
snd 15.724 - A - D 585001 1000 1
snd 15.724 - A - D 586001 1000 1
snd 15.724 - A - D 587001 1000 1
rcv 15.828 - A - - 1 0 581001
snd 15.830 - A - D 588001 1000 1
rcv 15.830 - A - - 1 0 582001
snd 15.830 - A - D 589001 1000 1
rcv 15.830 - A - - 1 0 583001
snd 15.831 - A - D 590001 1000 1
rcv 15.831 - A - - 1 0 584001
snd 15.831 - A - D 591001 1000 1
rcv 15.831 - A - - 1 0 584001
rcv 15.832 - A - - 1 0 584001
rcv 15.832 - A - - 1 0 584001
snd 15.833 - A - D 584001 1000 1
rcv 15.999 - A - - 1 0 584001
rcv 16.017 - A - - 1 0 584001
snd 16.053 - A - D 584001 1000 1
snd 16.054 - A - D 585001 1000 1
snd 16.054 - A - D 586001 1000 1
snd 16.054 - A - D 587001 1000 1
snd 16.055 - A - D 588001 1000 1
snd 16.056 - A - D 589001 1000 1
snd 16.056 - A - D 590001 1000 1
snd 16.057 - A - D 591001 1000 1
rcv 16.057 - A - - 1 0 584001
rcv 16.057 - A - - 1 0 584001
rcv 16.075 - A - - 1 0 592001
snd 16.076 - A - D 592001 1000 1
snd 16.076 - A - D 593001 1000 1
snd 16.076 - A - D 594001 1000 1
snd 16.078 - A - D 595001 1000 1
snd 16.078 - A - D 596001 1000 1
snd 16.078 - A - D 597001 1000 1
snd 16.078 - A - D 598001 1000 1
snd 16.079 - A - D 599001 1000 1
rcv 16.134 - A - - 1 0 592001
rcv 16.134 - A - - 1 0 592001
rcv 16.136 - A - - 1 0 592001
snd 16.136 - A - D 592001 1000 1
rcv 16.136 - A - - 1 0 592001
rcv 16.183 - A - - 1 0 592001
rcv 16.183 - A - - 1 0 592001
rcv 16.184 - A - - 1 0 593001
snd 16.185 - A - D 600001 1000 1
rcv 16.185 - A - - 1 0 594001
snd 16.185 - A - D 601001 1000 1
rcv 16.233 - A - - 1 0 595001
snd 16.234 - A - D 602001 1000 1
rcv 16.234 - A - - 1 0 596001
snd 16.234 - A - D 603001 1000 1
rcv 16.234 - A - - 1 0 597001
snd 16.235 - A - D 604001 1000 1
rcv 16.235 - A - - 1 0 598001
snd 16.235 - A - D 605001 1000 1
rcv 16.235 - A - - 1 0 599001
snd 16.236 - A - D 606001 1000 1
rcv 16.236 - A - - 1 0 600001
snd 16.237 - A - D 607001 1000 1
rcv 16.310 - A - - 1 0 600001
rcv 16.311 - A - - 1 0 601001
snd 16.311 - A - D 608001 1000 1
rcv 16.315 - A - - 1 0 602001
snd 16.315 - A - D 609001 1000 1
rcv 16.372 - A - - 1 0 603001
snd 16.373 - A - D 610001 1000 1
rcv 16.373 - A - - 1 0 603001
rcv 16.378 - A - - 1 0 603001
rcv 16.420 - A - - 1 0 603001
snd 16.421 - A - D 603001 1000 1
rcv 16.480 - A - - 1 0 603001
rcv 16.484 - A - - 1 0 603001
rcv 16.528 - A - - 1 0 606001
snd 16.529 - A - D 611001 1000 1
snd 16.529 - A - D 612001 1000 1
snd 16.529 - A - D 613001 1000 1
snd 16.530 - A - D 606001 1000 1
snd 16.530 - A - D 607001 1000 1
snd 16.530 - A - D 608001 1000 1
snd 16.530 - A - D 609001 1000 1
snd 16.531 - A - D 610001 1000 1
snd 16.531 - A - D 611001 1000 1
snd 16.531 - A - D 612001 1000 1
snd 16.531 - A - D 613001 1000 1
rcv 16.637 - A - - 1 0 606001
rcv 16.641 - A - - 1 0 606001
rcv 16.687 - A - - 1 0 608001
snd 16.688 - A - D 614001 1000 1
snd 16.688 - A - D 615001 1000 1
rcv 16.689 - A - - 1 0 608001
rcv 16.689 - A - - 1 0 612001
snd 16.689 - A - D 616001 1000 1
snd 16.690 - A - D 617001 1000 1
snd 16.690 - A - D 618001 1000 1
snd 16.690 - A - D 619001 1000 1
rcv 16.690 - A - - 1 0 612001
rcv 16.690 - A - - 1 0 612001
rcv 16.691 - A - - 1 0 612001
snd 16.691 - A - D 612001 1000 1
rcv 16.691 - A - - 1 0 614001
snd 16.693 - A - D 620001 1000 1
snd 16.694 - A - D 621001 1000 1
rcv 16.747 - A - - 1 0 615001
snd 16.748 - A - D 622001 1000 1
rcv 16.796 - A - - 1 0 616001
snd 16.796 - A - D 623001 1000 1
rcv 16.797 - A - - 1 0 618001
snd 16.798 - A - D 624001 1000 1
snd 16.798 - A - D 625001 1000 1
rcv 16.798 - A - - 1 0 619001
snd 16.798 - A - D 626001 1000 1
rcv 16.846 - A - - 1 0 620001
snd 16.848 - A - D 627001 1000 1
rcv 16.848 - A - - 1 0 620001
rcv 16.848 - A - - 1 0 621001
snd 16.849 - A - D 628001 1000 1
rcv 16.849 - A - - 1 0 622001
snd 16.850 - A - D 629001 1000 1
rcv 16.901 - A - - 1 0 624001
snd 16.901 - A - D 630001 1000 1
snd 16.901 - A - D 631001 1000 1
rcv 16.928 - A - - 1 0 625001
snd 16.929 - A - D 632001 1000 1
rcv 16.976 - A - - 1 0 626001
snd 16.977 - A - D 633001 1000 1
rcv 16.977 - A - - 1 0 626001
rcv 16.977 - A - - 1 0 626001
rcv 16.978 - A - - 1 0 626001
snd 16.978 - A - D 626001 1000 1
rcv 17.053 - A - - 1 0 626001
rcv 17.097 - A - - 1 0 626001
rcv 17.097 - A - - 1 0 626001
rcv 17.149 - A - - 1 0 630001
snd 17.150 - A - D 634001 1000 1
snd 17.152 - A - D 635001 1000 1
snd 17.152 - A - D 636001 1000 1
snd 17.153 - A - D 637001 1000 1
snd 17.160 - A - D 630001 1000 1
snd 17.161 - A - D 631001 1000 1
snd 17.161 - A - D 632001 1000 1
snd 17.161 - A - D 633001 1000 1
snd 17.162 - A - D 634001 1000 1
snd 17.162 - A - D 635001 1000 1
snd 17.163 - A - D 636001 1000 1
snd 17.163 - A - D 637001 1000 1
rcv 17.270 - A - - 1 0 630001
rcv 17.312 - A - - 1 0 630001
rcv 17.312 - A - - 1 0 630001
snd 17.313 - A - D 630001 1000 1
rcv 17.313 - A - - 1 0 638001
snd 17.314 - A - D 638001 1000 1
snd 17.314 - A - D 639001 1000 1
snd 17.314 - A - D 640001 1000 1
snd 17.314 - A - D 641001 1000 1
snd 17.315 - A - D 642001 1000 1
snd 17.319 - A - D 643001 1000 1
snd 17.319 - A - D 644001 1000 1
snd 17.319 - A - D 645001 1000 1
rcv 17.319 - A - - 1 0 638001
rcv 17.319 - A - - 1 0 638001
rcv 17.319 - A - - 1 0 638001
snd 17.320 - A - D 638001 1000 1
rcv 17.320 - A - - 1 0 638001
rcv 17.320 - A - - 1 0 638001
rcv 17.320 - A - - 1 0 638001
rcv 17.321 - A - - 1 0 638001
rcv 17.416 - A - - 1 0 638001
rcv 17.417 - A - - 1 0 639001
snd 17.418 - A - D 646001 1000 1
rcv 17.418 - A - - 1 0 639001
rcv 17.460 - A - - 1 0 639001
rcv 17.460 - A - - 1 0 639001
snd 17.461 - A - D 639001 1000 1
rcv 17.461 - A - - 1 0 639001
rcv 17.461 - A - - 1 0 639001
rcv 17.461 - A - - 1 0 639001
rcv 17.461 - A - - 1 0 639001
rcv 17.584 - A - - 1 0 639001
rcv 17.584 - A - - 1 0 647001
snd 17.585 - A - D 647001 1000 1
snd 17.585 - A - D 648001 1000 1
snd 17.585 - A - D 649001 1000 1
snd 17.586 - A - D 650001 1000 1
snd 17.586 - A - D 651001 1000 1
snd 17.586 - A - D 652001 1000 1
snd 17.587 - A - D 653001 1000 1
snd 17.587 - A - D 654001 1000 1
rcv 17.714 - A - - 1 0 648001
snd 17.714 - A - D 655001 1000 1
rcv 17.715 - A - - 1 0 648001
rcv 17.756 - A - - 1 0 648001
rcv 17.756 - A - - 1 0 648001
snd 17.757 - A - D 648001 1000 1
rcv 17.757 - A - - 1 0 648001
rcv 17.757 - A - - 1 0 648001
rcv 17.757 - A - - 1 0 648001
rcv 17.888 - A - - 1 0 655001
snd 17.888 - A - D 656001 1000 1
snd 17.888 - A - D 657001 1000 1
snd 17.889 - A - D 658001 1000 1
snd 17.889 - A - D 659001 1000 1
snd 17.889 - A - D 660001 1000 1
snd 17.889 - A - D 661001 1000 1
snd 17.889 - A - D 662001 1000 1
snd 17.916 - A - D 655001 1000 1
snd 17.916 - A - D 656001 1000 1
snd 17.917 - A - D 657001 1000 1
snd 17.917 - A - D 658001 1000 1
snd 17.917 - A - D 659001 1000 1
snd 17.918 - A - D 660001 1000 1
snd 17.918 - A - D 661001 1000 1
snd 17.918 - A - D 662001 1000 1
rcv 17.968 - A - - 1 0 655001
rcv 18.013 - A - - 1 0 655001
rcv 18.060 - A - - 1 0 655001
snd 18.061 - A - D 655001 1000 1
rcv 18.061 - A - - 1 0 655001
rcv 18.061 - A - - 1 0 655001
rcv 18.062 - A - - 1 0 655001
rcv 18.108 - A - - 1 0 655001
rcv 18.108 - A - - 1 0 655001
rcv 18.109 - A - - 1 0 655001
rcv 18.109 - A - - 1 0 655001
rcv 18.162 - A - - 1 0 663001
snd 18.163 - A - D 663001 1000 1
snd 18.165 - A - D 664001 1000 1
snd 18.165 - A - D 665001 1000 1
snd 18.166 - A - D 666001 1000 1
snd 18.166 - A - D 667001 1000 1
snd 18.167 - A - D 668001 1000 1
snd 18.167 - A - D 669001 1000 1
snd 18.168 - A - D 670001 1000 1
rcv 18.281 - A - - 1 0 664001
snd 18.281 - A - D 671001 1000 1
rcv 18.283 - A - - 1 0 665001
snd 18.283 - A - D 672001 1000 1
rcv 18.284 - A - - 1 0 666001
snd 18.284 - A - D 673001 1000 1
rcv 18.284 - A - - 1 0 667001
snd 18.285 - A - D 674001 1000 1
rcv 18.286 - A - - 1 0 668001
snd 18.287 - A - D 675001 1000 1
rcv 18.287 - A - - 1 0 669001
snd 18.288 - A - D 676001 1000 1
snd 18.331 - A - D 669001 1000 1
snd 18.331 - A - D 670001 1000 1
snd 18.332 - A - D 671001 1000 1
snd 18.333 - A - D 672001 1000 1
snd 18.335 - A - D 673001 1000 1
snd 18.336 - A - D 674001 1000 1
snd 18.336 - A - D 675001 1000 1
snd 18.336 - A - D 676001 1000 1
rcv 18.336 - A - - 1 0 670001
snd 18.339 - A - D 677001 1000 1
rcv 18.339 - A - - 1 0 671001
snd 18.343 - A - D 678001 1000 1
rcv 18.389 - A - - 1 0 671001
rcv 18.389 - A - - 1 0 671001
rcv 18.398 - A - - 1 0 671001
snd 18.398 - A - D 671001 1000 1
rcv 18.398 - A - - 1 0 671001
rcv 18.466 - A - - 1 0 671001
rcv 18.469 - A - - 1 0 671001
rcv 18.469 - A - - 1 0 671001
rcv 18.470 - A - - 1 0 677001
snd 18.471 - A - D 679001 1000 1
snd 18.471 - A - D 680001 1000 1
snd 18.471 - A - D 681001 1000 1
snd 18.472 - A - D 682001 1000 1
snd 18.472 - A - D 683001 1000 1
snd 18.473 - A - D 684001 1000 1
rcv 18.473 - A - - 1 0 677001
rcv 18.518 - A - - 1 0 677001
rcv 18.518 - A - - 1 0 677001
snd 18.526 - A - D 677001 1000 1
rcv 18.526 - A - - 1 0 678001
snd 18.527 - A - D 685001 1000 1
rcv 18.527 - A - - 1 0 679001
snd 18.527 - A - D 686001 1000 1
rcv 18.574 - A - - 1 0 679001
rcv 18.626 - A - - 1 0 680001
snd 18.626 - A - D 687001 1000 1
rcv 18.626 - A - - 1 0 681001
snd 18.627 - A - D 688001 1000 1
rcv 18.627 - A - - 1 0 682001
snd 18.627 - A - D 689001 1000 1
rcv 18.627 - A - - 1 0 683001
snd 18.628 - A - D 690001 1000 1
rcv 18.628 - A - - 1 0 683001
rcv 18.628 - A - - 1 0 683001
rcv 18.672 - A - - 1 0 683001
snd 18.672 - A - D 683001 1000 1
rcv 18.676 - A - - 1 0 683001
rcv 18.772 - A - - 1 0 683001
rcv 18.773 - A - - 1 0 683001
rcv 18.774 - A - - 1 0 683001
rcv 18.774 - A - - 1 0 687001
snd 18.775 - A - D 691001 1000 1
snd 18.799 - A - D 692001 1000 1
snd 18.799 - A - D 693001 1000 1
snd 18.799 - A - D 694001 1000 1
snd 18.862 - A - D 687001 1000 1
snd 18.862 - A - D 688001 1000 1
snd 18.862 - A - D 689001 1000 1
snd 18.862 - A - D 690001 1000 1
snd 18.862 - A - D 691001 1000 1
snd 18.862 - A - D 692001 1000 1
snd 18.863 - A - D 693001 1000 1
snd 18.863 - A - D 694001 1000 1
rcv 18.936 - A - - 1 0 687001
rcv 18.937 - A - - 1 0 687001
rcv 18.937 - A - - 1 0 687001
snd 18.940 - A - D 687001 1000 1
rcv 18.941 - A - - 1 0 687001
rcv 19.001 - A - - 1 0 695001
snd 19.001 - A - D 695001 1000 1
snd 19.001 - A - D 696001 1000 1
snd 19.001 - A - D 697001 1000 1
snd 19.002 - A - D 698001 1000 1
snd 19.002 - A - D 699001 1000 1
snd 19.002 - A - D 700001 1000 1
snd 19.002 - A - D 701001 1000 1
snd 19.004 - A - D 702001 1000 1
rcv 19.004 - A - - 1 0 695001
rcv 19.004 - A - - 1 0 695001
rcv 19.004 - A - - 1 0 695001
snd 19.004 - A - D 695001 1000 1
rcv 19.004 - A - - 1 0 695001
rcv 19.004 - A - - 1 0 695001
rcv 19.004 - A - - 1 0 695001
rcv 19.112 - A - - 1 0 696001
snd 19.113 - A - D 703001 1000 1
rcv 19.113 - A - - 1 0 697001
snd 19.113 - A - D 704001 1000 1
rcv 19.113 - A - - 1 0 698001
snd 19.114 - A - D 705001 1000 1
rcv 19.114 - A - - 1 0 700001
snd 19.116 - A - D 706001 1000 1
snd 19.119 - A - D 707001 1000 1
rcv 19.121 - A - - 1 0 701001
snd 19.121 - A - D 708001 1000 1
rcv 19.122 - A - - 1 0 702001
snd 19.122 - A - D 709001 1000 1
rcv 19.185 - A - - 1 0 702001
snd 19.204 - A - D 702001 1000 1
snd 19.204 - A - D 703001 1000 1
snd 19.204 - A - D 704001 1000 1
snd 19.205 - A - D 705001 1000 1
snd 19.205 - A - D 706001 1000 1
snd 19.205 - A - D 707001 1000 1
snd 19.205 - A - D 708001 1000 1
snd 19.212 - A - D 709001 1000 1
rcv 19.212 - A - - 1 0 702001
rcv 19.212 - A - - 1 0 702001
snd 19.212 - A - D 702001 1000 1
rcv 19.213 - A - - 1 0 702001
rcv 19.213 - A - - 1 0 702001
rcv 19.213 - A - - 1 0 702001
rcv 19.262 - A - - 1 0 702001
rcv 19.317 - A - - 1 0 710001
snd 19.318 - A - D 710001 1000 1
snd 19.318 - A - D 711001 1000 1
snd 19.318 - A - D 712001 1000 1
snd 19.318 - A - D 713001 1000 1
snd 19.319 - A - D 714001 1000 1
snd 19.319 - A - D 715001 1000 1
snd 19.319 - A - D 716001 1000 1
snd 19.320 - A - D 717001 1000 1
rcv 19.320 - A - - 1 0 710001
rcv 19.320 - A - - 1 0 710001
rcv 19.320 - A - - 1 0 710001
snd 19.320 - A - D 710001 1000 1
rcv 19.320 - A - - 1 0 710001
rcv 19.329 - A - - 1 0 710001
rcv 19.374 - A - - 1 0 710001
rcv 19.375 - A - - 1 0 710001
rcv 19.452 - A - - 1 0 710001
rcv 19.458 - A - - 1 0 710001
rcv 19.458 - A - - 1 0 710001
rcv 19.459 - A - - 1 0 710001
rcv 19.459 - A - - 1 0 710001
rcv 19.460 - A - - 1 0 712001
snd 19.461 - A - D 718001 1000 1
snd 19.461 - A - D 719001 1000 1
snd 19.512 - A - D 712001 1000 1
snd 19.512 - A - D 713001 1000 1
snd 19.513 - A - D 714001 1000 1
snd 19.514 - A - D 715001 1000 1
snd 19.514 - A - D 716001 1000 1
snd 19.514 - A - D 717001 1000 1
snd 19.514 - A - D 718001 1000 1
snd 19.515 - A - D 719001 1000 1
rcv 19.564 - A - - 1 0 712001
rcv 19.564 - A - - 1 0 712001
rcv 19.617 - A - - 1 0 720001
snd 19.618 - A - D 720001 1000 1
snd 19.619 - A - D 721001 1000 1
snd 19.619 - A - D 722001 1000 1
snd 19.619 - A - D 723001 1000 1
snd 19.619 - A - D 724001 1000 1
snd 19.620 - A - D 725001 1000 1
snd 19.620 - A - D 726001 1000 1
snd 19.620 - A - D 727001 1000 1
rcv 19.622 - A - - 1 0 720001
rcv 19.664 - A - - 1 0 720001
rcv 19.664 - A - - 1 0 720001
snd 19.665 - A - D 720001 1000 1
rcv 19.665 - A - - 1 0 720001
rcv 19.665 - A - - 1 0 720001
rcv 19.665 - A - - 1 0 720001
rcv 19.717 - A - - 1 0 721001
snd 19.718 - A - D 728001 1000 1
rcv 19.725 - A - - 1 0 722001
snd 19.726 - A - D 729001 1000 1
rcv 19.726 - A - - 1 0 723001
snd 19.727 - A - D 730001 1000 1
rcv 19.727 - A - - 1 0 724001
snd 19.727 - A - D 731001 1000 1
rcv 19.730 - A - - 1 0 725001
snd 19.731 - A - D 732001 1000 1
rcv 19.732 - A - - 1 0 726001
snd 19.732 - A - D 733001 1000 1
rcv 19.732 - A - - 1 0 727001
snd 19.733 - A - D 734001 1000 1
snd 19.774 - A - D 727001 1000 1
snd 19.776 - A - D 728001 1000 1
snd 19.776 - A - D 729001 1000 1
snd 19.776 - A - D 730001 1000 1
snd 19.777 - A - D 731001 1000 1
snd 19.777 - A - D 732001 1000 1
snd 19.778 - A - D 733001 1000 1
snd 19.778 - A - D 734001 1000 1
rcv 19.778 - A - - 1 0 728001
snd 19.779 - A - D 735001 1000 1
rcv 19.833 - A - - 1 0 729001
snd 19.835 - A - D 736001 1000 1
rcv 19.835 - A - - 1 0 730001
snd 19.836 - A - D 737001 1000 1
rcv 19.836 - A - - 1 0 731001
snd 19.836 - A - D 738001 1000 1
rcv 19.836 - A - - 1 0 732001
snd 19.837 - A - D 739001 1000 1
rcv 19.837 - A - - 1 0 733001
snd 19.838 - A - D 740001 1000 1
rcv 19.842 - A - - 1 0 734001
snd 19.842 - A - D 741001 1000 1
rcv 19.904 - A - - 1 0 735001
snd 19.905 - A - D 742001 1000 1
rcv 19.905 - A - - 1 0 735001
rcv 19.905 - A - - 1 0 735001
rcv 19.948 - A - - 1 0 735001
snd 19.950 - A - D 735001 1000 1
rcv 19.950 - A - - 1 0 735001
rcv 19.951 - A - - 1 0 735001
rcv 19.951 - A - - 1 0 736001
snd 19.951 - A - D 743001 1000 1
rcv 19.953 - A - - 1 0 737001
snd 19.953 - A - D 744001 1000 1
rcv 19.953 - A - - 1 0 738001
snd 19.954 - A - D 745001 1000 1
rcv 19.954 - A - - 1 0 739001
snd 19.954 - A - D 746001 1000 1
snd 20.024 - A - D 739001 1000 1
snd 20.025 - A - D 740001 1000 1
snd 20.025 - A - D 741001 1000 1
snd 20.025 - A - D 742001 1000 1
snd 20.025 - A - D 743001 1000 1
snd 20.026 - A - D 744001 1000 1
snd 20.026 - A - D 745001 1000 1
snd 20.026 - A - D 746001 1000 1
rcv 20.026 - A - - 1 0 740001
snd 20.027 - A - D 747001 1000 1
rcv 20.027 - A - - 1 0 740001
rcv 20.096 - A - - 1 0 740001
rcv 20.096 - A - - 1 0 740001
snd 20.098 - A - D 740001 1000 1
rcv 20.145 - A - - 1 0 740001
rcv 20.145 - A - - 1 0 740001
rcv 20.145 - A - - 1 0 740001
rcv 20.145 - A - - 1 0 742001
snd 20.147 - A - D 748001 1000 1
snd 20.147 - A - D 749001 1000 1
rcv 20.150 - A - - 1 0 742001
rcv 20.196 - A - - 1 0 744001
snd 20.197 - A - D 750001 1000 1
snd 20.198 - A - D 751001 1000 1
rcv 20.198 - A - - 1 0 744001
rcv 20.199 - A - - 1 0 747001
snd 20.199 - A - D 752001 1000 1
snd 20.199 - A - D 753001 1000 1
snd 20.200 - A - D 754001 1000 1
rcv 20.200 - A - - 1 0 747001
rcv 20.202 - A - - 1 0 748001
snd 20.203 - A - D 755001 1000 1
rcv 20.264 - A - - 1 0 748001
rcv 20.264 - A - - 1 0 749001
snd 20.266 - A - D 756001 1000 1
rcv 20.273 - A - - 1 0 750001
snd 20.273 - A - D 757001 1000 1
rcv 20.344 - A - - 1 0 752001
snd 20.344 - A - D 758001 1000 1
snd 20.345 - A - D 759001 1000 1
rcv 20.345 - A - - 1 0 752001
rcv 20.345 - A - - 1 0 752001
rcv 20.351 - A - - 1 0 752001
snd 20.351 - A - D 752001 1000 1
rcv 20.492 - A - - 1 0 752001
rcv 20.495 - A - - 1 0 752001
rcv 20.536 - A - - 1 0 758001
snd 20.537 - A - D 760001 1000 1
snd 20.538 - A - D 761001 1000 1
snd 20.538 - A - D 762001 1000 1
snd 20.538 - A - D 763001 1000 1
snd 20.539 - A - D 764001 1000 1
snd 20.539 - A - D 765001 1000 1
snd 20.601 - A - D 758001 1000 1
snd 20.601 - A - D 759001 1000 1
snd 20.602 - A - D 760001 1000 1
snd 20.602 - A - D 761001 1000 1
snd 20.602 - A - D 762001 1000 1
snd 20.602 - A - D 763001 1000 1
snd 20.603 - A - D 764001 1000 1
snd 20.603 - A - D 765001 1000 1
rcv 20.656 - A - - 1 0 758001
rcv 20.656 - A - - 1 0 758001
rcv 20.656 - A - - 1 0 758001
snd 20.658 - A - D 758001 1000 1
rcv 20.658 - A - - 1 0 758001
rcv 20.658 - A - - 1 0 758001
rcv 20.728 - A - - 1 0 766001
snd 20.729 - A - D 766001 1000 1
snd 20.729 - A - D 767001 1000 1
snd 20.730 - A - D 768001 1000 1
snd 20.730 - A - D 769001 1000 1
snd 20.731 - A - D 770001 1000 1
snd 20.731 - A - D 771001 1000 1
snd 20.732 - A - D 772001 1000 1
snd 20.733 - A - D 773001 1000 1
rcv 20.734 - A - - 1 0 766001
rcv 20.776 - A - - 1 0 766001
rcv 20.776 - A - - 1 0 766001
snd 20.777 - A - D 766001 1000 1
rcv 20.777 - A - - 1 0 766001
rcv 20.777 - A - - 1 0 766001
rcv 20.893 - A - - 1 0 766001
rcv 20.937 - A - - 1 0 766001
rcv 20.956 - A - - 1 0 766001
rcv 20.957 - A - - 1 0 766001
rcv 20.958 - A - - 1 0 766001
rcv 20.958 - A - - 1 0 769001
snd 20.959 - A - D 774001 1000 1
snd 20.959 - A - D 775001 1000 1
snd 20.960 - A - D 776001 1000 1
snd 20.994 - A - D 769001 1000 1
snd 20.994 - A - D 770001 1000 1
snd 20.995 - A - D 771001 1000 1
snd 20.995 - A - D 772001 1000 1
snd 20.995 - A - D 773001 1000 1
snd 20.996 - A - D 774001 1000 1
snd 20.996 - A - D 775001 1000 1
snd 20.996 - A - D 776001 1000 1
rcv 20.999 - A - - 1 0 769001
rcv 21.112 - A - - 1 0 769001
rcv 21.156 - A - - 1 0 776001
snd 21.157 - A - D 777001 1000 1
snd 21.158 - A - D 778001 1000 1
snd 21.158 - A - D 779001 1000 1
snd 21.158 - A - D 780001 1000 1
snd 21.159 - A - D 781001 1000 1
snd 21.159 - A - D 782001 1000 1
snd 21.159 - A - D 783001 1000 1
rcv 21.159 - A - - 1 0 776001
rcv 21.175 - A - - 1 0 776001
rcv 21.217 - A - - 1 0 776001
snd 21.219 - A - D 776001 1000 1
rcv 21.219 - A - - 1 0 776001
rcv 21.220 - A - - 1 0 776001
rcv 21.220 - A - - 1 0 776001
rcv 21.220 - A - - 1 0 777001
snd 21.220 - A - D 784001 1000 1
rcv 21.292 - A - - 1 0 778001
snd 21.293 - A - D 785001 1000 1
rcv 21.295 - A - - 1 0 779001
snd 21.296 - A - D 786001 1000 1
rcv 21.296 - A - - 1 0 780001
snd 21.297 - A - D 787001 1000 1
rcv 21.297 - A - - 1 0 781001
snd 21.297 - A - D 788001 1000 1
rcv 21.340 - A - - 1 0 782001
snd 21.343 - A - D 789001 1000 1
rcv 21.343 - A - - 1 0 783001
snd 21.344 - A - D 790001 1000 1
rcv 21.344 - A - - 1 0 784001
snd 21.344 - A - D 791001 1000 1
rcv 21.345 - A - - 1 0 784001
rcv 21.345 - A - - 1 0 785001
snd 21.345 - A - D 792001 1000 1
rcv 21.390 - A - - 1 0 786001
snd 21.391 - A - D 793001 1000 1
rcv 21.456 - A - - 1 0 787001
snd 21.460 - A - D 794001 1000 1
rcv 21.462 - A - - 1 0 788001
snd 21.468 - A - D 795001 1000 1
rcv 21.468 - A - - 1 0 788001
rcv 21.468 - A - - 1 0 788001
rcv 21.468 - A - - 1 0 788001
snd 21.469 - A - D 788001 1000 1
rcv 21.469 - A - - 1 0 788001
rcv 21.530 - A - - 1 0 788001
rcv 21.575 - A - - 1 0 788001
rcv 21.587 - A - - 1 0 796001
snd 21.587 - A - D 796001 1000 1
snd 21.591 - A - D 797001 1000 1
snd 21.592 - A - D 798001 1000 1
snd 21.592 - A - D 799001 1000 1
snd 21.592 - A - D 800001 1000 1
snd 21.592 - A - D 801001 1000 1
snd 21.593 - A - D 802001 1000 1
snd 21.593 - A - D 803001 1000 1
rcv 21.708 - A - - 1 0 797001
snd 21.709 - A - D 804001 1000 1
rcv 21.709 - A - - 1 0 798001
snd 21.710 - A - D 805001 1000 1
rcv 21.710 - A - - 1 0 799001
snd 21.711 - A - D 806001 1000 1
rcv 21.712 - A - - 1 0 800001
snd 21.712 - A - D 807001 1000 1
rcv 21.713 - A - - 1 0 801001
snd 21.713 - A - D 808001 1000 1
rcv 21.714 - A - - 1 0 802001
snd 21.714 - A - D 809001 1000 1
rcv 21.715 - A - - 1 0 803001
snd 21.715 - A - D 810001 1000 1
rcv 21.716 - A - - 1 0 804001
snd 21.716 - A - D 811001 1000 1
rcv 21.844 - A - - 1 0 805001
snd 21.845 - A - D 812001 1000 1
rcv 21.848 - A - - 1 0 806001
snd 21.849 - A - D 813001 1000 1
rcv 21.850 - A - - 1 0 807001
snd 21.850 - A - D 814001 1000 1
rcv 21.850 - A - - 1 0 808001
snd 21.851 - A - D 815001 1000 1
rcv 21.852 - A - - 1 0 809001
snd 21.852 - A - D 816001 1000 1
snd 21.880 - A - D 809001 1000 1
snd 21.881 - A - D 810001 1000 1
snd 21.881 - A - D 811001 1000 1
snd 21.881 - A - D 812001 1000 1
snd 21.882 - A - D 813001 1000 1
snd 21.882 - A - D 814001 1000 1
snd 21.882 - A - D 815001 1000 1
snd 21.883 - A - D 816001 1000 1
rcv 21.936 - A - - 1 0 809001
rcv 21.942 - A - - 1 0 809001
rcv 21.985 - A - - 1 0 809001
snd 21.985 - A - D 809001 1000 1
rcv 21.985 - A - - 1 0 809001
rcv 21.985 - A - - 1 0 811001
snd 21.986 - A - D 817001 1000 1
snd 21.987 - A - D 818001 1000 1
rcv 22.040 - A - - 1 0 811001
rcv 22.041 - A - - 1 0 817001
snd 22.042 - A - D 819001 1000 1
snd 22.042 - A - D 820001 1000 1
snd 22.042 - A - D 821001 1000 1
snd 22.042 - A - D 822001 1000 1
snd 22.043 - A - D 823001 1000 1
snd 22.044 - A - D 824001 1000 1
rcv 22.044 - A - - 1 0 817001
rcv 22.044 - A - - 1 0 817001
rcv 22.044 - A - - 1 0 817001
snd 22.044 - A - D 817001 1000 1
rcv 22.047 - A - - 1 0 817001
rcv 22.107 - A - - 1 0 817001
rcv 22.154 - A - - 1 0 818001
snd 22.156 - A - D 825001 1000 1
rcv 22.156 - A - - 1 0 819001
snd 22.156 - A - D 826001 1000 1
rcv 22.160 - A - - 1 0 820001
snd 22.160 - A - D 827001 1000 1
rcv 22.160 - A - - 1 0 821001
snd 22.160 - A - D 828001 1000 1
rcv 22.160 - A - - 1 0 822001
snd 22.161 - A - D 829001 1000 1
rcv 22.161 - A - - 1 0 823001
snd 22.161 - A - D 830001 1000 1
rcv 22.162 - A - - 1 0 823001
rcv 22.204 - A - - 1 0 823001
rcv 22.217 - A - - 1 0 823001
snd 22.218 - A - D 823001 1000 1
rcv 22.219 - A - - 1 0 823001
rcv 22.284 - A - - 1 0 823001
rcv 22.284 - A - - 1 0 823001
rcv 22.285 - A - - 1 0 823001
rcv 22.287 - A - - 1 0 823001
rcv 22.367 - A - - 1 0 831001
snd 22.368 - A - D 831001 1000 1
snd 22.368 - A - D 832001 1000 1
snd 22.369 - A - D 833001 1000 1
snd 22.369 - A - D 834001 1000 1
snd 22.369 - A - D 835001 1000 1
snd 22.370 - A - D 836001 1000 1
snd 22.370 - A - D 837001 1000 1
snd 22.372 - A - D 838001 1000 1
rcv 22.508 - A - - 1 0 832001
snd 22.509 - A - D 839001 1000 1
rcv 22.512 - A - - 1 0 833001
snd 22.512 - A - D 840001 1000 1
rcv 22.513 - A - - 1 0 834001
snd 22.513 - A - D 841001 1000 1
rcv 22.514 - A - - 1 0 836001
snd 22.514 - A - D 842001 1000 1
snd 22.515 - A - D 843001 1000 1
snd 22.562 - A - D 836001 1000 1
snd 22.563 - A - D 837001 1000 1
snd 22.563 - A - D 838001 1000 1
snd 22.563 - A - D 839001 1000 1
snd 22.564 - A - D 840001 1000 1
snd 22.564 - A - D 841001 1000 1
snd 22.564 - A - D 842001 1000 1
snd 22.565 - A - D 843001 1000 1
rcv 22.625 - A - - 1 0 836001
rcv 22.625 - A - - 1 0 836001
rcv 22.637 - A - - 1 0 836001
snd 22.637 - A - D 836001 1000 1
rcv 22.639 - A - - 1 0 836001
rcv 22.681 - A - - 1 0 836001
rcv 22.681 - A - - 1 0 836001
rcv 22.681 - A - - 1 0 844001
snd 22.682 - A - D 844001 1000 1
snd 22.682 - A - D 845001 1000 1
snd 22.682 - A - D 846001 1000 1
snd 22.682 - A - D 847001 1000 1
snd 22.683 - A - D 848001 1000 1
snd 22.683 - A - D 849001 1000 1
snd 22.683 - A - D 850001 1000 1
snd 22.684 - A - D 851001 1000 1
rcv 22.684 - A - - 1 0 844001
rcv 22.684 - A - - 1 0 844001
rcv 22.684 - A - - 1 0 844001
snd 22.684 - A - D 844001 1000 1
rcv 22.685 - A - - 1 0 844001
rcv 22.732 - A - - 1 0 844001
rcv 22.732 - A - - 1 0 844001
rcv 22.732 - A - - 1 0 844001
rcv 22.785 - A - - 1 0 844001
rcv 22.829 - A - - 1 0 845001
snd 22.830 - A - D 852001 1000 1
rcv 22.830 - A - - 1 0 846001
snd 22.830 - A - D 853001 1000 1
rcv 22.831 - A - - 1 0 847001
snd 22.831 - A - D 854001 1000 1
rcv 22.831 - A - - 1 0 848001
snd 22.831 - A - D 855001 1000 1
rcv 22.831 - A - - 1 0 849001
snd 22.832 - A - D 856001 1000 1
rcv 22.832 - A - - 1 0 850001
snd 22.833 - A - D 857001 1000 1
rcv 22.833 - A - - 1 0 851001
snd 22.838 - A - D 858001 1000 1
rcv 22.838 - A - - 1 0 852001
snd 22.840 - A - D 859001 1000 1
rcv 22.840 - A - - 1 0 852001
rcv 22.940 - A - - 1 0 853001
snd 22.940 - A - D 860001 1000 1
rcv 22.940 - A - - 1 0 854001
snd 22.941 - A - D 861001 1000 1
rcv 22.941 - A - - 1 0 854001
rcv 22.942 - A - - 1 0 854001
rcv 22.942 - A - - 1 0 854001
snd 22.942 - A - D 854001 1000 1
rcv 22.942 - A - - 1 0 854001
rcv 22.948 - A - - 1 0 854001
rcv 23.049 - A - - 1 0 854001
rcv 23.092 - A - - 1 0 861001
snd 23.092 - A - D 862001 1000 1
snd 23.093 - A - D 863001 1000 1
snd 23.093 - A - D 864001 1000 1
snd 23.094 - A - D 865001 1000 1
snd 23.094 - A - D 866001 1000 1
snd 23.094 - A - D 867001 1000 1
snd 23.094 - A - D 868001 1000 1
snd 23.151 - A - D 861001 1000 1
snd 23.151 - A - D 862001 1000 1
snd 23.152 - A - D 863001 1000 1
snd 23.152 - A - D 864001 1000 1
snd 23.152 - A - D 865001 1000 1
snd 23.153 - A - D 866001 1000 1
snd 23.153 - A - D 867001 1000 1
snd 23.154 - A - D 868001 1000 1
rcv 23.205 - A - - 1 0 861001
rcv 23.205 - A - - 1 0 861001
rcv 23.205 - A - - 1 0 861001
snd 23.205 - A - D 861001 1000 1
rcv 23.248 - A - - 1 0 861001
rcv 23.249 - A - - 1 0 861001
rcv 23.249 - A - - 1 0 861001
rcv 23.255 - A - - 1 0 865001
snd 23.259 - A - D 869001 1000 1
snd 23.267 - A - D 870001 1000 1
snd 23.267 - A - D 871001 1000 1
snd 23.267 - A - D 872001 1000 1
rcv 23.267 - A - - 1 0 865001
rcv 23.269 - A - - 1 0 865001
rcv 23.316 - A - - 1 0 865001
snd 23.317 - A - D 865001 1000 1
rcv 23.317 - A - - 1 0 869001
snd 23.318 - A - D 873001 1000 1
snd 23.318 - A - D 874001 1000 1
snd 23.318 - A - D 875001 1000 1
snd 23.319 - A - D 876001 1000 1
rcv 23.319 - A - - 1 0 869001
rcv 23.319 - A - - 1 0 869001
rcv 23.370 - A - - 1 0 869001
snd 23.371 - A - D 869001 1000 1
rcv 23.371 - A - - 1 0 870001
snd 23.371 - A - D 877001 1000 1
rcv 23.371 - A - - 1 0 871001
snd 23.372 - A - D 878001 1000 1
rcv 23.428 - A - - 1 0 872001
snd 23.430 - A - D 879001 1000 1
rcv 23.439 - A - - 1 0 872001
rcv 23.480 - A - - 1 0 872001
rcv 23.480 - A - - 1 0 872001
snd 23.481 - A - D 872001 1000 1
rcv 23.481 - A - - 1 0 872001
rcv 23.481 - A - - 1 0 872001
rcv 23.481 - A - - 1 0 872001
rcv 23.529 - A - - 1 0 872001
rcv 23.532 - A - - 1 0 872001
rcv 23.576 - A - - 1 0 880001
snd 23.577 - A - D 880001 1000 1
snd 23.577 - A - D 881001 1000 1
snd 23.577 - A - D 882001 1000 1
snd 23.578 - A - D 883001 1000 1
snd 23.578 - A - D 884001 1000 1
snd 23.578 - A - D 885001 1000 1
snd 23.578 - A - D 886001 1000 1
snd 23.579 - A - D 887001 1000 1
rcv 23.712 - A - - 1 0 881001
snd 23.713 - A - D 888001 1000 1
rcv 23.715 - A - - 1 0 882001
snd 23.715 - A - D 889001 1000 1
rcv 23.716 - A - - 1 0 883001
snd 23.716 - A - D 890001 1000 1
rcv 23.717 - A - - 1 0 884001
snd 23.717 - A - D 891001 1000 1
rcv 23.718 - A - - 1 0 885001
snd 23.718 - A - D 892001 1000 1
rcv 23.719 - A - - 1 0 886001
snd 23.720 - A - D 893001 1000 1
rcv 23.720 - A - - 1 0 887001
snd 23.720 - A - D 894001 1000 1
rcv 23.721 - A - - 1 0 888001
snd 23.721 - A - D 895001 1000 1
rcv 23.852 - A - - 1 0 889001
snd 23.853 - A - D 896001 1000 1
rcv 23.853 - A - - 1 0 890001
snd 23.854 - A - D 897001 1000 1
rcv 23.854 - A - - 1 0 891001
snd 23.855 - A - D 898001 1000 1
rcv 23.855 - A - - 1 0 892001
snd 23.855 - A - D 899001 1000 1
rcv 23.855 - A - - 1 0 893001
snd 23.856 - A - D 900001 1000 1
rcv 23.856 - A - - 1 0 894001
snd 23.857 - A - D 901001 1000 1
snd 23.870 - A - D 894001 1000 1
snd 23.870 - A - D 895001 1000 1
snd 23.870 - A - D 896001 1000 1
snd 23.870 - A - D 897001 1000 1
snd 23.871 - A - D 898001 1000 1
snd 23.871 - A - D 899001 1000 1
snd 23.871 - A - D 900001 1000 1
snd 23.872 - A - D 901001 1000 1
rcv 23.872 - A - - 1 0 894001
rcv 23.917 - A - - 1 0 894001
rcv 23.917 - A - - 1 0 894001
snd 23.918 - A - D 894001 1000 1
rcv 23.950 - A - - 1 0 894001
rcv 24.004 - A - - 1 0 899001
snd 24.004 - A - D 902001 1000 1
snd 24.004 - A - D 903001 1000 1
snd 24.005 - A - D 904001 1000 1
snd 24.005 - A - D 905001 1000 1
snd 24.005 - A - D 906001 1000 1
rcv 24.006 - A - - 1 0 899001
snd 24.016 - A - D 899001 1000 1
snd 24.016 - A - D 900001 1000 1
snd 24.035 - A - D 901001 1000 1
snd 24.039 - A - D 902001 1000 1
snd 24.041 - A - D 903001 1000 1
snd 24.045 - A - D 904001 1000 1
snd 24.046 - A - D 905001 1000 1
snd 24.046 - A - D 906001 1000 1
rcv 24.047 - A - - 1 0 899001
rcv 24.047 - A - - 1 0 899001
snd 24.047 - A - D 899001 1000 1
rcv 24.047 - A - - 1 0 902001
snd 24.048 - A - D 907001 1000 1
snd 24.049 - A - D 908001 1000 1
snd 24.050 - A - D 909001 1000 1
rcv 24.051 - A - - 1 0 902001
rcv 24.110 - A - - 1 0 903001
snd 24.111 - A - D 910001 1000 1
rcv 24.111 - A - - 1 0 904001
snd 24.113 - A - D 911001 1000 1
rcv 24.113 - A - - 1 0 905001
snd 24.113 - A - D 912001 1000 1
rcv 24.114 - A - - 1 0 906001
snd 24.114 - A - D 913001 1000 1
rcv 24.114 - A - - 1 0 907001
snd 24.114 - A - D 914001 1000 1
rcv 24.114 - A - - 1 0 907001
rcv 24.156 - A - - 1 0 907001
rcv 24.157 - A - - 1 0 907001
snd 24.157 - A - D 907001 1000 1
rcv 24.209 - A - - 1 0 907001
rcv 24.210 - A - - 1 0 907001
rcv 24.210 - A - - 1 0 908001
snd 24.211 - A - D 915001 1000 1
rcv 24.211 - A - - 1 0 909001
snd 24.212 - A - D 916001 1000 1
rcv 24.214 - A - - 1 0 910001
snd 24.215 - A - D 917001 1000 1
rcv 24.282 - A - - 1 0 911001
snd 24.307 - A - D 918001 1000 1
rcv 24.307 - A - - 1 0 912001
snd 24.307 - A - D 919001 1000 1
rcv 24.308 - A - - 1 0 912001
rcv 24.308 - A - - 1 0 912001
rcv 24.308 - A - - 1 0 912001
snd 24.312 - A - D 912001 1000 1
rcv 24.326 - A - - 1 0 912001
rcv 24.382 - A - - 1 0 912001
rcv 24.382 - A - - 1 0 912001
rcv 24.382 - A - - 1 0 912001
rcv 24.382 - A - - 1 0 912001
rcv 24.383 - A - - 1 0 920001
snd 24.384 - A - D 920001 1000 1
snd 24.384 - A - D 921001 1000 1
snd 24.384 - A - D 922001 1000 1
snd 24.385 - A - D 923001 1000 1
snd 24.385 - A - D 924001 1000 1
snd 24.385 - A - D 925001 1000 1
snd 24.385 - A - D 926001 1000 1
snd 24.386 - A - D 927001 1000 1
rcv 24.451 - A - - 1 0 921001
snd 24.451 - A - D 928001 1000 1
rcv 24.509 - A - - 1 0 922001
snd 24.509 - A - D 929001 1000 1
rcv 24.560 - A - - 1 0 922001
rcv 24.560 - A - - 1 0 922001
rcv 24.560 - A - - 1 0 922001
snd 24.568 - A - D 922001 1000 1
rcv 24.568 - A - - 1 0 922001
rcv 24.568 - A - - 1 0 922001
rcv 24.640 - A - - 1 0 922001
rcv 24.641 - A - - 1 0 922001
rcv 24.712 - A - - 1 0 930001
snd 24.713 - A - D 930001 1000 1
snd 24.713 - A - D 931001 1000 1
snd 24.714 - A - D 932001 1000 1
snd 24.714 - A - D 933001 1000 1
snd 24.714 - A - D 934001 1000 1
snd 24.714 - A - D 935001 1000 1
snd 24.715 - A - D 936001 1000 1
snd 24.715 - A - D 937001 1000 1
rcv 24.829 - A - - 1 0 931001
snd 24.830 - A - D 938001 1000 1
rcv 24.830 - A - - 1 0 933001
snd 24.831 - A - D 939001 1000 1
snd 24.831 - A - D 940001 1000 1
rcv 24.831 - A - - 1 0 934001
snd 24.832 - A - D 941001 1000 1
rcv 24.832 - A - - 1 0 935001
snd 24.834 - A - D 942001 1000 1
rcv 24.834 - A - - 1 0 936001
snd 24.835 - A - D 943001 1000 1
rcv 24.835 - A - - 1 0 937001
snd 24.835 - A - D 944001 1000 1
rcv 24.890 - A - - 1 0 939001
snd 24.891 - A - D 945001 1000 1
snd 24.891 - A - D 946001 1000 1
rcv 24.952 - A - - 1 0 940001
snd 24.953 - A - D 947001 1000 1
rcv 24.953 - A - - 1 0 941001
snd 24.953 - A - D 948001 1000 1
rcv 24.953 - A - - 1 0 942001
snd 24.954 - A - D 949001 1000 1
rcv 24.954 - A - - 1 0 943001
snd 24.954 - A - D 950001 1000 1
rcv 24.954 - A - - 1 0 944001
snd 24.954 - A - D 951001 1000 1
snd 24.994 - A - D 944001 1000 1
snd 24.994 - A - D 945001 1000 1
snd 24.995 - A - D 946001 1000 1
snd 24.995 - A - D 947001 1000 1
snd 24.995 - A - D 948001 1000 1
snd 24.996 - A - D 949001 1000 1
snd 24.996 - A - D 950001 1000 1
snd 24.999 - A - D 951001 1000 1
rcv 25.045 - A - - 1 0 945001
snd 25.046 - A - D 952001 1000 1
rcv 25.047 - A - - 1 0 945001
rcv 25.116 - A - - 1 0 945001
rcv 25.116 - A - - 1 0 945001
snd 25.118 - A - D 945001 1000 1
rcv 25.118 - A - - 1 0 945001
rcv 25.118 - A - - 1 0 945001
rcv 25.118 - A - - 1 0 952001
snd 25.118 - A - D 953001 1000 1
snd 25.119 - A - D 954001 1000 1
snd 25.119 - A - D 955001 1000 1
snd 25.119 - A - D 956001 1000 1
snd 25.120 - A - D 957001 1000 1
snd 25.120 - A - D 958001 1000 1
snd 25.121 - A - D 959001 1000 1
rcv 25.171 - A - - 1 0 952001
rcv 25.171 - A - - 1 0 953001
snd 25.172 - A - D 960001 1000 1
rcv 25.247 - A - - 1 0 953001
rcv 25.248 - A - - 1 0 954001
snd 25.248 - A - D 961001 1000 1
rcv 25.249 - A - - 1 0 955001
snd 25.249 - A - D 962001 1000 1
rcv 25.250 - A - - 1 0 956001
snd 25.250 - A - D 963001 1000 1
rcv 25.251 - A - - 1 0 957001
snd 25.251 - A - D 964001 1000 1
rcv 25.252 - A - - 1 0 958001
snd 25.253 - A - D 965001 1000 1
snd 25.277 - A - D 958001 1000 1
snd 25.280 - A - D 959001 1000 1
snd 25.280 - A - D 960001 1000 1
snd 25.280 - A - D 961001 1000 1
snd 25.281 - A - D 962001 1000 1
snd 25.281 - A - D 963001 1000 1
snd 25.281 - A - D 964001 1000 1
snd 25.281 - A - D 965001 1000 1
rcv 25.281 - A - - 1 0 959001
snd 25.282 - A - D 966001 1000 1
rcv 25.282 - A - - 1 0 960001
snd 25.282 - A - D 967001 1000 1
rcv 25.284 - A - - 1 0 961001
snd 25.285 - A - D 968001 1000 1
rcv 25.332 - A - - 1 0 962001
snd 25.332 - A - D 969001 1000 1
rcv 25.333 - A - - 1 0 963001
snd 25.334 - A - D 970001 1000 1
rcv 25.335 - A - - 1 0 964001
snd 25.335 - A - D 971001 1000 1
rcv 25.381 - A - - 1 0 964001
rcv 25.429 - A - - 1 0 964001
rcv 25.431 - A - - 1 0 964001
snd 25.433 - A - D 964001 1000 1
rcv 25.433 - A - - 1 0 965001
snd 25.434 - A - D 972001 1000 1
rcv 25.434 - A - - 1 0 966001
snd 25.437 - A - D 973001 1000 1
rcv 25.437 - A - - 1 0 967001
snd 25.438 - A - D 974001 1000 1
rcv 25.438 - A - - 1 0 968001
snd 25.439 - A - D 975001 1000 1
rcv 25.481 - A - - 1 0 968001
rcv 25.481 - A - - 1 0 968001
rcv 25.481 - A - - 1 0 968001
snd 25.481 - A - D 968001 1000 1
rcv 25.548 - A - - 1 0 968001
rcv 25.554 - A - - 1 0 968001
rcv 25.596 - A - - 1 0 968001
rcv 25.596 - A - - 1 0 968001
rcv 25.596 - A - - 1 0 976001
snd 25.597 - A - D 976001 1000 1
snd 25.597 - A - D 977001 1000 1
snd 25.597 - A - D 978001 1000 1
snd 25.598 - A - D 979001 1000 1
snd 25.598 - A - D 980001 1000 1
snd 25.598 - A - D 981001 1000 1
snd 25.598 - A - D 982001 1000 1
snd 25.598 - A - D 983001 1000 1
rcv 25.700 - A - - 1 0 977001
snd 25.701 - A - D 984001 1000 1
rcv 25.702 - A - - 1 0 978001
snd 25.702 - A - D 985001 1000 1
rcv 25.703 - A - - 1 0 979001
snd 25.704 - A - D 986001 1000 1
rcv 25.704 - A - - 1 0 980001
snd 25.705 - A - D 987001 1000 1
rcv 25.773 - A - - 1 0 981001
snd 25.774 - A - D 988001 1000 1
rcv 25.774 - A - - 1 0 981001
rcv 25.774 - A - - 1 0 981001
snd 25.846 - A - D 981001 1000 1
snd 25.846 - A - D 982001 1000 1
snd 25.846 - A - D 983001 1000 1
snd 25.847 - A - D 984001 1000 1
snd 25.847 - A - D 985001 1000 1
snd 25.847 - A - D 986001 1000 1
snd 25.848 - A - D 987001 1000 1
snd 25.848 - A - D 988001 1000 1
rcv 25.850 - A - - 1 0 981001
snd 25.850 - A - D 981001 1000 1
rcv 25.851 - A - - 1 0 981001
rcv 25.892 - A - - 1 0 981001
rcv 25.941 - A - - 1 0 981001
rcv 25.941 - A - - 1 0 981001
rcv 26.016 - A - - 1 0 981001
rcv 26.056 - A - - 1 0 981001
rcv 26.057 - A - - 1 0 981001
rcv 26.058 - A - - 1 0 981001
rcv 26.058 - A - - 1 0 989001
snd 26.059 - A - D 989001 1000 1
snd 26.059 - A - D 990001 1000 1
snd 26.059 - A - D 991001 1000 1
snd 26.060 - A - D 992001 1000 1
snd 26.060 - A - D 993001 1000 1
snd 26.060 - A - D 994001 1000 1
snd 26.061 - A - D 995001 1000 1
snd 26.061 - A - D 996001 1000 1
rcv 26.220 - A - - 1 0 990001
snd 26.221 - A - D 997001 1000 1
rcv 26.221 - A - - 1 0 991001
snd 26.221 - A - D 998001 1000 1
rcv 26.278 - A - - 1 0 991001
rcv 26.279 - A - - 1 0 991001
rcv 26.279 - A - - 1 0 991001
snd 26.279 - A - D 991001 1000 1
rcv 26.280 - A - - 1 0 991001
rcv 26.337 - A - - 1 0 991001
rcv 26.383 - A - - 1 0 997001
snd 26.385 - A - D 999001 1000 1
snd 26.386 - A - D 1000001 1000 1
snd 26.388 - A - D 1001001 1000 1
snd 26.389 - A - D 1002001 1000 1
snd 26.389 - A - D 1003001 1000 1
snd 26.390 - A - D 1004001 1000 1
rcv 26.433 - A - - 1 0 997001
rcv 26.493 - A - - 1 0 997001
rcv 26.495 - A - - 1 0 997001
snd 26.498 - A - D 997001 1000 1
rcv 26.498 - A - - 1 0 997001
rcv 26.545 - A - - 1 0 997001
rcv 26.590 - A - - 1 0 999001
snd 26.590 - A - D 1005001 1000 1
snd 26.590 - A - D 1006001 1000 1
snd 26.666 - A - D 999001 1000 1
snd 26.667 - A - D 1000001 1000 1
snd 26.667 - A - D 1001001 1000 1
snd 26.667 - A - D 1002001 1000 1
snd 26.668 - A - D 1003001 1000 1
snd 26.668 - A - D 1004001 1000 1
snd 26.669 - A - D 1005001 1000 1
snd 26.669 - A - D 1006001 1000 1
rcv 26.724 - A - - 1 0 999001
rcv 26.724 - A - - 1 0 999001
rcv 26.776 - A - - 1 0 1007001
snd 26.777 - A - D 1007001 1000 1
snd 26.778 - A - D 1008001 1000 1
snd 26.778 - A - D 1009001 1000 1
snd 26.779 - A - D 1010001 1000 1
snd 26.779 - A - D 1011001 1000 1
snd 26.780 - A - D 1012001 1000 1
snd 26.780 - A - D 1013001 1000 1
snd 26.780 - A - D 1014001 1000 1
rcv 26.781 - A - - 1 0 1007001
rcv 26.825 - A - - 1 0 1007001
rcv 26.825 - A - - 1 0 1007001
snd 26.827 - A - D 1007001 1000 1
rcv 26.827 - A - - 1 0 1007001
rcv 26.827 - A - - 1 0 1007001
rcv 26.877 - A - - 1 0 1008001
snd 26.879 - A - D 1015001 1000 1
rcv 26.880 - A - - 1 0 1009001
snd 26.880 - A - D 1016001 1000 1
rcv 26.880 - A - - 1 0 1010001
snd 26.881 - A - D 1017001 1000 1
rcv 26.881 - A - - 1 0 1011001
snd 26.882 - A - D 1018001 1000 1
rcv 26.882 - A - - 1 0 1012001
snd 26.883 - A - D 1019001 1000 1
rcv 26.883 - A - - 1 0 1013001
snd 26.885 - A - D 1020001 1000 1
rcv 26.886 - A - - 1 0 1014001
snd 26.886 - A - D 1021001 1000 1
rcv 26.931 - A - - 1 0 1015001
snd 26.931 - A - D 1022001 1000 1
rcv 26.932 - A - - 1 0 1015001
rcv 27.039 - A - - 1 0 1016001
snd 27.040 - A - D 1023001 1000 1
rcv 27.040 - A - - 1 0 1018001
snd 27.040 - A - D 1024001 1000 1
snd 27.041 - A - D 1025001 1000 1
rcv 27.041 - A - - 1 0 1019001
snd 27.042 - A - D 1026001 1000 1
rcv 27.042 - A - - 1 0 1020001
snd 27.043 - A - D 1027001 1000 1
rcv 27.043 - A - - 1 0 1020001
rcv 27.136 - A - - 1 0 1020001
rcv 27.145 - A - - 1 0 1020001
snd 27.146 - A - D 1020001 1000 1
rcv 27.146 - A - - 1 0 1020001
rcv 27.147 - A - - 1 0 1020001
rcv 27.147 - A - - 1 0 1020001
rcv 27.278 - A - - 1 0 1022001
snd 27.279 - A - D 1028001 1000 1
snd 27.279 - A - D 1029001 1000 1
snd 27.331 - A - D 1022001 1000 1
snd 27.331 - A - D 1023001 1000 1
snd 27.332 - A - D 1024001 1000 1
snd 27.332 - A - D 1025001 1000 1
snd 27.332 - A - D 1026001 1000 1
snd 27.332 - A - D 1027001 1000 1
snd 27.332 - A - D 1028001 1000 1
snd 27.332 - A - D 1029001 1000 1
rcv 27.460 - A - - 1 0 1022001
snd 27.507 - A - D 1022001 1000 1
snd 27.519 - A - D 1023001 1000 1
snd 27.520 - A - D 1024001 1000 1
snd 27.520 - A - D 1025001 1000 1
snd 27.521 - A - D 1026001 1000 1
snd 27.521 - A - D 1027001 1000 1
snd 27.521 - A - D 1028001 1000 1
snd 27.522 - A - D 1029001 1000 1
rcv 27.550 - A - - 1 0 1030001
snd 27.550 - A - D 1030001 1000 1
snd 27.550 - A - D 1031001 1000 1
snd 27.551 - A - D 1032001 1000 1
snd 27.551 - A - D 1033001 1000 1
snd 27.551 - A - D 1034001 1000 1
snd 27.552 - A - D 1035001 1000 1
snd 27.552 - A - D 1036001 1000 1
snd 27.553 - A - D 1037001 1000 1
rcv 27.553 - A - - 1 0 1030001
rcv 27.553 - A - - 1 0 1030001
rcv 27.605 - A - - 1 0 1030001
snd 27.606 - A - D 1030001 1000 1
rcv 27.613 - A - - 1 0 1030001
rcv 27.656 - A - - 1 0 1030001
rcv 27.657 - A - - 1 0 1030001
rcv 27.657 - A - - 1 0 1030001
rcv 27.657 - A - - 1 0 1030001
rcv 27.657 - A - - 1 0 1030001
rcv 27.657 - A - - 1 0 1030001
rcv 27.657 - A - - 1 0 1030001
rcv 27.657 - A - - 1 0 1030001
rcv 27.657 - A - - 1 0 1030001
rcv 27.657 - A - - 1 0 1031001
snd 27.658 - A - D 1038001 1000 1
rcv 27.658 - A - - 1 0 1032001
snd 27.661 - A - D 1039001 1000 1
rcv 27.661 - A - - 1 0 1033001
snd 27.662 - A - D 1040001 1000 1
rcv 27.662 - A - - 1 0 1034001
snd 27.662 - A - D 1041001 1000 1
rcv 27.663 - A - - 1 0 1035001
snd 27.664 - A - D 1042001 1000 1
rcv 27.664 - A - - 1 0 1036001
snd 27.664 - A - D 1043001 1000 1
rcv 27.664 - A - - 1 0 1037001
snd 27.665 - A - D 1044001 1000 1
rcv 27.709 - A - - 1 0 1038001
snd 27.710 - A - D 1045001 1000 1
rcv 27.777 - A - - 1 0 1039001
snd 27.778 - A - D 1046001 1000 1
rcv 27.778 - A - - 1 0 1040001
snd 27.781 - A - D 1047001 1000 1
rcv 27.781 - A - - 1 0 1041001
snd 27.784 - A - D 1048001 576 1
rcv 27.784 - A - - 1 0 1042001
rcv 27.784 - A - - 1 0 1043001
snd 27.821 - A - D 1043001 1000 1
snd 27.822 - A - D 1044001 1000 1
snd 27.823 - A - D 1045001 1000 1
snd 27.823 - A - D 1046001 1000 1
snd 27.823 - A - D 1047001 1000 1
snd 27.823 - A - D 1048001 576 1
rcv 27.824 - A - - 1 0 1044001
rcv 27.824 - A - - 1 0 1045001
rcv 27.826 - A - - 1 0 1046001
rcv 27.877 - A - - 1 0 1047001
rcv 27.922 - A - - 1 0 1048001
rcv 27.922 - A - - 1 0 1048577
snd 27.924 - - F - 1048577 0 1
rcv 27.924 - A - - 1 0 1048577
rcv 27.968 - A - - 1 0 1048577
rcv 27.968 - A - - 1 0 1048577
rcv 27.972 - A - - 1 0 1048577
rcv 28.016 - A - - 1 0 1048577
rcv 28.016 - A - - 1 0 1048577
rcv 28.016 - A F - 1 0 1048578
snd 28.017 - A - - 1048578 0 2
1.00Mb 1601 1329 0 0 548 747
