rcv 5.570 S - - - 0 0 0
snd 5.614 S A - - 0 0 1
rcv 5.666 - A - - 1 0 1
rcv 5.667 - A - D 1 1000 1
snd 5.676 - A - - 1 0 1001
rcv 5.688 - A - D 1001 1000 1
snd 5.693 - A - - 1 0 2001
rcv 5.700 - A - D 2001 1000 1
snd 5.714 - A - - 1 0 3001
rcv 5.724 - A - D 4001 1000 1
snd 5.740 - A - - 1 0 3001
rcv 5.758 - A - D 5001 1000 1
snd 5.768 - A - - 1 0 3001
rcv 5.781 - A - D 6001 1000 1
snd 5.789 - A - - 1 0 3001
rcv 5.791 - A - D 7001 1000 1
snd 5.801 - A - - 1 0 3001
rcv 5.814 - A - D 8001 1000 1
snd 5.823 - A - - 1 0 3001
rcv 5.826 - A - D 1001 1000 1
snd 5.839 - A - - 1 0 3001
rcv 5.848 - A - D 2001 1000 1
snd 5.860 - A - - 1 0 3001
rcv 5.873 - A - D 4001 1000 1
snd 5.878 - A - - 1 0 3001
rcv 5.879 - A - D 5001 1000 1
snd 5.887 - A - - 1 0 3001
rcv 5.888 - A - D 6001 1000 1
snd 5.895 - A - - 1 0 3001
rcv 5.900 - A - D 7001 1000 1
snd 5.910 - A - - 1 0 3001
rcv 5.912 - A - D 8001 1000 1
snd 5.919 - A - - 1 0 3001
rcv 5.920 - A - D 9001 1000 1
snd 5.927 - A - - 1 0 3001
rcv 5.934 - A - D 10001 1000 1
snd 5.940 - A - - 1 0 3001
rcv 5.941 - A - D 3001 1000 1
snd 5.945 - A - - 1 0 11001
rcv 6.049 - A - D 11001 1000 1
snd 6.051 - A - - 1 0 12001
rcv 6.054 - A - D 12001 1000 1
snd 6.054 - A - - 1 0 13001
rcv 6.056 - A - D 13001 1000 1
snd 6.057 - A - - 1 0 14001
rcv 6.057 - A - D 14001 1000 1
snd 6.058 - A - - 1 0 15001
rcv 6.059 - A - D 15001 1000 1
snd 6.090 - A - - 1 0 16001
rcv 6.091 - A - D 16001 1000 1
snd 6.098 - A - - 1 0 17001
rcv 6.104 - A - D 17001 1000 1
snd 6.112 - A - - 1 0 18001
rcv 6.113 - A - D 19001 1000 1
snd 6.113 - A - - 1 0 18001
rcv 6.113 - A - D 20001 1000 1
snd 6.125 - A - - 1 0 18001
rcv 6.126 - A - D 21001 1000 1
snd 6.135 - A - - 1 0 18001
rcv 6.136 - A - D 22001 1000 1
snd 6.141 - A - - 1 0 18001
rcv 6.142 - A - D 23001 1000 1
snd 6.145 - A - - 1 0 18001
rcv 6.153 - A - D 24001 1000 1
snd 6.158 - A - - 1 0 18001
rcv 6.159 - A - D 25001 1000 1
snd 6.165 - A - - 1 0 18001
rcv 6.211 - A - D 18001 1000 1
snd 6.213 - A - - 1 0 26001
rcv 6.336 - A - D 26001 1000 1
snd 6.337 - A - - 1 0 27001
rcv 6.337 - A - D 27001 1000 1
snd 6.339 - A - - 1 0 28001
rcv 6.339 - A - D 28001 1000 1
snd 6.340 - A - - 1 0 29001
rcv 6.341 - A - D 29001 1000 1
snd 6.341 - A - - 1 0 30001
rcv 6.392 - A - D 31001 1000 1
snd 6.394 - A - - 1 0 30001
rcv 6.395 - A - D 32001 1000 1
snd 6.400 - A - - 1 0 30001
rcv 6.400 - A - D 33001 1000 1
snd 6.405 - A - - 1 0 30001
rcv 6.450 - A - D 35001 1000 1
snd 6.451 - A - - 1 0 30001
rcv 6.459 - A - D 36001 1000 1
snd 6.460 - A - - 1 0 30001
rcv 6.461 - A - D 37001 1000 1
snd 6.463 - A - - 1 0 30001
rcv 6.478 - A - D 30001 1000 1
snd 6.486 - A - - 1 0 34001
rcv 6.503 - A - D 31001 1000 1
snd 6.504 - A - - 1 0 34001
rcv 6.504 - A - D 32001 1000 1
snd 6.507 - A - - 1 0 34001
rcv 6.507 - A - D 33001 1000 1
snd 6.508 - A - - 1 0 34001
rcv 6.508 - A - D 34001 1000 1
snd 6.508 - A - - 1 0 38001
rcv 6.509 - A - D 35001 1000 1
snd 6.513 - A - - 1 0 38001
rcv 6.513 - A - D 36001 1000 1
snd 6.516 - A - - 1 0 38001
rcv 6.557 - A - D 37001 1000 1
snd 6.558 - A - - 1 0 38001
rcv 6.558 - A - D 30001 1000 1
snd 6.560 - A - - 1 0 38001
rcv 6.617 - A - D 38001 1000 1
snd 6.628 - A - - 1 0 39001
rcv 6.628 - A - D 39001 1000 1
snd 6.634 - A - - 1 0 40001
rcv 6.635 - A - D 40001 1000 1
snd 6.644 - A - - 1 0 41001
rcv 6.645 - A - D 41001 1000 1
snd 6.647 - A - - 1 0 42001
rcv 6.647 - A - D 34001 1000 1
snd 6.647 - A - - 1 0 42001
rcv 6.648 - A - D 42001 1000 1
snd 6.657 - A - - 1 0 43001
rcv 6.663 - A - D 43001 1000 1
snd 6.670 - A - - 1 0 44001
rcv 6.670 - A - D 44001 1000 1
snd 6.674 - A - - 1 0 45001
rcv 6.674 - A - D 45001 1000 1
snd 6.697 - A - - 1 0 46001
rcv 6.697 - A - D 38001 1000 1
snd 6.699 - A - - 1 0 46001
rcv 6.699 - A - D 46001 1000 1
snd 6.713 - A - - 1 0 47001
rcv 6.713 - A - D 47001 1000 1
snd 6.724 - A - - 1 0 48001
rcv 6.724 - A - D 48001 1000 1
snd 6.725 - A - - 1 0 49001
rcv 6.725 - A - D 49001 1000 1
snd 6.727 - A - - 1 0 50001
rcv 6.728 - A - D 52001 1000 1
snd 6.729 - A - - 1 0 50001
rcv 6.776 - A - D 53001 1000 1
snd 6.778 - A - - 1 0 50001
rcv 6.778 - A - D 54001 1000 1
snd 6.780 - A - - 1 0 50001
rcv 6.781 - A - D 55001 1000 1
snd 6.782 - A - - 1 0 50001
rcv 6.852 - A - D 56001 1000 1
snd 6.853 - A - - 1 0 50001
rcv 6.861 - A - D 57001 1000 1
snd 6.861 - A - - 1 0 50001
rcv 6.930 - A - D 50001 1000 1
snd 6.931 - A - - 1 0 51001
rcv 7.068 - A - D 51001 1000 1
snd 7.071 - A - - 1 0 58001
rcv 7.116 - A - D 52001 1000 1
snd 7.119 - A - - 1 0 58001
rcv 7.119 - A - D 53001 1000 1
snd 7.122 - A - - 1 0 58001
rcv 7.122 - A - D 54001 1000 1
snd 7.123 - A - - 1 0 58001
rcv 7.125 - A - D 55001 1000 1
snd 7.126 - A - - 1 0 58001
rcv 7.126 - A - D 56001 1000 1
snd 7.126 - A - - 1 0 58001
rcv 7.128 - A - D 57001 1000 1
snd 7.128 - A - - 1 0 58001
rcv 7.185 - A - D 59001 1000 1
snd 7.186 - A - - 1 0 58001
rcv 7.186 - A - D 61001 1000 1
snd 7.187 - A - - 1 0 58001
rcv 7.187 - A - D 62001 1000 1
snd 7.188 - A - - 1 0 58001
rcv 7.189 - A - D 63001 1000 1
snd 7.206 - A - - 1 0 58001
rcv 7.207 - A - D 64001 1000 1
snd 7.220 - A - - 1 0 58001
rcv 7.221 - A - D 65001 1000 1
snd 7.223 - A - - 1 0 58001
rcv 7.264 - A - D 58001 1000 1
snd 7.266 - A - - 1 0 60001
rcv 7.266 - A - D 59001 1000 1
snd 7.266 - A - - 1 0 60001
rcv 7.266 - A - D 60001 1000 1
snd 7.291 - A - - 1 0 66001
rcv 7.292 - A - D 61001 1000 1
snd 7.301 - A - - 1 0 66001
rcv 7.303 - A - D 62001 1000 1
snd 7.305 - A - - 1 0 66001
rcv 7.305 - A - D 63001 1000 1
snd 7.311 - A - - 1 0 66001
rcv 7.312 - A - D 64001 1000 1
snd 7.318 - A - - 1 0 66001
rcv 7.319 - A - D 65001 1000 1
snd 7.324 - A - - 1 0 66001
rcv 7.324 - A - D 66001 1000 1
snd 7.335 - A - - 1 0 67001
rcv 7.340 - A - D 67001 1000 1
snd 7.343 - A - - 1 0 68001
rcv 7.343 - A - D 69001 1000 1
snd 7.346 - A - - 1 0 68001
rcv 7.346 - A - D 70001 1000 1
snd 7.352 - A - - 1 0 68001
rcv 7.352 - A - D 71001 1000 1
snd 7.356 - A - - 1 0 68001
rcv 7.356 - A - D 72001 1000 1
snd 7.361 - A - - 1 0 68001
rcv 7.362 - A - D 73001 1000 1
snd 7.364 - A - - 1 0 68001
rcv 7.365 - A - D 66001 1000 1
snd 7.370 - A - - 1 0 68001
rcv 7.371 - A - D 74001 1000 1
snd 7.373 - A - - 1 0 68001
rcv 7.374 - A - D 68001 1000 1
snd 7.377 - A - - 1 0 75001
rcv 7.493 - A - D 76001 1000 1
snd 7.494 - A - - 1 0 75001
rcv 7.544 - A - D 77001 1000 1
snd 7.546 - A - - 1 0 75001
rcv 7.554 - A - D 78001 1000 1
snd 7.557 - A - - 1 0 75001
rcv 7.606 - A - D 79001 1000 1
snd 7.608 - A - - 1 0 75001
rcv 7.609 - A - D 80001 1000 1
snd 7.609 - A - - 1 0 75001
rcv 7.610 - A - D 81001 1000 1
snd 7.610 - A - - 1 0 75001
rcv 7.610 - A - D 82001 1000 1
snd 7.611 - A - - 1 0 75001
rcv 7.611 - A - D 75001 1000 1
snd 7.618 - A - - 1 0 83001
rcv 7.619 - A - D 76001 1000 1
snd 7.628 - A - - 1 0 83001
rcv 7.628 - A - D 77001 1000 1
snd 7.631 - A - - 1 0 83001
rcv 7.632 - A - D 78001 1000 1
snd 7.645 - A - - 1 0 83001
rcv 7.645 - A - D 79001 1000 1
snd 7.652 - A - - 1 0 83001
rcv 7.652 - A - D 80001 1000 1
snd 7.659 - A - - 1 0 83001
rcv 7.662 - A - D 83001 1000 1
snd 7.663 - A - - 1 0 84001
rcv 7.663 - A - D 84001 1000 1
snd 7.665 - A - - 1 0 85001
rcv 7.666 - A - D 85001 1000 1
snd 7.675 - A - - 1 0 86001
rcv 7.675 - A - D 86001 1000 1
snd 7.677 - A - - 1 0 87001
rcv 7.678 - A - D 87001 1000 1
snd 7.696 - A - - 1 0 88001
rcv 7.697 - A - D 88001 1000 1
snd 7.702 - A - - 1 0 89001
rcv 7.703 - A - D 89001 1000 1
snd 7.707 - A - - 1 0 90001
rcv 7.707 - A - D 90001 1000 1
snd 7.711 - A - - 1 0 91001
rcv 7.724 - A - D 83001 1000 1
snd 7.733 - A - - 1 0 91001
rcv 7.744 - A - D 91001 1000 1
snd 7.745 - A - - 1 0 92001
rcv 7.793 - A - D 92001 1000 1
snd 7.795 - A - - 1 0 93001
rcv 7.795 - A - D 93001 1000 1
snd 7.796 - A - - 1 0 94001
rcv 7.796 - A - D 94001 1000 1
snd 7.797 - A - - 1 0 95001
rcv 7.797 - A - D 95001 1000 1
snd 7.798 - A - - 1 0 96001
rcv 7.802 - A - D 96001 1000 1
snd 7.807 - A - - 1 0 97001
rcv 7.807 - A - D 97001 1000 1
snd 7.808 - A - - 1 0 98001
rcv 7.811 - A - D 98001 1000 1
snd 7.812 - A - - 1 0 99001
rcv 7.880 - A - D 99001 1000 1
snd 7.881 - A - - 1 0 100001
rcv 7.899 - A - D 92001 1000 1
snd 7.899 - A - - 1 0 100001
rcv 7.899 - A - D 94001 1000 1
snd 7.900 - A - - 1 0 100001
rcv 7.900 - A - D 95001 1000 1
snd 7.900 - A - - 1 0 100001
rcv 7.902 - A - D 96001 1000 1
snd 7.902 - A - - 1 0 100001
rcv 7.903 - A - D 97001 1000 1
snd 7.903 - A - - 1 0 100001
rcv 7.907 - A - D 98001 1000 1
snd 7.907 - A - - 1 0 100001
rcv 7.909 - A - D 100001 1000 1
snd 7.912 - A - - 1 0 101001
rcv 7.912 - A - D 101001 1000 1
snd 7.916 - A - - 1 0 102001
rcv 7.916 - A - D 102001 1000 1
snd 7.919 - A - - 1 0 103001
rcv 7.920 - A - D 103001 1000 1
snd 7.930 - A - - 1 0 104001
rcv 7.968 - A - D 104001 1000 1
snd 7.973 - A - - 1 0 105001
rcv 7.973 - A - D 106001 1000 1
snd 7.975 - A - - 1 0 105001
rcv 7.975 - A - D 107001 1000 1
snd 7.977 - A - - 1 0 105001
rcv 7.997 - A - D 100001 1000 1
snd 7.998 - A - - 1 0 105001
rcv 8.008 - A - D 108001 1000 1
snd 8.009 - A - - 1 0 105001
rcv 8.009 - A - D 109001 1000 1
snd 8.009 - A - - 1 0 105001
rcv 8.015 - A - D 110001 1000 1
snd 8.016 - A - - 1 0 105001
rcv 8.018 - A - D 111001 1000 1
snd 8.022 - A - - 1 0 105001
rcv 8.064 - A - D 112001 1000 1
snd 8.065 - A - - 1 0 105001
rcv 8.241 - A - D 105001 1000 1
snd 8.242 - A - - 1 0 113001
rcv 8.285 - A - D 106001 1000 1
snd 8.285 - A - - 1 0 113001
rcv 8.286 - A - D 107001 1000 1
snd 8.286 - A - - 1 0 113001
rcv 8.286 - A - D 108001 1000 1
snd 8.287 - A - - 1 0 113001
rcv 8.287 - A - D 109001 1000 1
snd 8.288 - A - - 1 0 113001
rcv 8.288 - A - D 110001 1000 1
snd 8.289 - A - - 1 0 113001
rcv 8.291 - A - D 112001 1000 1
snd 8.292 - A - - 1 0 113001
rcv 8.350 - A - D 113001 1000 1
snd 8.358 - A - - 1 0 114001
rcv 8.360 - A - D 114001 1000 1
snd 8.361 - A - - 1 0 115001
rcv 8.361 - A - D 115001 1000 1
snd 8.366 - A - - 1 0 116001
rcv 8.366 - A - D 116001 1000 1
snd 8.367 - A - - 1 0 117001
rcv 8.367 - A - D 117001 1000 1
snd 8.368 - A - - 1 0 118001
rcv 8.368 - A - D 118001 1000 1
snd 8.368 - A - - 1 0 119001
rcv 8.368 - A - D 119001 1000 1
snd 8.369 - A - - 1 0 120001
rcv 8.370 - A - D 120001 1000 1
snd 8.372 - A - - 1 0 121001
rcv 8.444 - A - D 113001 1000 1
snd 8.445 - A - - 1 0 121001
rcv 8.508 - A - D 121001 1000 1
snd 8.509 - A - - 1 0 122001
rcv 8.509 - A - D 122001 1000 1
snd 8.510 - A - - 1 0 123001
rcv 8.510 - A - D 123001 1000 1
snd 8.511 - A - - 1 0 124001
rcv 8.511 - A - D 124001 1000 1
snd 8.515 - A - - 1 0 125001
rcv 8.515 - A - D 125001 1000 1
snd 8.522 - A - - 1 0 126001
rcv 8.523 - A - D 126001 1000 1
snd 8.524 - A - - 1 0 127001
rcv 8.524 - A - D 127001 1000 1
snd 8.527 - A - - 1 0 128001
rcv 8.569 - A - D 129001 1000 1
snd 8.572 - A - - 1 0 128001
rcv 8.572 - A - D 130001 1000 1
snd 8.574 - A - - 1 0 128001
rcv 8.577 - A - D 131001 1000 1
snd 8.579 - A - - 1 0 128001
rcv 8.579 - A - D 132001 1000 1
snd 8.580 - A - - 1 0 128001
rcv 8.648 - A - D 133001 1000 1
snd 8.652 - A - - 1 0 128001
rcv 8.653 - A - D 135001 1000 1
snd 8.654 - A - - 1 0 128001
rcv 8.730 - A - D 128001 1000 1
snd 8.737 - A - - 1 0 134001
rcv 8.884 - A - D 136001 1000 1
snd 8.886 - A - - 1 0 134001
rcv 8.886 - A - D 137001 1000 1
snd 8.888 - A - - 1 0 134001
rcv 8.888 - A - D 138001 1000 1
snd 8.889 - A - - 1 0 134001
rcv 8.889 - A - D 139001 1000 1
snd 8.890 - A - - 1 0 134001
rcv 8.891 - A - D 140001 1000 1
snd 8.892 - A - - 1 0 134001
rcv 8.893 - A - D 135001 1000 1
snd 8.893 - A - - 1 0 134001
rcv 8.898 - A - D 136001 1000 1
snd 8.907 - A - - 1 0 134001
rcv 8.908 - A - D 137001 1000 1
snd 8.911 - A - - 1 0 134001
rcv 8.912 - A - D 138001 1000 1
snd 8.912 - A - - 1 0 134001
rcv 8.917 - A - D 139001 1000 1
snd 8.931 - A - - 1 0 134001
rcv 8.934 - A - D 140001 1000 1
snd 8.937 - A - - 1 0 134001
rcv 8.938 - A - D 141001 1000 1
snd 8.944 - A - - 1 0 134001
rcv 9.209 - A - D 134001 1000 1
snd 9.211 - A - - 1 0 142001
rcv 9.256 - A - D 135001 1000 1
snd 9.256 - A - - 1 0 142001
rcv 9.257 - A - D 136001 1000 1
snd 9.257 - A - - 1 0 142001
rcv 9.302 - A - D 137001 1000 1
snd 9.304 - A - - 1 0 142001
rcv 9.304 - A - D 138001 1000 1
snd 9.305 - A - - 1 0 142001
rcv 9.305 - A - D 140001 1000 1
snd 9.307 - A - - 1 0 142001
rcv 9.307 - A - D 141001 1000 1
snd 9.308 - A - - 1 0 142001
rcv 9.377 - A - D 143001 1000 1
snd 9.379 - A - - 1 0 142001
rcv 9.379 - A - D 144001 1000 1
snd 9.382 - A - - 1 0 142001
rcv 9.383 - A - D 145001 1000 1
snd 9.383 - A - - 1 0 142001
rcv 9.384 - A - D 146001 1000 1
snd 9.385 - A - - 1 0 142001
rcv 9.385 - A - D 147001 1000 1
snd 9.386 - A - - 1 0 142001
rcv 9.386 - A - D 148001 1000 1
snd 9.388 - A - - 1 0 142001
rcv 9.390 - A - D 149001 1000 1
snd 9.398 - A - - 1 0 142001
rcv 9.445 - A - D 142001 1000 1
snd 9.447 - A - - 1 0 150001
rcv 9.541 - A - D 150001 1000 1
snd 9.542 - A - - 1 0 151001
rcv 9.542 - A - D 151001 1000 1
snd 9.543 - A - - 1 0 152001
rcv 9.543 - A - D 152001 1000 1
snd 9.543 - A - - 1 0 153001
rcv 9.543 - A - D 153001 1000 1
snd 9.544 - A - - 1 0 154001
rcv 9.544 - A - D 154001 1000 1
snd 9.544 - A - - 1 0 155001
rcv 9.554 - A - D 155001 1000 1
snd 9.557 - A - - 1 0 156001
rcv 9.557 - A - D 156001 1000 1
snd 9.565 - A - - 1 0 157001
rcv 9.566 - A - D 157001 1000 1
snd 9.569 - A - - 1 0 158001
rcv 9.608 - A - D 158001 1000 1
snd 9.609 - A - - 1 0 159001
rcv 9.609 - A - D 159001 1000 1
snd 9.609 - A - - 1 0 160001
rcv 9.610 - A - D 160001 1000 1
snd 9.610 - A - - 1 0 161001
rcv 9.614 - A - D 161001 1000 1
snd 9.619 - A - - 1 0 162001
rcv 9.620 - A - D 162001 1000 1
snd 9.621 - A - - 1 0 163001
rcv 9.726 - A - D 164001 1000 1
snd 9.728 - A - - 1 0 163001
rcv 9.729 - A - D 166001 1000 1
snd 9.731 - A - - 1 0 163001
rcv 9.731 - A - D 167001 1000 1
snd 9.733 - A - - 1 0 163001
rcv 9.816 - A - D 169001 1000 1
snd 9.817 - A - - 1 0 163001
rcv 9.818 - A - D 170001 1000 1
snd 9.818 - A - - 1 0 163001
rcv 9.888 - A - D 163001 1000 1
snd 9.889 - A - - 1 0 165001
rcv 10.007 - A - D 171001 1000 1
snd 10.009 - A - - 1 0 165001
rcv 10.010 - A - D 172001 1000 1
snd 10.011 - A - - 1 0 165001
rcv 10.012 - A - D 165001 1000 1
snd 10.013 - A - - 1 0 168001
rcv 10.013 - A - D 166001 1000 1
snd 10.019 - A - - 1 0 168001
rcv 10.020 - A - D 167001 1000 1
snd 10.025 - A - - 1 0 168001
rcv 10.025 - A - D 168001 1000 1
snd 10.030 - A - - 1 0 173001
rcv 10.030 - A - D 170001 1000 1
snd 10.036 - A - - 1 0 173001
rcv 10.036 - A - D 171001 1000 1
snd 10.037 - A - - 1 0 173001
rcv 10.037 - A - D 172001 1000 1
snd 10.039 - A - - 1 0 173001
rcv 10.043 - A - D 174001 1000 1
snd 10.048 - A - - 1 0 173001
rcv 10.048 - A - D 175001 1000 1
snd 10.060 - A - - 1 0 173001
rcv 10.061 - A - D 176001 1000 1
snd 10.062 - A - - 1 0 173001
rcv 10.062 - A - D 177001 1000 1
snd 10.067 - A - - 1 0 173001
rcv 10.067 - A - D 178001 1000 1
snd 10.069 - A - - 1 0 173001
rcv 10.069 - A - D 179001 1000 1
snd 10.070 - A - - 1 0 173001
rcv 10.123 - A - D 173001 1000 1
snd 10.123 - A - - 1 0 180001
rcv 10.194 - A - D 181001 1000 1
snd 10.194 - A - - 1 0 180001
rcv 10.236 - A - D 182001 1000 1
snd 10.236 - A - - 1 0 180001
rcv 10.237 - A - D 185001 1000 1
snd 10.237 - A - - 1 0 180001
rcv 10.240 - A - D 186001 1000 1
snd 10.241 - A - - 1 0 180001
rcv 10.242 - A - D 187001 1000 1
snd 10.245 - A - - 1 0 180001
rcv 10.321 - A - D 180001 1000 1
snd 10.323 - A - - 1 0 183001
rcv 10.324 - A - D 181001 1000 1
snd 10.325 - A - - 1 0 183001
rcv 10.325 - A - D 182001 1000 1
snd 10.327 - A - - 1 0 183001
rcv 10.328 - A - D 183001 1000 1
snd 10.328 - A - - 1 0 184001
rcv 10.328 - A - D 184001 1000 1
snd 10.331 - A - - 1 0 188001
rcv 10.332 - A - D 185001 1000 1
snd 10.333 - A - - 1 0 188001
rcv 10.333 - A - D 186001 1000 1
snd 10.333 - A - - 1 0 188001
rcv 10.333 - A - D 187001 1000 1
snd 10.334 - A - - 1 0 188001
rcv 10.392 - A - D 180001 1000 1
snd 10.394 - A - - 1 0 188001
rcv 10.441 - A - D 188001 1000 1
snd 10.442 - A - - 1 0 189001
rcv 10.456 - A - D 189001 1000 1
snd 10.457 - A - - 1 0 190001
rcv 10.457 - A - D 190001 1000 1
snd 10.457 - A - - 1 0 191001
rcv 10.500 - A - D 192001 1000 1
snd 10.503 - A - - 1 0 191001
rcv 10.503 - A - D 193001 1000 1
snd 10.504 - A - - 1 0 191001
rcv 10.504 - A - D 194001 1000 1
snd 10.506 - A - - 1 0 191001
rcv 10.506 - A - D 195001 1000 1
snd 10.506 - A - - 1 0 191001
rcv 10.506 - A - D 188001 1000 1
snd 10.507 - A - - 1 0 191001
rcv 10.573 - A - D 196001 1000 1
snd 10.576 - A - - 1 0 191001
rcv 10.576 - A - D 197001 1000 1
snd 10.583 - A - - 1 0 191001
rcv 10.620 - A - D 198001 1000 1
snd 10.620 - A - - 1 0 191001
rcv 10.621 - A - D 191001 1000 1
snd 10.621 - A - - 1 0 199001
rcv 10.817 - A - D 199001 1000 1
snd 10.820 - A - - 1 0 200001
rcv 10.821 - A - D 200001 1000 1
snd 10.821 - A - - 1 0 201001
rcv 10.821 - A - D 202001 1000 1
snd 10.823 - A - - 1 0 201001
rcv 10.824 - A - D 203001 1000 1
snd 10.824 - A - - 1 0 201001
rcv 10.827 - A - D 205001 1000 1
snd 10.827 - A - - 1 0 201001
rcv 10.889 - A - D 206001 1000 1
snd 10.889 - A - - 1 0 201001
rcv 10.932 - A - D 199001 1000 1
snd 10.936 - A - - 1 0 201001
rcv 10.936 - A - D 201001 1000 1
snd 10.936 - A - - 1 0 204001
rcv 10.936 - A - D 202001 1000 1
snd 10.937 - A - - 1 0 204001
rcv 10.937 - A - D 203001 1000 1
snd 10.937 - A - - 1 0 204001
rcv 10.937 - A - D 205001 1000 1
snd 10.938 - A - - 1 0 204001
rcv 10.938 - A - D 206001 1000 1
snd 10.938 - A - - 1 0 204001
rcv 10.988 - A - D 208001 1000 1
snd 10.989 - A - - 1 0 204001
rcv 10.992 - A - D 201001 1000 1
snd 10.992 - A - - 1 0 204001
rcv 11.092 - A - D 209001 1000 1
snd 11.093 - A - - 1 0 204001
rcv 11.093 - A - D 210001 1000 1
snd 11.093 - A - - 1 0 204001
rcv 11.093 - A - D 211001 1000 1
snd 11.094 - A - - 1 0 204001
rcv 11.096 - A - D 204001 1000 1
snd 11.096 - A - - 1 0 207001
rcv 11.209 - A - D 212001 1000 1
snd 11.210 - A - - 1 0 207001
rcv 11.260 - A - D 213001 1000 1
snd 11.261 - A - - 1 0 207001
rcv 11.264 - A - D 214001 1000 1
snd 11.265 - A - - 1 0 207001
rcv 11.265 - A - D 207001 1000 1
snd 11.266 - A - - 1 0 215001
rcv 11.266 - A - D 208001 1000 1
snd 11.267 - A - - 1 0 215001
rcv 11.267 - A - D 209001 1000 1
snd 11.267 - A - - 1 0 215001
rcv 11.268 - A - D 211001 1000 1
snd 11.273 - A - - 1 0 215001
rcv 11.273 - A - D 212001 1000 1
snd 11.278 - A - - 1 0 215001
rcv 11.279 - A - D 213001 1000 1
snd 11.279 - A - - 1 0 215001
rcv 11.279 - A - D 214001 1000 1
snd 11.279 - A - - 1 0 215001
rcv 11.385 - A - D 207001 1000 1
snd 11.387 - A - - 1 0 215001
rcv 11.387 - A - D 216001 1000 1
snd 11.388 - A - - 1 0 215001
rcv 11.388 - A - D 217001 1000 1
snd 11.388 - A - - 1 0 215001
rcv 11.389 - A - D 218001 1000 1
snd 11.389 - A - - 1 0 215001
rcv 11.389 - A - D 219001 1000 1
snd 11.390 - A - - 1 0 215001
rcv 11.390 - A - D 220001 1000 1
snd 11.390 - A - - 1 0 215001
rcv 11.400 - A - D 221001 1000 1
snd 11.401 - A - - 1 0 215001
rcv 11.402 - A - D 222001 1000 1
snd 11.403 - A - - 1 0 215001
rcv 11.677 - A - D 215001 1000 1
snd 11.677 - A - - 1 0 223001
rcv 11.678 - A - D 217001 1000 1
snd 11.680 - A - - 1 0 223001
rcv 11.680 - A - D 218001 1000 1
snd 11.681 - A - - 1 0 223001
rcv 11.681 - A - D 219001 1000 1
snd 11.681 - A - - 1 0 223001
rcv 11.809 - A - D 225001 1000 1
snd 11.810 - A - - 1 0 223001
rcv 11.876 - A - D 226001 1000 1
snd 11.877 - A - - 1 0 223001
rcv 11.877 - A - D 227001 1000 1
snd 11.877 - A - - 1 0 223001
rcv 11.877 - A - D 228001 1000 1
snd 11.878 - A - - 1 0 223001
rcv 11.878 - A - D 230001 1000 1
snd 11.878 - A - - 1 0 223001
rcv 11.878 - A - D 223001 1000 1
snd 11.879 - A - - 1 0 224001
rcv 11.967 - A - D 231001 1000 1
snd 11.967 - A - - 1 0 224001
rcv 11.980 - A - D 224001 1000 1
snd 11.983 - A - - 1 0 229001
rcv 11.983 - A - D 225001 1000 1
snd 11.983 - A - - 1 0 229001
rcv 11.983 - A - D 226001 1000 1
snd 11.984 - A - - 1 0 229001
rcv 11.986 - A - D 227001 1000 1
snd 11.986 - A - - 1 0 229001
rcv 11.986 - A - D 228001 1000 1
snd 11.987 - A - - 1 0 229001
rcv 12.032 - A - D 229001 1000 1
snd 12.033 - A - - 1 0 232001
rcv 12.040 - A - D 230001 1000 1
snd 12.040 - A - - 1 0 232001
rcv 12.043 - A - D 231001 1000 1
snd 12.043 - A - - 1 0 232001
rcv 12.092 - A - D 232001 1000 1
snd 12.094 - A - - 1 0 233001
rcv 12.095 - A - D 233001 1000 1
snd 12.095 - A - - 1 0 234001
rcv 12.153 - A - D 234001 1000 1
snd 12.155 - A - - 1 0 235001
rcv 12.157 - A - D 235001 1000 1
snd 12.158 - A - - 1 0 236001
rcv 12.158 - A - D 236001 1000 1
snd 12.165 - A - - 1 0 237001
rcv 12.165 - A - D 229001 1000 1
snd 12.165 - A - - 1 0 237001
rcv 12.165 - A - D 237001 1000 1
snd 12.168 - A - - 1 0 238001
rcv 12.168 - A - D 238001 1000 1
snd 12.171 - A - - 1 0 239001
rcv 12.171 - A - D 239001 1000 1
snd 12.179 - A - - 1 0 240001
rcv 12.179 - A - D 240001 1000 1
snd 12.184 - A - - 1 0 241001
rcv 12.228 - A - D 241001 1000 1
snd 12.231 - A - - 1 0 242001
rcv 12.232 - A - D 242001 1000 1
snd 12.232 - A - - 1 0 243001
rcv 12.232 - A - D 244001 1000 1
snd 12.233 - A - - 1 0 243001
rcv 12.233 - A - D 245001 1000 1
snd 12.234 - A - - 1 0 243001
rcv 12.342 - A - D 247001 1000 1
snd 12.343 - A - - 1 0 243001
rcv 12.389 - A - D 248001 1000 1
snd 12.392 - A - - 1 0 243001
rcv 12.414 - A - D 250001 1000 1
snd 12.415 - A - - 1 0 243001
rcv 12.484 - A - D 243001 1000 1
snd 12.485 - A - - 1 0 246001
rcv 12.485 - A - D 244001 1000 1
snd 12.486 - A - - 1 0 246001
rcv 12.488 - A - D 245001 1000 1
snd 12.488 - A - - 1 0 246001
rcv 12.488 - A - D 246001 1000 1
snd 12.489 - A - - 1 0 249001
rcv 12.489 - A - D 247001 1000 1
snd 12.490 - A - - 1 0 249001
rcv 12.490 - A - D 248001 1000 1
snd 12.491 - A - - 1 0 249001
rcv 12.492 - A - D 249001 1000 1
snd 12.492 - A - - 1 0 251001
rcv 12.492 - A - D 250001 1000 1
snd 12.493 - A - - 1 0 251001
rcv 12.605 - A - D 251001 1000 1
snd 12.606 - A - - 1 0 252001
rcv 12.609 - A - D 252001 1000 1
snd 12.609 - A - - 1 0 253001
rcv 12.609 - A - D 253001 1000 1
snd 12.610 - A - - 1 0 254001
rcv 12.681 - A - D 254001 1000 1
snd 12.682 - A - - 1 0 255001
rcv 12.682 - A - D 255001 1000 1
snd 12.684 - A - - 1 0 256001
rcv 12.684 - A - D 256001 1000 1
snd 12.686 - A - - 1 0 257001
rcv 12.686 - A - D 257001 1000 1
snd 12.687 - A - - 1 0 258001
rcv 12.688 - A - D 258001 1000 1
snd 12.689 - A - - 1 0 259001
rcv 12.756 - A - D 259001 1000 1
snd 12.757 - A - - 1 0 260001
rcv 12.757 - A - D 260001 1000 1
snd 12.758 - A - - 1 0 261001
rcv 12.758 - A - D 261001 1000 1
snd 12.758 - A - - 1 0 262001
rcv 12.759 - A - D 262001 1000 1
snd 12.759 - A - - 1 0 263001
rcv 12.805 - A - D 263001 1000 1
snd 12.805 - A - - 1 0 264001
rcv 12.808 - A - D 265001 1000 1
snd 12.808 - A - - 1 0 264001
rcv 12.810 - A - D 266001 1000 1
snd 12.811 - A - - 1 0 264001
rcv 12.878 - A - D 267001 1000 1
snd 12.878 - A - - 1 0 264001
rcv 12.925 - A - D 268001 1000 1
snd 12.928 - A - - 1 0 264001
rcv 12.928 - A - D 269001 1000 1
snd 12.932 - A - - 1 0 264001
rcv 12.932 - A - D 270001 1000 1
snd 12.933 - A - - 1 0 264001
rcv 12.993 - A - D 271001 1000 1
snd 12.996 - A - - 1 0 264001
rcv 12.997 - A - D 264001 1000 1
snd 12.997 - A - - 1 0 272001
rcv 13.099 - A - D 272001 1000 1
snd 13.103 - A - - 1 0 273001
rcv 13.148 - A - D 273001 1000 1
snd 13.148 - A - - 1 0 274001
rcv 13.149 - A - D 274001 1000 1
snd 13.150 - A - - 1 0 275001
rcv 13.150 - A - D 275001 1000 1
snd 13.150 - A - - 1 0 276001
rcv 13.151 - A - D 276001 1000 1
snd 13.151 - A - - 1 0 277001
rcv 13.152 - A - D 277001 1000 1
snd 13.152 - A - - 1 0 278001
rcv 13.152 - A - D 278001 1000 1
snd 13.153 - A - - 1 0 279001
rcv 13.153 - A - D 279001 1000 1
snd 13.155 - A - - 1 0 280001
rcv 13.229 - A - D 280001 1000 1
snd 13.230 - A - - 1 0 281001
rcv 13.245 - A - D 281001 1000 1
snd 13.246 - A - - 1 0 282001
rcv 13.246 - A - D 282001 1000 1
snd 13.246 - A - - 1 0 283001
rcv 13.256 - A - D 283001 1000 1
snd 13.257 - A - - 1 0 284001
rcv 13.313 - A - D 284001 1000 1
snd 13.315 - A - - 1 0 285001
rcv 13.315 - A - D 286001 1000 1
snd 13.315 - A - - 1 0 285001
rcv 13.315 - A - D 288001 1000 1
snd 13.316 - A - - 1 0 285001
rcv 13.376 - A - D 289001 1000 1
snd 13.377 - A - - 1 0 285001
rcv 13.377 - A - D 291001 1000 1
snd 13.377 - A - - 1 0 285001
rcv 13.433 - A - D 292001 1000 1
snd 13.434 - A - - 1 0 285001
rcv 13.494 - A - D 285001 1000 1
snd 13.494 - A - - 1 0 287001
rcv 13.639 - A - D 294001 1000 1
snd 13.642 - A - - 1 0 287001
rcv 13.642 - A - D 287001 1000 1
snd 13.647 - A - - 1 0 290001
rcv 13.647 - A - D 288001 1000 1
snd 13.649 - A - - 1 0 290001
rcv 13.649 - A - D 289001 1000 1
snd 13.649 - A - - 1 0 290001
rcv 13.649 - A - D 290001 1000 1
snd 13.650 - A - - 1 0 293001
rcv 13.650 - A - D 291001 1000 1
snd 13.651 - A - - 1 0 293001
rcv 13.651 - A - D 292001 1000 1
snd 13.652 - A - - 1 0 293001
rcv 13.652 - A - D 293001 1000 1
snd 13.652 - A - - 1 0 295001
rcv 13.698 - A - D 294001 1000 1
snd 13.700 - A - - 1 0 295001
rcv 13.772 - A - D 295001 1000 1
snd 13.773 - A - - 1 0 296001
rcv 13.773 - A - D 296001 1000 1
snd 13.773 - A - - 1 0 297001
rcv 13.818 - A - D 297001 1000 1
snd 13.821 - A - - 1 0 298001
rcv 13.821 - A - D 298001 1000 1
snd 13.822 - A - - 1 0 299001
rcv 13.823 - A - D 300001 1000 1
snd 13.823 - A - - 1 0 299001
rcv 13.823 - A - D 301001 1000 1
snd 13.828 - A - - 1 0 299001
rcv 13.874 - A - D 303001 1000 1
snd 13.875 - A - - 1 0 299001
rcv 13.925 - A - D 304001 1000 1
snd 13.925 - A - - 1 0 299001
rcv 13.925 - A - D 297001 1000 1
snd 13.926 - A - - 1 0 299001
rcv 13.926 - A - D 298001 1000 1
snd 13.926 - A - - 1 0 299001
rcv 13.926 - A - D 299001 1000 1
snd 13.927 - A - - 1 0 302001
rcv 13.928 - A - D 300001 1000 1
snd 13.928 - A - - 1 0 302001
rcv 13.928 - A - D 301001 1000 1
snd 13.929 - A - - 1 0 302001
rcv 13.929 - A - D 302001 1000 1
snd 13.930 - A - - 1 0 305001
rcv 13.930 - A - D 303001 1000 1
snd 13.933 - A - - 1 0 305001
rcv 13.934 - A - D 305001 1000 1
snd 13.935 - A - - 1 0 306001
rcv 13.935 - A - D 306001 1000 1
snd 13.938 - A - - 1 0 307001
rcv 13.981 - A - D 299001 1000 1
snd 13.981 - A - - 1 0 307001
rcv 14.036 - A - D 307001 1000 1
snd 14.036 - A - - 1 0 308001
rcv 14.094 - A - D 308001 1000 1
snd 14.095 - A - - 1 0 309001
rcv 14.095 - A - D 309001 1000 1
snd 14.097 - A - - 1 0 310001
rcv 14.097 - A - D 310001 1000 1
snd 14.097 - A - - 1 0 311001
rcv 14.097 - A - D 311001 1000 1
snd 14.098 - A - - 1 0 312001
rcv 14.098 - A - D 312001 1000 1
snd 14.098 - A - - 1 0 313001
rcv 14.100 - A - D 313001 1000 1
snd 14.100 - A - - 1 0 314001
rcv 14.101 - A - D 314001 1000 1
snd 14.101 - A - - 1 0 315001
rcv 14.216 - A - D 316001 1000 1
snd 14.218 - A - - 1 0 315001
rcv 14.219 - A - D 317001 1000 1
snd 14.219 - A - - 1 0 315001
rcv 14.219 - A - D 318001 1000 1
snd 14.220 - A - - 1 0 315001
rcv 14.220 - A - D 319001 1000 1
snd 14.220 - A - - 1 0 315001
rcv 14.221 - A - D 320001 1000 1
snd 14.221 - A - - 1 0 315001
rcv 14.231 - A - D 321001 1000 1
snd 14.232 - A - - 1 0 315001
rcv 14.232 - A - D 322001 1000 1
snd 14.239 - A - - 1 0 315001
rcv 14.574 - A - D 315001 1000 1
snd 14.575 - A - - 1 0 323001
rcv 14.627 - A - D 316001 1000 1
snd 14.628 - A - - 1 0 323001
rcv 14.676 - A - D 319001 1000 1
snd 14.677 - A - - 1 0 323001
rcv 14.677 - A - D 320001 1000 1
snd 14.679 - A - - 1 0 323001
rcv 14.680 - A - D 321001 1000 1
snd 14.680 - A - - 1 0 323001
rcv 14.680 - A - D 322001 1000 1
snd 14.680 - A - - 1 0 323001
rcv 14.725 - A - D 323001 1000 1
snd 14.725 - A - - 1 0 324001
rcv 14.726 - A - D 325001 1000 1
snd 14.726 - A - - 1 0 324001
rcv 14.726 - A - D 326001 1000 1
snd 14.727 - A - - 1 0 324001
rcv 14.772 - A - D 328001 1000 1
snd 14.772 - A - - 1 0 324001
rcv 14.772 - A - D 329001 1000 1
snd 14.773 - A - - 1 0 324001
rcv 14.773 - A - D 330001 1000 1
snd 14.773 - A - - 1 0 324001
rcv 14.773 - A - D 323001 1000 1
snd 14.774 - A - - 1 0 324001
rcv 14.903 - A - D 331001 1000 1
snd 14.904 - A - - 1 0 324001
rcv 14.904 - A - D 324001 1000 1
snd 14.904 - A - - 1 0 327001
rcv 15.146 - A - D 325001 1000 1
snd 15.146 - A - - 1 0 327001
rcv 15.197 - A - D 327001 1000 1
snd 15.198 - A - - 1 0 332001
rcv 15.198 - A - D 328001 1000 1
snd 15.198 - A - - 1 0 332001
rcv 15.198 - A - D 329001 1000 1
snd 15.199 - A - - 1 0 332001
rcv 15.200 - A - D 330001 1000 1
snd 15.201 - A - - 1 0 332001
rcv 15.202 - A - D 331001 1000 1
snd 15.203 - A - - 1 0 332001
rcv 15.276 - A - D 332001 1000 1
snd 15.277 - A - - 1 0 333001
rcv 15.277 - A - D 333001 1000 1
snd 15.278 - A - - 1 0 334001
rcv 15.278 - A - D 334001 1000 1
snd 15.278 - A - - 1 0 335001
rcv 15.324 - A - D 336001 1000 1
snd 15.324 - A - - 1 0 335001
rcv 15.324 - A - D 337001 1000 1
snd 15.325 - A - - 1 0 335001
rcv 15.325 - A - D 338001 1000 1
snd 15.325 - A - - 1 0 335001
rcv 15.325 - A - D 339001 1000 1
snd 15.326 - A - - 1 0 335001
rcv 15.326 - A - D 332001 1000 1
snd 15.326 - A - - 1 0 335001
rcv 15.401 - A - D 340001 1000 1
snd 15.403 - A - - 1 0 335001
rcv 15.444 - A - D 342001 1000 1
snd 15.445 - A - - 1 0 335001
rcv 15.448 - A - D 335001 1000 1
snd 15.448 - A - - 1 0 341001
rcv 15.576 - A - D 343001 1000 1
snd 15.577 - A - - 1 0 341001
rcv 15.577 - A - D 345001 1000 1
snd 15.577 - A - - 1 0 341001
rcv 15.577 - A - D 346001 1000 1
snd 15.578 - A - - 1 0 341001
rcv 15.578 - A - D 347001 1000 1
snd 15.578 - A - - 1 0 341001
rcv 15.578 - A - D 348001 1000 1
snd 15.579 - A - - 1 0 341001
rcv 15.579 - A - D 341001 1000 1
snd 15.579 - A - - 1 0 344001
rcv 15.579 - A - D 342001 1000 1
snd 15.579 - A - - 1 0 344001
rcv 15.628 - A - D 343001 1000 1
snd 15.629 - A - - 1 0 344001
rcv 15.629 - A - D 344001 1000 1
snd 15.629 - A - - 1 0 349001
rcv 15.629 - A - D 345001 1000 1
snd 15.630 - A - - 1 0 349001
rcv 15.630 - A - D 346001 1000 1
snd 15.631 - A - - 1 0 349001
rcv 15.631 - A - D 347001 1000 1
snd 15.631 - A - - 1 0 349001
rcv 15.631 - A - D 348001 1000 1
snd 15.632 - A - - 1 0 349001
rcv 15.733 - A - D 341001 1000 1
snd 15.734 - A - - 1 0 349001
rcv 15.735 - A - D 349001 1000 1
snd 15.735 - A - - 1 0 350001
rcv 15.735 - A - D 350001 1000 1
snd 15.735 - A - - 1 0 351001
rcv 15.736 - A - D 351001 1000 1
snd 15.736 - A - - 1 0 352001
rcv 15.736 - A - D 352001 1000 1
snd 15.736 - A - - 1 0 353001
rcv 15.736 - A - D 353001 1000 1
snd 15.737 - A - - 1 0 354001
rcv 15.737 - A - D 354001 1000 1
snd 15.737 - A - - 1 0 355001
rcv 15.737 - A - D 355001 1000 1
snd 15.738 - A - - 1 0 356001
rcv 15.738 - A - D 356001 1000 1
snd 15.738 - A - - 1 0 357001
rcv 15.739 - A - D 349001 1000 1
snd 15.739 - A - - 1 0 357001
rcv 15.840 - A - D 357001 1000 1
snd 15.841 - A - - 1 0 358001
rcv 15.884 - A - D 358001 1000 1
snd 15.885 - A - - 1 0 359001
rcv 15.885 - A - D 359001 1000 1
snd 15.885 - A - - 1 0 360001
rcv 15.885 - A - D 361001 1000 1
snd 15.885 - A - - 1 0 360001
rcv 15.886 - A - D 362001 1000 1
snd 15.886 - A - - 1 0 360001
rcv 15.886 - A - D 363001 1000 1
snd 15.886 - A - - 1 0 360001
rcv 15.888 - A - D 364001 1000 1
snd 15.889 - A - - 1 0 360001
rcv 15.955 - A - D 365001 1000 1
snd 15.956 - A - - 1 0 360001
rcv 15.965 - A - D 358001 1000 1
snd 15.965 - A - - 1 0 360001
rcv 16.008 - A - D 359001 1000 1
snd 16.010 - A - - 1 0 360001
rcv 16.010 - A - D 360001 1000 1
snd 16.010 - A - - 1 0 366001
rcv 16.010 - A - D 361001 1000 1
snd 16.012 - A - - 1 0 366001
rcv 16.012 - A - D 362001 1000 1
snd 16.013 - A - - 1 0 366001
rcv 16.013 - A - D 363001 1000 1
snd 16.013 - A - - 1 0 366001
rcv 16.013 - A - D 364001 1000 1
snd 16.014 - A - - 1 0 366001
rcv 16.014 - A - D 365001 1000 1
snd 16.014 - A - - 1 0 366001
rcv 16.014 - A - D 366001 1000 1
snd 16.015 - A - - 1 0 367001
rcv 16.020 - A - D 367001 1000 1
snd 16.021 - A - - 1 0 368001
rcv 16.021 - A - D 360001 1000 1
snd 16.022 - A - - 1 0 368001
rcv 16.132 - A - D 368001 1000 1
snd 16.133 - A - - 1 0 369001
rcv 16.133 - A - D 369001 1000 1
snd 16.136 - A - - 1 0 370001
rcv 16.138 - A - D 370001 1000 1
snd 16.139 - A - - 1 0 371001
rcv 16.139 - A - D 371001 1000 1
snd 16.140 - A - - 1 0 372001
rcv 16.140 - A - D 372001 1000 1
snd 16.145 - A - - 1 0 373001
rcv 16.145 - A - D 373001 1000 1
snd 16.147 - A - - 1 0 374001
rcv 16.188 - A - D 366001 1000 1
snd 16.189 - A - - 1 0 374001
rcv 16.189 - A - D 374001 1000 1
snd 16.189 - A - - 1 0 375001
rcv 16.190 - A - D 375001 1000 1
snd 16.190 - A - - 1 0 376001
rcv 16.236 - A - D 376001 1000 1
snd 16.237 - A - - 1 0 377001
rcv 16.241 - A - D 377001 1000 1
snd 16.241 - A - - 1 0 378001
rcv 16.305 - A - D 378001 1000 1
snd 16.308 - A - - 1 0 379001
rcv 16.312 - A - D 379001 1000 1
snd 16.313 - A - - 1 0 380001
rcv 16.313 - A - D 381001 1000 1
snd 16.316 - A - - 1 0 380001
rcv 16.356 - A - D 382001 1000 1
snd 16.361 - A - - 1 0 380001
rcv 16.361 - A - D 384001 1000 1
snd 16.362 - A - - 1 0 380001
rcv 16.362 - A - D 385001 1000 1
snd 16.363 - A - - 1 0 380001
rcv 16.419 - A - D 386001 1000 1
snd 16.420 - A - - 1 0 380001
rcv 16.467 - A - D 387001 1000 1
snd 16.468 - A - - 1 0 380001
rcv 16.468 - A - D 380001 1000 1
snd 16.469 - A - - 1 0 383001
rcv 16.469 - A - D 381001 1000 1
snd 16.469 - A - - 1 0 383001
rcv 16.469 - A - D 382001 1000 1
snd 16.469 - A - - 1 0 383001
rcv 16.469 - A - D 383001 1000 1
snd 16.473 - A - - 1 0 388001
rcv 16.473 - A - D 384001 1000 1
snd 16.474 - A - - 1 0 388001
rcv 16.474 - A - D 385001 1000 1
snd 16.476 - A - - 1 0 388001
rcv 16.477 - A - D 386001 1000 1
snd 16.478 - A - - 1 0 388001
rcv 16.523 - A - D 387001 1000 1
snd 16.523 - A - - 1 0 388001
rcv 16.529 - A - D 380001 1000 1
snd 16.531 - A - - 1 0 388001
rcv 16.578 - A - D 388001 1000 1
snd 16.579 - A - - 1 0 389001
rcv 16.579 - A - D 389001 1000 1
snd 16.580 - A - - 1 0 390001
rcv 16.580 - A - D 390001 1000 1
snd 16.580 - A - - 1 0 391001
rcv 16.580 - A - D 391001 1000 1
snd 16.581 - A - - 1 0 392001
rcv 16.581 - A - D 392001 1000 1
snd 16.581 - A - - 1 0 393001
rcv 16.581 - A - D 393001 1000 1
snd 16.581 - A - - 1 0 394001
rcv 16.582 - A - D 394001 1000 1
snd 16.582 - A - - 1 0 395001
rcv 16.633 - A - D 395001 1000 1
snd 16.633 - A - - 1 0 396001
rcv 16.637 - A - D 388001 1000 1
snd 16.639 - A - - 1 0 396001
rcv 16.728 - A - D 396001 1000 1
snd 16.728 - A - - 1 0 397001
rcv 16.729 - A - D 397001 1000 1
snd 16.729 - A - - 1 0 398001
rcv 16.729 - A - D 398001 1000 1
snd 16.730 - A - - 1 0 399001
rcv 16.730 - A - D 399001 1000 1
snd 16.730 - A - - 1 0 400001
rcv 16.730 - A - D 400001 1000 1
snd 16.731 - A - - 1 0 401001
rcv 16.731 - A - D 401001 1000 1
snd 16.731 - A - - 1 0 402001
rcv 16.731 - A - D 402001 1000 1
snd 16.732 - A - - 1 0 403001
rcv 16.740 - A - D 403001 1000 1
snd 16.741 - A - - 1 0 404001
rcv 16.861 - A - D 404001 1000 1
snd 16.862 - A - - 1 0 405001
rcv 16.862 - A - D 405001 1000 1
snd 16.862 - A - - 1 0 406001
rcv 16.862 - A - D 406001 1000 1
snd 16.863 - A - - 1 0 407001
rcv 16.863 - A - D 407001 1000 1
snd 16.863 - A - - 1 0 408001
rcv 16.863 - A - D 408001 1000 1
snd 16.864 - A - - 1 0 409001
rcv 16.864 - A - D 410001 1000 1
snd 16.865 - A - - 1 0 409001
rcv 16.865 - A - D 411001 1000 1
snd 16.865 - A - - 1 0 409001
rcv 16.957 - A - D 413001 1000 1
snd 16.957 - A - - 1 0 409001
rcv 16.957 - A - D 414001 1000 1
snd 16.958 - A - - 1 0 409001
rcv 16.959 - A - D 415001 1000 1
snd 16.961 - A - - 1 0 409001
rcv 17.013 - A - D 416001 1000 1
snd 17.013 - A - - 1 0 409001
rcv 17.014 - A - D 409001 1000 1
snd 17.014 - A - - 1 0 412001
rcv 17.014 - A - D 411001 1000 1
snd 17.014 - A - - 1 0 412001
rcv 17.015 - A - D 412001 1000 1
snd 17.015 - A - - 1 0 417001
rcv 17.015 - A - D 413001 1000 1
snd 17.015 - A - - 1 0 417001
rcv 17.015 - A - D 414001 1000 1
snd 17.016 - A - - 1 0 417001
rcv 17.016 - A - D 415001 1000 1
snd 17.016 - A - - 1 0 417001
rcv 17.068 - A - D 416001 1000 1
snd 17.069 - A - - 1 0 417001
rcv 17.073 - A - D 409001 1000 1
snd 17.075 - A - - 1 0 417001
rcv 17.125 - A - D 417001 1000 1
snd 17.125 - A - - 1 0 418001
rcv 17.126 - A - D 418001 1000 1
snd 17.127 - A - - 1 0 419001
rcv 17.128 - A - D 419001 1000 1
snd 17.128 - A - - 1 0 420001
rcv 17.192 - A - D 412001 1000 1
snd 17.193 - A - - 1 0 420001
rcv 17.193 - A - D 413001 1000 1
snd 17.194 - A - - 1 0 420001
rcv 17.194 - A - D 414001 1000 1
snd 17.194 - A - - 1 0 420001
rcv 17.195 - A - D 416001 1000 1
snd 17.195 - A - - 1 0 420001
rcv 17.195 - A - D 417001 1000 1
snd 17.196 - A - - 1 0 420001
rcv 17.197 - A - D 418001 1000 1
snd 17.198 - A - - 1 0 420001
rcv 17.198 - A - D 419001 1000 1
snd 17.198 - A - - 1 0 420001
rcv 17.198 - A - D 420001 1000 1
snd 17.199 - A - - 1 0 421001
rcv 17.199 - A - D 421001 1000 1
snd 17.199 - A - - 1 0 422001
rcv 17.199 - A - D 422001 1000 1
snd 17.200 - A - - 1 0 423001
rcv 17.200 - A - D 423001 1000 1
snd 17.200 - A - - 1 0 424001
rcv 17.200 - A - D 424001 1000 1
snd 17.200 - A - - 1 0 425001
rcv 17.209 - A - D 417001 1000 1
snd 17.209 - A - - 1 0 425001
rcv 17.264 - A - D 425001 1000 1
snd 17.266 - A - - 1 0 426001
rcv 17.267 - A - D 426001 1000 1
snd 17.267 - A - - 1 0 427001
rcv 17.270 - A - D 427001 1000 1
snd 17.271 - A - - 1 0 428001
rcv 17.337 - A - D 420001 1000 1
snd 17.338 - A - - 1 0 428001
rcv 17.338 - A - D 428001 1000 1
snd 17.339 - A - - 1 0 429001
rcv 17.340 - A - D 429001 1000 1
snd 17.340 - A - - 1 0 430001
rcv 17.340 - A - D 430001 1000 1
snd 17.340 - A - - 1 0 431001
rcv 17.340 - A - D 431001 1000 1
snd 17.341 - A - - 1 0 432001
rcv 17.344 - A - D 432001 1000 1
snd 17.344 - A - - 1 0 433001
rcv 17.388 - A - D 433001 1000 1
snd 17.389 - A - - 1 0 434001
rcv 17.393 - A - D 434001 1000 1
snd 17.395 - A - - 1 0 435001
rcv 17.399 - A - D 435001 1000 1
snd 17.399 - A - - 1 0 436001
rcv 17.471 - A - D 436001 1000 1
snd 17.472 - A - - 1 0 437001
rcv 17.473 - A - D 437001 1000 1
snd 17.474 - A - - 1 0 438001
rcv 17.474 - A - D 438001 1000 1
snd 17.474 - A - - 1 0 439001
rcv 17.475 - A - D 439001 1000 1
snd 17.475 - A - - 1 0 440001
rcv 17.478 - A - D 440001 1000 1
snd 17.480 - A - - 1 0 441001
rcv 17.541 - A - D 441001 1000 1
snd 17.542 - A - - 1 0 442001
rcv 17.596 - A - D 436001 1000 1
snd 17.598 - A - - 1 0 442001
rcv 17.598 - A - D 437001 1000 1
snd 17.598 - A - - 1 0 442001
rcv 17.599 - A - D 438001 1000 1
snd 17.599 - A - - 1 0 442001
rcv 17.599 - A - D 439001 1000 1
snd 17.599 - A - - 1 0 442001
rcv 17.600 - A - D 441001 1000 1
snd 17.600 - A - - 1 0 442001
rcv 17.600 - A - D 442001 1000 1
snd 17.601 - A - - 1 0 443001
rcv 17.601 - A - D 443001 1000 1
snd 17.601 - A - - 1 0 444001
rcv 17.601 - A - D 444001 1000 1
snd 17.601 - A - - 1 0 445001
rcv 17.602 - A - D 445001 1000 1
snd 17.602 - A - - 1 0 446001
rcv 17.602 - A - D 446001 1000 1
snd 17.602 - A - - 1 0 447001
rcv 17.648 - A - D 447001 1000 1
snd 17.650 - A - - 1 0 448001
rcv 17.651 - A - D 448001 1000 1
snd 17.653 - A - - 1 0 449001
rcv 17.654 - A - D 449001 1000 1
snd 17.657 - A - - 1 0 450001
rcv 17.719 - A - D 442001 1000 1
snd 17.720 - A - - 1 0 450001
rcv 17.720 - A - D 450001 1000 1
snd 17.723 - A - - 1 0 451001
rcv 17.723 - A - D 451001 1000 1
snd 17.724 - A - - 1 0 452001
rcv 17.768 - A - D 453001 1000 1
snd 17.769 - A - - 1 0 452001
rcv 17.769 - A - D 454001 1000 1
snd 17.770 - A - - 1 0 452001
rcv 17.770 - A - D 455001 1000 1
snd 17.770 - A - - 1 0 452001
rcv 17.772 - A - D 456001 1000 1
snd 17.772 - A - - 1 0 452001
rcv 17.773 - A - D 457001 1000 1
snd 17.773 - A - - 1 0 452001
rcv 17.852 - A - D 458001 1000 1
snd 17.853 - A - - 1 0 452001
rcv 17.889 - A - D 459001 1000 1
snd 17.890 - A - - 1 0 452001
rcv 17.936 - A - D 452001 1000 1
snd 17.937 - A - - 1 0 460001
rcv 17.984 - A - D 453001 1000 1
snd 17.985 - A - - 1 0 460001
rcv 17.985 - A - D 455001 1000 1
snd 17.986 - A - - 1 0 460001
rcv 17.986 - A - D 456001 1000 1
snd 17.987 - A - - 1 0 460001
rcv 17.987 - A - D 457001 1000 1
snd 17.988 - A - - 1 0 460001
rcv 17.988 - A - D 458001 1000 1
snd 17.989 - A - - 1 0 460001
rcv 17.989 - A - D 459001 1000 1
snd 17.989 - A - - 1 0 460001
rcv 17.989 - A - D 452001 1000 1
snd 17.989 - A - - 1 0 460001
rcv 18.041 - A - D 460001 1000 1
snd 18.041 - A - - 1 0 461001
rcv 18.042 - A - D 461001 1000 1
snd 18.043 - A - - 1 0 462001
rcv 18.043 - A - D 462001 1000 1
snd 18.044 - A - - 1 0 463001
rcv 18.044 - A - D 463001 1000 1
snd 18.044 - A - - 1 0 464001
rcv 18.044 - A - D 465001 1000 1
snd 18.045 - A - - 1 0 464001
rcv 18.046 - A - D 466001 1000 1
snd 18.054 - A - - 1 0 464001
rcv 18.054 - A - D 467001 1000 1
snd 18.055 - A - - 1 0 464001
rcv 18.096 - A - D 460001 1000 1
snd 18.097 - A - - 1 0 464001
rcv 18.196 - A - D 469001 1000 1
snd 18.196 - A - - 1 0 464001
rcv 18.248 - A - D 470001 1000 1
snd 18.249 - A - - 1 0 464001
rcv 18.249 - A - D 471001 1000 1
snd 18.249 - A - - 1 0 464001
rcv 18.249 - A - D 464001 1000 1
snd 18.250 - A - - 1 0 468001
rcv 18.380 - A - D 472001 1000 1
snd 18.381 - A - - 1 0 468001
rcv 18.381 - A - D 473001 1000 1
snd 18.382 - A - - 1 0 468001
rcv 18.383 - A - D 474001 1000 1
snd 18.383 - A - - 1 0 468001
rcv 18.384 - A - D 475001 1000 1
snd 18.384 - A - - 1 0 468001
rcv 18.453 - A - D 468001 1000 1
snd 18.454 - A - - 1 0 476001
rcv 18.461 - A - D 469001 1000 1
snd 18.462 - A - - 1 0 476001
rcv 18.463 - A - D 470001 1000 1
snd 18.464 - A - - 1 0 476001
rcv 18.467 - A - D 471001 1000 1
snd 18.468 - A - - 1 0 476001
rcv 18.469 - A - D 472001 1000 1
snd 18.471 - A - - 1 0 476001
rcv 18.471 - A - D 473001 1000 1
snd 18.473 - A - - 1 0 476001
rcv 18.523 - A - D 474001 1000 1
snd 18.524 - A - - 1 0 476001
rcv 18.525 - A - D 475001 1000 1
snd 18.525 - A - - 1 0 476001
rcv 18.525 - A - D 468001 1000 1
snd 18.526 - A - - 1 0 476001
rcv 18.568 - A - D 476001 1000 1
snd 18.569 - A - - 1 0 477001
rcv 18.569 - A - D 477001 1000 1
snd 18.569 - A - - 1 0 478001
rcv 18.570 - A - D 478001 1000 1
snd 18.570 - A - - 1 0 479001
rcv 18.570 - A - D 479001 1000 1
snd 18.570 - A - - 1 0 480001
rcv 18.571 - A - D 480001 1000 1
snd 18.571 - A - - 1 0 481001
rcv 18.571 - A - D 481001 1000 1
snd 18.572 - A - - 1 0 482001
rcv 18.616 - A - D 482001 1000 1
snd 18.617 - A - - 1 0 483001
rcv 18.617 - A - D 483001 1000 1
snd 18.617 - A - - 1 0 484001
rcv 18.617 - A - D 476001 1000 1
snd 18.618 - A - - 1 0 484001
rcv 18.664 - A - D 484001 1000 1
snd 18.665 - A - - 1 0 485001
rcv 18.665 - A - D 486001 1000 1
snd 18.666 - A - - 1 0 485001
rcv 18.708 - A - D 487001 1000 1
snd 18.709 - A - - 1 0 485001
rcv 18.709 - A - D 489001 1000 1
snd 18.709 - A - - 1 0 485001
rcv 18.753 - A - D 490001 1000 1
snd 18.757 - A - - 1 0 485001
rcv 18.758 - A - D 491001 1000 1
snd 18.759 - A - - 1 0 485001
rcv 18.833 - A - D 485001 1000 1
snd 18.834 - A - - 1 0 488001
rcv 18.914 - A - D 493001 1000 1
snd 18.915 - A - - 1 0 488001
rcv 18.967 - A - D 495001 1000 1
snd 18.968 - A - - 1 0 488001
rcv 18.968 - A - D 488001 1000 1
snd 18.968 - A - - 1 0 492001
rcv 18.969 - A - D 489001 1000 1
snd 18.970 - A - - 1 0 492001
rcv 18.970 - A - D 490001 1000 1
snd 18.971 - A - - 1 0 492001
rcv 18.971 - A - D 491001 1000 1
snd 18.971 - A - - 1 0 492001
rcv 18.971 - A - D 493001 1000 1
snd 18.972 - A - - 1 0 492001
rcv 19.019 - A - D 494001 1000 1
snd 19.019 - A - - 1 0 492001
rcv 19.019 - A - D 495001 1000 1
snd 19.020 - A - - 1 0 492001
rcv 19.064 - A - D 496001 1000 1
snd 19.065 - A - - 1 0 492001
rcv 19.065 - A - D 497001 1000 1
snd 19.068 - A - - 1 0 492001
rcv 19.068 - A - D 498001 1000 1
snd 19.068 - A - - 1 0 492001
rcv 19.071 - A - D 499001 1000 1
snd 19.071 - A - - 1 0 492001
rcv 19.113 - A - D 492001 1000 1
snd 19.114 - A - - 1 0 500001
rcv 19.228 - A - D 500001 1000 1
snd 19.228 - A - - 1 0 501001
rcv 19.228 - A - D 502001 1000 1
snd 19.229 - A - - 1 0 501001
rcv 19.229 - A - D 503001 1000 1
snd 19.229 - A - - 1 0 501001
rcv 19.231 - A - D 504001 1000 1
snd 19.232 - A - - 1 0 501001
rcv 19.232 - A - D 505001 1000 1
snd 19.232 - A - - 1 0 501001
rcv 19.233 - A - D 507001 1000 1
snd 19.233 - A - - 1 0 501001
rcv 19.361 - A - D 508001 1000 1
snd 19.362 - A - - 1 0 501001
rcv 19.411 - A - D 501001 1000 1
snd 19.412 - A - - 1 0 506001
rcv 19.540 - A - D 509001 1000 1
snd 19.541 - A - - 1 0 506001
rcv 19.541 - A - D 510001 1000 1
snd 19.541 - A - - 1 0 506001
rcv 19.541 - A - D 512001 1000 1
snd 19.541 - A - - 1 0 506001
rcv 19.542 - A - D 513001 1000 1
snd 19.542 - A - - 1 0 506001
rcv 19.542 - A - D 506001 1000 1
snd 19.542 - A - - 1 0 511001
rcv 19.542 - A - D 507001 1000 1
snd 19.543 - A - - 1 0 511001
rcv 19.543 - A - D 509001 1000 1
snd 19.544 - A - - 1 0 511001
rcv 19.590 - A - D 510001 1000 1
snd 19.591 - A - - 1 0 511001
rcv 19.591 - A - D 512001 1000 1
snd 19.592 - A - - 1 0 511001
rcv 19.592 - A - D 513001 1000 1
snd 19.592 - A - - 1 0 511001
rcv 19.641 - A - D 506001 1000 1
snd 19.642 - A - - 1 0 511001
rcv 19.643 - A - D 514001 1000 1
snd 19.644 - A - - 1 0 511001
rcv 19.644 - A - D 515001 1000 1
snd 19.645 - A - - 1 0 511001
rcv 19.645 - A - D 516001 1000 1
snd 19.645 - A - - 1 0 511001
rcv 19.645 - A - D 517001 1000 1
snd 19.646 - A - - 1 0 511001
rcv 19.658 - A - D 518001 1000 1
snd 19.658 - A - - 1 0 511001
rcv 19.704 - A - D 511001 1000 1
snd 19.705 - A - - 1 0 519001
rcv 19.808 - A - D 519001 1000 1
snd 19.809 - A - - 1 0 520001
rcv 19.809 - A - D 520001 1000 1
snd 19.810 - A - - 1 0 521001
rcv 19.810 - A - D 521001 1000 1
snd 19.810 - A - - 1 0 522001
rcv 19.810 - A - D 522001 1000 1
snd 19.811 - A - - 1 0 523001
rcv 19.811 - A - D 523001 1000 1
snd 19.812 - A - - 1 0 524001
rcv 19.812 - A - D 525001 1000 1
snd 19.812 - A - - 1 0 524001
rcv 19.819 - A - D 526001 1000 1
snd 19.819 - A - - 1 0 524001
rcv 19.957 - A - D 527001 1000 1
snd 19.958 - A - - 1 0 524001
rcv 19.958 - A - D 529001 1000 1
snd 19.958 - A - - 1 0 524001
rcv 19.958 - A - D 530001 1000 1
snd 19.959 - A - - 1 0 524001
rcv 19.960 - A - D 531001 1000 1
snd 19.961 - A - - 1 0 524001
rcv 20.045 - A - D 524001 1000 1
snd 20.045 - A - - 1 0 528001
rcv 20.046 - A - D 525001 1000 1
snd 20.046 - A - - 1 0 528001
rcv 20.046 - A - D 526001 1000 1
snd 20.047 - A - - 1 0 528001
rcv 20.048 - A - D 527001 1000 1
snd 20.048 - A - - 1 0 528001
rcv 20.049 - A - D 528001 1000 1
snd 20.049 - A - - 1 0 532001
rcv 20.049 - A - D 530001 1000 1
snd 20.050 - A - - 1 0 532001
rcv 20.050 - A - D 531001 1000 1
snd 20.050 - A - - 1 0 532001
rcv 20.051 - A - D 524001 1000 1
snd 20.051 - A - - 1 0 532001
rcv 20.157 - A - D 532001 1000 1
snd 20.157 - A - - 1 0 533001
rcv 20.176 - A - D 533001 1000 1
snd 20.176 - A - - 1 0 534001
rcv 20.177 - A - D 534001 1000 1
snd 20.180 - A - - 1 0 535001
rcv 20.180 - A - D 535001 1000 1
snd 20.180 - A - - 1 0 536001
rcv 20.224 - A - D 528001 1000 1
snd 20.225 - A - - 1 0 536001
rcv 20.228 - A - D 536001 1000 1
snd 20.229 - A - - 1 0 537001
rcv 20.229 - A - D 537001 1000 1
snd 20.229 - A - - 1 0 538001
rcv 20.230 - A - D 538001 1000 1
snd 20.230 - A - - 1 0 539001
rcv 20.231 - A - D 539001 1000 1
snd 20.231 - A - - 1 0 540001
rcv 20.296 - A - D 540001 1000 1
snd 20.297 - A - - 1 0 541001
rcv 20.297 - A - D 541001 1000 1
snd 20.297 - A - - 1 0 542001
rcv 20.297 - A - D 542001 1000 1
snd 20.298 - A - - 1 0 543001
rcv 20.302 - A - D 543001 1000 1
snd 20.302 - A - - 1 0 544001
rcv 20.365 - A - D 544001 1000 1
snd 20.366 - A - - 1 0 545001
rcv 20.366 - A - D 545001 1000 1
snd 20.366 - A - - 1 0 546001
rcv 20.367 - A - D 546001 1000 1
snd 20.367 - A - - 1 0 547001
rcv 20.369 - A - D 547001 1000 1
snd 20.369 - A - - 1 0 548001
rcv 20.444 - A - D 549001 1000 1
snd 20.445 - A - - 1 0 548001
rcv 20.445 - A - D 550001 1000 1
snd 20.446 - A - - 1 0 548001
rcv 20.448 - A - D 551001 1000 1
snd 20.449 - A - - 1 0 548001
rcv 20.449 - A - D 552001 1000 1
snd 20.449 - A - - 1 0 548001
rcv 20.516 - A - D 553001 1000 1
snd 20.517 - A - - 1 0 548001
rcv 20.520 - A - D 554001 1000 1
snd 20.521 - A - - 1 0 548001
rcv 20.521 - A - D 555001 1000 1
snd 20.522 - A - - 1 0 548001
rcv 20.590 - A - D 548001 1000 1
snd 20.590 - A - - 1 0 556001
rcv 20.724 - A - D 556001 1000 1
snd 20.725 - A - - 1 0 557001
rcv 20.725 - A - D 557001 1000 1
snd 20.725 - A - - 1 0 558001
rcv 20.726 - A - D 558001 1000 1
snd 20.726 - A - - 1 0 559001
rcv 20.770 - A - D 559001 1000 1
snd 20.772 - A - - 1 0 560001
rcv 20.773 - A - D 560001 1000 1
snd 20.773 - A - - 1 0 561001
rcv 20.773 - A - D 561001 1000 1
snd 20.774 - A - - 1 0 562001
rcv 20.774 - A - D 562001 1000 1
snd 20.775 - A - - 1 0 563001
rcv 20.775 - A - D 563001 1000 1
snd 20.775 - A - - 1 0 564001
rcv 20.872 - A - D 564001 1000 1
snd 20.872 - A - - 1 0 565001
rcv 20.872 - A - D 565001 1000 1
snd 20.872 - A - - 1 0 566001
rcv 20.876 - A - D 566001 1000 1
snd 20.876 - A - - 1 0 567001
rcv 20.877 - A - D 567001 1000 1
snd 20.877 - A - - 1 0 568001
rcv 20.877 - A - D 568001 1000 1
snd 20.878 - A - - 1 0 569001
rcv 20.944 - A - D 569001 1000 1
snd 20.946 - A - - 1 0 570001
rcv 20.946 - A - D 570001 1000 1
snd 20.947 - A - - 1 0 571001
rcv 20.951 - A - D 571001 1000 1
snd 20.951 - A - - 1 0 572001
rcv 21.012 - A - D 573001 1000 1
snd 21.014 - A - - 1 0 572001
rcv 21.014 - A - D 574001 1000 1
snd 21.016 - A - - 1 0 572001
rcv 21.017 - A - D 575001 1000 1
snd 21.017 - A - - 1 0 572001
rcv 21.018 - A - D 576001 1000 1
snd 21.018 - A - - 1 0 572001
rcv 21.080 - A - D 577001 1000 1
snd 21.081 - A - - 1 0 572001
rcv 21.081 - A - D 578001 1000 1
snd 21.082 - A - - 1 0 572001
rcv 21.128 - A - D 579001 1000 1
snd 21.129 - A - - 1 0 572001
rcv 21.202 - A - D 572001 1000 1
snd 21.202 - A - - 1 0 580001
rcv 21.289 - A - D 580001 1000 1
snd 21.290 - A - - 1 0 581001
rcv 21.290 - A - D 581001 1000 1
snd 21.290 - A - - 1 0 582001
rcv 21.290 - A - D 582001 1000 1
snd 21.291 - A - - 1 0 583001
rcv 21.291 - A - D 583001 1000 1
snd 21.292 - A - - 1 0 584001
rcv 21.292 - A - D 585001 1000 1
snd 21.292 - A - - 1 0 584001
rcv 21.292 - A - D 586001 1000 1
snd 21.292 - A - - 1 0 584001
rcv 21.299 - A - D 587001 1000 1
snd 21.300 - A - - 1 0 584001
rcv 21.472 - A - D 588001 1000 1
snd 21.472 - A - - 1 0 584001
rcv 21.472 - A - D 589001 1000 1
snd 21.473 - A - - 1 0 584001
rcv 21.473 - A - D 590001 1000 1
snd 21.473 - A - - 1 0 584001
rcv 21.518 - A - D 591001 1000 1
snd 21.520 - A - - 1 0 584001
rcv 21.520 - A - D 584001 1000 1
snd 21.521 - A - - 1 0 592001
rcv 21.641 - A - D 584001 1000 1
snd 21.641 - A - - 1 0 592001
rcv 21.641 - A - D 585001 1000 1
snd 21.642 - A - - 1 0 592001
rcv 21.642 - A - D 587001 1000 1
snd 21.642 - A - - 1 0 592001
rcv 21.642 - A - D 588001 1000 1
snd 21.643 - A - - 1 0 592001
rcv 21.643 - A - D 589001 1000 1
snd 21.643 - A - - 1 0 592001
rcv 21.643 - A - D 590001 1000 1
snd 21.644 - A - - 1 0 592001
rcv 21.644 - A - D 591001 1000 1
snd 21.644 - A - - 1 0 592001
rcv 21.644 - A - D 592001 1000 1
snd 21.645 - A - - 1 0 593001
rcv 21.645 - A - D 593001 1000 1
snd 21.646 - A - - 1 0 594001
rcv 21.646 - A - D 594001 1000 1
snd 21.646 - A - - 1 0 595001
rcv 21.646 - A - D 595001 1000 1
snd 21.647 - A - - 1 0 596001
rcv 21.647 - A - D 596001 1000 1
snd 21.650 - A - - 1 0 597001
rcv 21.651 - A - D 597001 1000 1
snd 21.653 - A - - 1 0 598001
rcv 21.653 - A - D 598001 1000 1
snd 21.654 - A - - 1 0 599001
rcv 21.654 - A - D 599001 1000 1
snd 21.654 - A - - 1 0 600001
rcv 21.752 - A - D 592001 1000 1
snd 21.754 - A - - 1 0 600001
rcv 21.754 - A - D 600001 1000 1
snd 21.755 - A - - 1 0 601001
rcv 21.757 - A - D 601001 1000 1
snd 21.758 - A - - 1 0 602001
rcv 21.831 - A - D 602001 1000 1
snd 21.831 - A - - 1 0 603001
rcv 21.831 - A - D 604001 1000 1
snd 21.832 - A - - 1 0 603001
rcv 21.832 - A - D 605001 1000 1
snd 21.834 - A - - 1 0 603001
rcv 21.834 - A - D 607001 1000 1
snd 21.834 - A - - 1 0 603001
rcv 21.940 - A - D 609001 1000 1
snd 21.940 - A - - 1 0 603001
rcv 21.941 - A - D 610001 1000 1
snd 21.941 - A - - 1 0 603001
rcv 22.000 - A - D 603001 1000 1
snd 22.002 - A - - 1 0 606001
rcv 22.060 - A - D 611001 1000 1
snd 22.060 - A - - 1 0 606001
rcv 22.108 - A - D 613001 1000 1
snd 22.108 - A - - 1 0 606001
rcv 22.108 - A - D 606001 1000 1
snd 22.109 - A - - 1 0 608001
rcv 22.109 - A - D 607001 1000 1
snd 22.109 - A - - 1 0 608001
rcv 22.109 - A - D 608001 1000 1
snd 22.110 - A - - 1 0 612001
rcv 22.110 - A - D 609001 1000 1
snd 22.112 - A - - 1 0 612001
rcv 22.112 - A - D 610001 1000 1
snd 22.112 - A - - 1 0 612001
rcv 22.112 - A - D 611001 1000 1
snd 22.114 - A - - 1 0 612001
rcv 22.156 - A - D 612001 1000 1
snd 22.157 - A - - 1 0 614001
rcv 22.157 - A - D 613001 1000 1
snd 22.157 - A - - 1 0 614001
rcv 22.214 - A - D 614001 1000 1
snd 22.214 - A - - 1 0 615001
rcv 22.256 - A - D 615001 1000 1
snd 22.256 - A - - 1 0 616001
rcv 22.256 - A - D 616001 1000 1
snd 22.257 - A - - 1 0 617001
rcv 22.257 - A - D 617001 1000 1
snd 22.257 - A - - 1 0 618001
rcv 22.257 - A - D 618001 1000 1
snd 22.257 - A - - 1 0 619001
rcv 22.258 - A - D 619001 1000 1
snd 22.258 - A - - 1 0 620001
rcv 22.258 - A - D 612001 1000 1
snd 22.258 - A - - 1 0 620001
rcv 22.265 - A - D 620001 1000 1
snd 22.266 - A - - 1 0 621001
rcv 22.266 - A - D 621001 1000 1
snd 22.267 - A - - 1 0 622001
rcv 22.366 - A - D 622001 1000 1
snd 22.367 - A - - 1 0 623001
rcv 22.367 - A - D 623001 1000 1
snd 22.369 - A - - 1 0 624001
rcv 22.417 - A - D 624001 1000 1
snd 22.418 - A - - 1 0 625001
rcv 22.418 - A - D 625001 1000 1
snd 22.419 - A - - 1 0 626001
rcv 22.419 - A - D 627001 1000 1
snd 22.421 - A - - 1 0 626001
rcv 22.422 - A - D 628001 1000 1
snd 22.422 - A - - 1 0 626001
rcv 22.423 - A - D 629001 1000 1
snd 22.423 - A - - 1 0 626001
rcv 22.496 - A - D 631001 1000 1
snd 22.497 - A - - 1 0 626001
rcv 22.506 - A - D 632001 1000 1
snd 22.506 - A - - 1 0 626001
rcv 22.568 - A - D 633001 1000 1
snd 22.569 - A - - 1 0 626001
rcv 22.616 - A - D 626001 1000 1
snd 22.617 - A - - 1 0 630001
rcv 22.737 - A - D 634001 1000 1
snd 22.738 - A - - 1 0 630001
rcv 22.738 - A - D 635001 1000 1
snd 22.738 - A - - 1 0 630001
rcv 22.739 - A - D 636001 1000 1
snd 22.739 - A - - 1 0 630001
rcv 22.739 - A - D 637001 1000 1
snd 22.740 - A - - 1 0 630001
rcv 22.740 - A - D 630001 1000 1
snd 22.740 - A - - 1 0 638001
rcv 22.740 - A - D 631001 1000 1
snd 22.741 - A - - 1 0 638001
rcv 22.741 - A - D 632001 1000 1
snd 22.741 - A - - 1 0 638001
rcv 22.741 - A - D 633001 1000 1
snd 22.742 - A - - 1 0 638001
rcv 22.742 - A - D 634001 1000 1
snd 22.743 - A - - 1 0 638001
rcv 22.743 - A - D 635001 1000 1
snd 22.744 - A - - 1 0 638001
rcv 22.744 - A - D 636001 1000 1
snd 22.744 - A - - 1 0 638001
rcv 22.788 - A - D 637001 1000 1
snd 22.788 - A - - 1 0 638001
rcv 22.884 - A - D 630001 1000 1
snd 22.884 - A - - 1 0 638001
rcv 22.884 - A - D 638001 1000 1
snd 22.885 - A - - 1 0 639001
rcv 22.885 - A - D 640001 1000 1
snd 22.885 - A - - 1 0 639001
rcv 22.885 - A - D 641001 1000 1
snd 22.885 - A - - 1 0 639001
rcv 22.885 - A - D 642001 1000 1
snd 22.886 - A - - 1 0 639001
rcv 22.886 - A - D 643001 1000 1
snd 22.886 - A - - 1 0 639001
rcv 22.886 - A - D 644001 1000 1
snd 22.886 - A - - 1 0 639001
rcv 22.886 - A - D 645001 1000 1
snd 22.887 - A - - 1 0 639001
rcv 22.936 - A - D 638001 1000 1
snd 22.936 - A - - 1 0 639001
rcv 23.040 - A - D 646001 1000 1
snd 23.041 - A - - 1 0 639001
rcv 23.041 - A - D 639001 1000 1
snd 23.042 - A - - 1 0 647001
rcv 23.132 - A - D 647001 1000 1
snd 23.133 - A - - 1 0 648001
rcv 23.181 - A - D 649001 1000 1
snd 23.183 - A - - 1 0 648001
rcv 23.184 - A - D 650001 1000 1
snd 23.184 - A - - 1 0 648001
rcv 23.184 - A - D 651001 1000 1
snd 23.184 - A - - 1 0 648001
rcv 23.184 - A - D 652001 1000 1
snd 23.186 - A - - 1 0 648001
rcv 23.186 - A - D 653001 1000 1
snd 23.187 - A - - 1 0 648001
rcv 23.187 - A - D 654001 1000 1
snd 23.188 - A - - 1 0 648001
rcv 23.344 - A - D 648001 1000 1
snd 23.344 - A - - 1 0 655001
rcv 23.435 - A - D 656001 1000 1
snd 23.436 - A - - 1 0 655001
rcv 23.485 - A - D 658001 1000 1
snd 23.485 - A - - 1 0 655001
rcv 23.486 - A - D 660001 1000 1
snd 23.486 - A - - 1 0 655001
rcv 23.486 - A - D 661001 1000 1
snd 23.486 - A - - 1 0 655001
rcv 23.486 - A - D 662001 1000 1
snd 23.487 - A - - 1 0 655001
rcv 23.532 - A - D 656001 1000 1
snd 23.533 - A - - 1 0 655001
rcv 23.533 - A - D 657001 1000 1
snd 23.534 - A - - 1 0 655001
rcv 23.534 - A - D 659001 1000 1
snd 23.535 - A - - 1 0 655001
rcv 23.535 - A - D 660001 1000 1
snd 23.536 - A - - 1 0 655001
rcv 23.536 - A - D 661001 1000 1
snd 23.537 - A - - 1 0 655001
rcv 23.537 - A - D 662001 1000 1
snd 23.538 - A - - 1 0 655001
rcv 23.629 - A - D 655001 1000 1
snd 23.629 - A - - 1 0 663001
rcv 23.752 - A - D 663001 1000 1
snd 23.752 - A - - 1 0 664001
rcv 23.752 - A - D 664001 1000 1
snd 23.753 - A - - 1 0 665001
rcv 23.753 - A - D 665001 1000 1
snd 23.753 - A - - 1 0 666001
rcv 23.753 - A - D 666001 1000 1
snd 23.754 - A - - 1 0 667001
rcv 23.754 - A - D 667001 1000 1
snd 23.754 - A - - 1 0 668001
rcv 23.754 - A - D 668001 1000 1
snd 23.754 - A - - 1 0 669001
rcv 23.796 - A - D 669001 1000 1
snd 23.797 - A - - 1 0 670001
rcv 23.800 - A - D 670001 1000 1
snd 23.800 - A - - 1 0 671001
rcv 23.850 - A - D 672001 1000 1
snd 23.851 - A - - 1 0 671001
rcv 23.852 - A - D 673001 1000 1
snd 23.853 - A - - 1 0 671001
rcv 23.853 - A - D 674001 1000 1
snd 23.858 - A - - 1 0 671001
rcv 23.858 - A - D 675001 1000 1
snd 23.863 - A - - 1 0 671001
rcv 23.909 - A - D 676001 1000 1
snd 23.910 - A - - 1 0 671001
rcv 23.910 - A - D 669001 1000 1
snd 23.910 - A - - 1 0 671001
rcv 23.910 - A - D 670001 1000 1
snd 23.910 - A - - 1 0 671001
rcv 23.911 - A - D 671001 1000 1
snd 23.911 - A - - 1 0 677001
rcv 23.911 - A - D 672001 1000 1
snd 23.911 - A - - 1 0 677001
rcv 23.912 - A - D 673001 1000 1
snd 23.912 - A - - 1 0 677001
rcv 23.912 - A - D 674001 1000 1
snd 23.913 - A - - 1 0 677001
rcv 23.917 - A - D 677001 1000 1
snd 23.918 - A - - 1 0 678001
rcv 23.918 - A - D 678001 1000 1
snd 23.918 - A - - 1 0 679001
rcv 24.038 - A - D 671001 1000 1
snd 24.039 - A - - 1 0 679001
rcv 24.040 - A - D 679001 1000 1
snd 24.064 - A - - 1 0 680001
rcv 24.064 - A - D 680001 1000 1
snd 24.064 - A - - 1 0 681001
rcv 24.064 - A - D 681001 1000 1
snd 24.065 - A - - 1 0 682001
rcv 24.065 - A - D 682001 1000 1
snd 24.065 - A - - 1 0 683001
rcv 24.065 - A - D 684001 1000 1
snd 24.066 - A - - 1 0 683001
rcv 24.066 - A - D 677001 1000 1
snd 24.066 - A - - 1 0 683001
rcv 24.137 - A - D 685001 1000 1
snd 24.137 - A - - 1 0 683001
rcv 24.144 - A - D 686001 1000 1
snd 24.147 - A - - 1 0 683001
rcv 24.244 - A - D 688001 1000 1
snd 24.244 - A - - 1 0 683001
rcv 24.244 - A - D 689001 1000 1
snd 24.245 - A - - 1 0 683001
rcv 24.245 - A - D 690001 1000 1
snd 24.246 - A - - 1 0 683001
rcv 24.246 - A - D 683001 1000 1
snd 24.247 - A - - 1 0 687001
rcv 24.380 - A - D 691001 1000 1
snd 24.380 - A - - 1 0 687001
rcv 24.380 - A - D 692001 1000 1
snd 24.380 - A - - 1 0 687001
rcv 24.381 - A - D 693001 1000 1
snd 24.381 - A - - 1 0 687001
rcv 24.381 - A - D 694001 1000 1
snd 24.381 - A - - 1 0 687001
rcv 24.457 - A - D 687001 1000 1
snd 24.459 - A - - 1 0 695001
rcv 24.459 - A - D 688001 1000 1
snd 24.461 - A - - 1 0 695001
rcv 24.461 - A - D 689001 1000 1
snd 24.462 - A - - 1 0 695001
rcv 24.462 - A - D 690001 1000 1
snd 24.463 - A - - 1 0 695001
rcv 24.463 - A - D 692001 1000 1
snd 24.471 - A - - 1 0 695001
rcv 24.471 - A - D 693001 1000 1
snd 24.475 - A - - 1 0 695001
rcv 24.475 - A - D 694001 1000 1
snd 24.476 - A - - 1 0 695001
rcv 24.476 - A - D 687001 1000 1
snd 24.478 - A - - 1 0 695001
rcv 24.584 - A - D 695001 1000 1
snd 24.585 - A - - 1 0 696001
rcv 24.585 - A - D 696001 1000 1
snd 24.585 - A - - 1 0 697001
rcv 24.585 - A - D 697001 1000 1
snd 24.587 - A - - 1 0 698001
rcv 24.587 - A - D 698001 1000 1
snd 24.587 - A - - 1 0 699001
rcv 24.587 - A - D 699001 1000 1
snd 24.587 - A - - 1 0 700001
rcv 24.588 - A - D 700001 1000 1
snd 24.588 - A - - 1 0 701001
rcv 24.588 - A - D 701001 1000 1
snd 24.588 - A - - 1 0 702001
rcv 24.639 - A - D 695001 1000 1
snd 24.640 - A - - 1 0 702001
rcv 24.704 - A - D 703001 1000 1
snd 24.707 - A - - 1 0 702001
rcv 24.707 - A - D 704001 1000 1
snd 24.707 - A - - 1 0 702001
rcv 24.707 - A - D 705001 1000 1
snd 24.708 - A - - 1 0 702001
rcv 24.708 - A - D 706001 1000 1
snd 24.708 - A - - 1 0 702001
rcv 24.709 - A - D 707001 1000 1
snd 24.709 - A - - 1 0 702001
rcv 24.711 - A - D 708001 1000 1
snd 24.712 - A - - 1 0 702001
rcv 24.723 - A - D 709001 1000 1
snd 24.724 - A - - 1 0 702001
rcv 24.782 - A - D 702001 1000 1
snd 24.783 - A - - 1 0 710001
rcv 24.783 - A - D 703001 1000 1
snd 24.784 - A - - 1 0 710001
rcv 24.784 - A - D 704001 1000 1
snd 24.784 - A - - 1 0 710001
rcv 24.784 - A - D 705001 1000 1
snd 24.785 - A - - 1 0 710001
rcv 24.785 - A - D 706001 1000 1
snd 24.786 - A - - 1 0 710001
rcv 24.786 - A - D 707001 1000 1
snd 24.790 - A - - 1 0 710001
rcv 24.790 - A - D 708001 1000 1
snd 24.791 - A - - 1 0 710001
rcv 24.836 - A - D 709001 1000 1
snd 24.837 - A - - 1 0 710001
rcv 24.837 - A - D 702001 1000 1
snd 24.839 - A - - 1 0 710001
rcv 24.895 - A - D 711001 1000 1
snd 24.895 - A - - 1 0 710001
rcv 24.895 - A - D 713001 1000 1
snd 24.896 - A - - 1 0 710001
rcv 24.896 - A - D 714001 1000 1
snd 24.896 - A - - 1 0 710001
rcv 24.896 - A - D 715001 1000 1
snd 24.897 - A - - 1 0 710001
rcv 24.897 - A - D 716001 1000 1
snd 24.897 - A - - 1 0 710001
rcv 24.897 - A - D 717001 1000 1
snd 24.897 - A - - 1 0 710001
rcv 24.901 - A - D 710001 1000 1
snd 24.902 - A - - 1 0 712001
rcv 25.003 - A - D 718001 1000 1
snd 25.003 - A - - 1 0 712001
rcv 25.031 - A - D 719001 1000 1
snd 25.032 - A - - 1 0 712001
rcv 25.084 - A - D 712001 1000 1
snd 25.085 - A - - 1 0 720001
rcv 25.085 - A - D 713001 1000 1
snd 25.086 - A - - 1 0 720001
rcv 25.086 - A - D 714001 1000 1
snd 25.087 - A - - 1 0 720001
rcv 25.087 - A - D 715001 1000 1
snd 25.087 - A - - 1 0 720001
rcv 25.133 - A - D 716001 1000 1
snd 25.133 - A - - 1 0 720001
rcv 25.134 - A - D 717001 1000 1
snd 25.136 - A - - 1 0 720001
rcv 25.136 - A - D 718001 1000 1
snd 25.140 - A - - 1 0 720001
rcv 25.140 - A - D 719001 1000 1
snd 25.141 - A - - 1 0 720001
rcv 25.185 - A - D 720001 1000 1
snd 25.186 - A - - 1 0 721001
rcv 25.186 - A - D 721001 1000 1
snd 25.186 - A - - 1 0 722001
rcv 25.186 - A - D 722001 1000 1
snd 25.186 - A - - 1 0 723001
rcv 25.186 - A - D 723001 1000 1
snd 25.187 - A - - 1 0 724001
rcv 25.187 - A - D 724001 1000 1
snd 25.187 - A - - 1 0 725001
rcv 25.188 - A - D 725001 1000 1
snd 25.188 - A - - 1 0 726001
rcv 25.188 - A - D 726001 1000 1
snd 25.188 - A - - 1 0 727001
rcv 25.232 - A - D 727001 1000 1
snd 25.232 - A - - 1 0 728001
rcv 25.236 - A - D 720001 1000 1
snd 25.237 - A - - 1 0 728001
rcv 25.294 - A - D 728001 1000 1
snd 25.295 - A - - 1 0 729001
rcv 25.295 - A - D 729001 1000 1
snd 25.296 - A - - 1 0 730001
rcv 25.296 - A - D 730001 1000 1
snd 25.297 - A - - 1 0 731001
rcv 25.297 - A - D 731001 1000 1
snd 25.298 - A - - 1 0 732001
rcv 25.298 - A - D 732001 1000 1
snd 25.299 - A - - 1 0 733001
rcv 25.299 - A - D 733001 1000 1
snd 25.299 - A - - 1 0 734001
rcv 25.353 - A - D 734001 1000 1
snd 25.354 - A - - 1 0 735001
rcv 25.354 - A - D 727001 1000 1
snd 25.355 - A - - 1 0 735001
rcv 25.356 - A - D 728001 1000 1
snd 25.357 - A - - 1 0 735001
rcv 25.357 - A - D 730001 1000 1
snd 25.358 - A - - 1 0 735001
rcv 25.358 - A - D 731001 1000 1
snd 25.359 - A - - 1 0 735001
rcv 25.359 - A - D 733001 1000 1
snd 25.360 - A - - 1 0 735001
rcv 25.361 - A - D 735001 1000 1
snd 25.361 - A - - 1 0 736001
rcv 25.424 - A - D 736001 1000 1
snd 25.425 - A - - 1 0 737001
rcv 25.425 - A - D 737001 1000 1
snd 25.425 - A - - 1 0 738001
rcv 25.425 - A - D 738001 1000 1
snd 25.426 - A - - 1 0 739001
rcv 25.468 - A - D 739001 1000 1
snd 25.470 - A - - 1 0 740001
rcv 25.470 - A - D 741001 1000 1
snd 25.471 - A - - 1 0 740001
rcv 25.542 - A - D 735001 1000 1
snd 25.543 - A - - 1 0 740001
rcv 25.544 - A - D 743001 1000 1
snd 25.544 - A - - 1 0 740001
rcv 25.549 - A - D 745001 1000 1
snd 25.549 - A - - 1 0 740001
rcv 25.550 - A - D 746001 1000 1
snd 25.550 - A - - 1 0 740001
rcv 25.614 - A - D 739001 1000 1
snd 25.614 - A - - 1 0 740001
rcv 25.615 - A - D 740001 1000 1
snd 25.615 - A - - 1 0 742001
rcv 25.615 - A - D 741001 1000 1
snd 25.617 - A - - 1 0 742001
rcv 25.617 - A - D 742001 1000 1
snd 25.618 - A - - 1 0 744001
rcv 25.618 - A - D 743001 1000 1
snd 25.619 - A - - 1 0 744001
rcv 25.619 - A - D 744001 1000 1
snd 25.619 - A - - 1 0 747001
rcv 25.619 - A - D 745001 1000 1
snd 25.622 - A - - 1 0 747001
rcv 25.666 - A - D 746001 1000 1
snd 25.667 - A - - 1 0 747001
rcv 25.667 - A - D 747001 1000 1
snd 25.667 - A - - 1 0 748001
rcv 25.716 - A - D 740001 1000 1
snd 25.717 - A - - 1 0 748001
rcv 25.717 - A - D 748001 1000 1
snd 25.719 - A - - 1 0 749001
rcv 25.721 - A - D 749001 1000 1
snd 25.721 - A - - 1 0 750001
rcv 25.784 - A - D 750001 1000 1
snd 25.785 - A - - 1 0 751001
rcv 25.785 - A - D 751001 1000 1
snd 25.786 - A - - 1 0 752001
rcv 25.786 - A - D 753001 1000 1
snd 25.786 - A - - 1 0 752001
rcv 25.792 - A - D 754001 1000 1
snd 25.792 - A - - 1 0 752001
rcv 25.794 - A - D 755001 1000 1
snd 25.794 - A - - 1 0 752001
rcv 25.817 - A - D 756001 1000 1
snd 25.817 - A - - 1 0 752001
rcv 25.870 - A - D 757001 1000 1
snd 25.870 - A - - 1 0 752001
rcv 25.944 - A - D 759001 1000 1
snd 25.945 - A - - 1 0 752001
rcv 26.013 - A - D 752001 1000 1
snd 26.014 - A - - 1 0 758001
rcv 26.104 - A - D 760001 1000 1
snd 26.105 - A - - 1 0 758001
rcv 26.105 - A - D 761001 1000 1
snd 26.105 - A - - 1 0 758001
rcv 26.105 - A - D 762001 1000 1
snd 26.106 - A - - 1 0 758001
rcv 26.108 - A - D 763001 1000 1
snd 26.108 - A - - 1 0 758001
rcv 26.109 - A - D 764001 1000 1
snd 26.109 - A - - 1 0 758001
rcv 26.110 - A - D 765001 1000 1
snd 26.111 - A - - 1 0 758001
rcv 26.177 - A - D 758001 1000 1
snd 26.177 - A - - 1 0 766001
rcv 26.177 - A - D 759001 1000 1
snd 26.177 - A - - 1 0 766001
rcv 26.178 - A - D 760001 1000 1
snd 26.178 - A - - 1 0 766001
rcv 26.178 - A - D 761001 1000 1
snd 26.179 - A - - 1 0 766001
rcv 26.184 - A - D 764001 1000 1
snd 26.185 - A - - 1 0 766001
rcv 26.185 - A - D 765001 1000 1
snd 26.186 - A - - 1 0 766001
rcv 26.248 - A - D 758001 1000 1
snd 26.249 - A - - 1 0 766001
rcv 26.340 - A - D 767001 1000 1
snd 26.340 - A - - 1 0 766001
rcv 26.408 - A - D 768001 1000 1
snd 26.409 - A - - 1 0 766001
rcv 26.409 - A - D 770001 1000 1
snd 26.410 - A - - 1 0 766001
rcv 26.410 - A - D 771001 1000 1
snd 26.410 - A - - 1 0 766001
rcv 26.410 - A - D 772001 1000 1
snd 26.410 - A - - 1 0 766001
rcv 26.411 - A - D 773001 1000 1
snd 26.411 - A - - 1 0 766001
rcv 26.411 - A - D 766001 1000 1
snd 26.412 - A - - 1 0 769001
rcv 26.507 - A - D 774001 1000 1
snd 26.508 - A - - 1 0 769001
rcv 26.517 - A - D 775001 1000 1
snd 26.517 - A - - 1 0 769001
rcv 26.576 - A - D 769001 1000 1
snd 26.577 - A - - 1 0 776001
rcv 26.624 - A - D 770001 1000 1
snd 26.624 - A - - 1 0 776001
rcv 26.625 - A - D 771001 1000 1
snd 26.625 - A - - 1 0 776001
rcv 26.625 - A - D 772001 1000 1
snd 26.625 - A - - 1 0 776001
rcv 26.629 - A - D 773001 1000 1
snd 26.629 - A - - 1 0 776001
rcv 26.630 - A - D 774001 1000 1
snd 26.630 - A - - 1 0 776001
rcv 26.630 - A - D 775001 1000 1
snd 26.631 - A - - 1 0 776001
rcv 26.631 - A - D 776001 1000 1
snd 26.631 - A - - 1 0 777001
rcv 26.738 - A - D 777001 1000 1
snd 26.739 - A - - 1 0 778001
rcv 26.747 - A - D 778001 1000 1
snd 26.748 - A - - 1 0 779001
rcv 26.748 - A - D 779001 1000 1
snd 26.748 - A - - 1 0 780001
rcv 26.753 - A - D 780001 1000 1
snd 26.756 - A - - 1 0 781001
rcv 26.756 - A - D 781001 1000 1
snd 26.756 - A - - 1 0 782001
rcv 26.756 - A - D 782001 1000 1
snd 26.756 - A - - 1 0 783001
rcv 26.756 - A - D 783001 1000 1
snd 26.758 - A - - 1 0 784001
rcv 26.808 - A - D 776001 1000 1
snd 26.809 - A - - 1 0 784001
rcv 26.814 - A - D 784001 1000 1
snd 26.815 - A - - 1 0 785001
rcv 26.861 - A - D 785001 1000 1
snd 26.863 - A - - 1 0 786001
rcv 26.908 - A - D 786001 1000 1
snd 26.909 - A - - 1 0 787001
rcv 26.910 - A - D 787001 1000 1
snd 26.911 - A - - 1 0 788001
rcv 26.911 - A - D 789001 1000 1
snd 26.911 - A - - 1 0 788001
rcv 26.911 - A - D 790001 1000 1
snd 26.912 - A - - 1 0 788001
rcv 26.912 - A - D 791001 1000 1
snd 26.912 - A - - 1 0 788001
rcv 26.913 - A - D 792001 1000 1
snd 26.913 - A - - 1 0 788001
rcv 26.987 - A - D 793001 1000 1
snd 26.988 - A - - 1 0 788001
rcv 27.044 - A - D 794001 1000 1
snd 27.044 - A - - 1 0 788001
rcv 27.048 - A - D 795001 1000 1
snd 27.048 - A - - 1 0 788001
rcv 27.094 - A - D 788001 1000 1
snd 27.095 - A - - 1 0 796001
rcv 27.156 - A - D 796001 1000 1
snd 27.156 - A - - 1 0 797001
rcv 27.156 - A - D 797001 1000 1
snd 27.157 - A - - 1 0 798001
rcv 27.164 - A - D 798001 1000 1
snd 27.165 - A - - 1 0 799001
rcv 27.166 - A - D 799001 1000 1
snd 27.166 - A - - 1 0 800001
rcv 27.166 - A - D 800001 1000 1
snd 27.167 - A - - 1 0 801001
rcv 27.167 - A - D 801001 1000 1
snd 27.167 - A - - 1 0 802001
rcv 27.168 - A - D 802001 1000 1
snd 27.168 - A - - 1 0 803001
rcv 27.169 - A - D 803001 1000 1
snd 27.169 - A - - 1 0 804001
rcv 27.292 - A - D 804001 1000 1
snd 27.292 - A - - 1 0 805001
rcv 27.293 - A - D 805001 1000 1
snd 27.293 - A - - 1 0 806001
rcv 27.294 - A - D 806001 1000 1
snd 27.294 - A - - 1 0 807001
rcv 27.300 - A - D 807001 1000 1
snd 27.301 - A - - 1 0 808001
rcv 27.302 - A - D 808001 1000 1
snd 27.302 - A - - 1 0 809001
rcv 27.302 - A - D 810001 1000 1
snd 27.303 - A - - 1 0 809001
rcv 27.399 - A - D 812001 1000 1
snd 27.400 - A - - 1 0 809001
rcv 27.400 - A - D 813001 1000 1
snd 27.401 - A - - 1 0 809001
rcv 27.401 - A - D 814001 1000 1
snd 27.402 - A - - 1 0 809001
rcv 27.404 - A - D 815001 1000 1
snd 27.405 - A - - 1 0 809001
rcv 27.405 - A - D 816001 1000 1
snd 27.405 - A - - 1 0 809001
rcv 27.456 - A - D 809001 1000 1
snd 27.457 - A - - 1 0 811001
rcv 27.457 - A - D 810001 1000 1
snd 27.457 - A - - 1 0 811001
rcv 27.457 - A - D 811001 1000 1
snd 27.458 - A - - 1 0 817001
rcv 27.460 - A - D 812001 1000 1
snd 27.461 - A - - 1 0 817001
rcv 27.461 - A - D 813001 1000 1
snd 27.461 - A - - 1 0 817001
rcv 27.504 - A - D 814001 1000 1
snd 27.506 - A - - 1 0 817001
rcv 27.506 - A - D 816001 1000 1
snd 27.506 - A - - 1 0 817001
rcv 27.565 - A - D 809001 1000 1
snd 27.566 - A - - 1 0 817001
rcv 27.567 - A - D 817001 1000 1
snd 27.567 - A - - 1 0 818001
rcv 27.608 - A - D 818001 1000 1
snd 27.608 - A - - 1 0 819001
rcv 27.608 - A - D 819001 1000 1
snd 27.609 - A - - 1 0 820001
rcv 27.609 - A - D 820001 1000 1
snd 27.610 - A - - 1 0 821001
rcv 27.610 - A - D 821001 1000 1
snd 27.610 - A - - 1 0 822001
rcv 27.610 - A - D 822001 1000 1
snd 27.611 - A - - 1 0 823001
rcv 27.624 - A - D 824001 1000 1
snd 27.624 - A - - 1 0 823001
rcv 27.625 - A - D 817001 1000 1
snd 27.625 - A - - 1 0 823001
rcv 27.724 - A - D 825001 1000 1
snd 27.725 - A - - 1 0 823001
rcv 27.725 - A - D 826001 1000 1
snd 27.726 - A - - 1 0 823001
rcv 27.726 - A - D 827001 1000 1
snd 27.726 - A - - 1 0 823001
rcv 27.726 - A - D 828001 1000 1
snd 27.727 - A - - 1 0 823001
rcv 27.732 - A - D 829001 1000 1
snd 27.736 - A - - 1 0 823001
rcv 27.737 - A - D 830001 1000 1
snd 27.738 - A - - 1 0 823001
rcv 27.807 - A - D 823001 1000 1
snd 27.808 - A - - 1 0 831001
rcv 27.982 - A - D 831001 1000 1
snd 27.983 - A - - 1 0 832001
rcv 27.983 - A - D 832001 1000 1
snd 27.984 - A - - 1 0 833001
rcv 27.984 - A - D 833001 1000 1
snd 27.984 - A - - 1 0 834001
rcv 27.984 - A - D 834001 1000 1
snd 27.984 - A - - 1 0 835001
rcv 27.985 - A - D 835001 1000 1
snd 27.985 - A - - 1 0 836001
rcv 27.986 - A - D 837001 1000 1
snd 27.986 - A - - 1 0 836001
rcv 28.028 - A - D 838001 1000 1
snd 28.029 - A - - 1 0 836001
rcv 28.081 - A - D 839001 1000 1
snd 28.082 - A - - 1 0 836001
rcv 28.145 - A - D 840001 1000 1
snd 28.146 - A - - 1 0 836001
rcv 28.146 - A - D 841001 1000 1
snd 28.147 - A - - 1 0 836001
rcv 28.147 - A - D 842001 1000 1
snd 28.148 - A - - 1 0 836001
rcv 28.148 - A - D 843001 1000 1
snd 28.148 - A - - 1 0 836001
rcv 28.149 - A - D 836001 1000 1
snd 28.150 - A - - 1 0 844001
rcv 28.150 - A - D 837001 1000 1
snd 28.151 - A - - 1 0 844001
rcv 28.151 - A - D 838001 1000 1
snd 28.152 - A - - 1 0 844001
rcv 28.152 - A - D 839001 1000 1
snd 28.153 - A - - 1 0 844001
rcv 28.153 - A - D 840001 1000 1
snd 28.155 - A - - 1 0 844001
rcv 28.155 - A - D 841001 1000 1
snd 28.156 - A - - 1 0 844001
rcv 28.156 - A - D 842001 1000 1
snd 28.158 - A - - 1 0 844001
rcv 28.158 - A - D 843001 1000 1
snd 28.159 - A - - 1 0 844001
rcv 28.252 - A - D 836001 1000 1
snd 28.254 - A - - 1 0 844001
rcv 28.254 - A - D 844001 1000 1
snd 28.254 - A - - 1 0 845001
rcv 28.254 - A - D 845001 1000 1
snd 28.255 - A - - 1 0 846001
rcv 28.255 - A - D 846001 1000 1
snd 28.255 - A - - 1 0 847001
rcv 28.255 - A - D 847001 1000 1
snd 28.256 - A - - 1 0 848001
rcv 28.256 - A - D 848001 1000 1
snd 28.257 - A - - 1 0 849001
rcv 28.257 - A - D 849001 1000 1
snd 28.257 - A - - 1 0 850001
rcv 28.257 - A - D 850001 1000 1
snd 28.258 - A - - 1 0 851001
rcv 28.301 - A - D 851001 1000 1
snd 28.302 - A - - 1 0 852001
rcv 28.304 - A - D 844001 1000 1
snd 28.304 - A - - 1 0 852001
rcv 28.406 - A - D 852001 1000 1
snd 28.406 - A - - 1 0 853001
rcv 28.406 - A - D 853001 1000 1
snd 28.409 - A - - 1 0 854001
rcv 28.410 - A - D 855001 1000 1
snd 28.411 - A - - 1 0 854001
rcv 28.411 - A - D 856001 1000 1
snd 28.412 - A - - 1 0 854001
rcv 28.413 - A - D 857001 1000 1
snd 28.415 - A - - 1 0 854001
rcv 28.415 - A - D 858001 1000 1
snd 28.416 - A - - 1 0 854001
rcv 28.416 - A - D 859001 1000 1
snd 28.416 - A - - 1 0 854001
rcv 28.512 - A - D 860001 1000 1
snd 28.512 - A - - 1 0 854001
rcv 28.568 - A - D 854001 1000 1
snd 28.568 - A - - 1 0 861001
rcv 28.668 - A - D 862001 1000 1
snd 28.668 - A - - 1 0 861001
rcv 28.668 - A - D 863001 1000 1
snd 28.669 - A - - 1 0 861001
rcv 28.669 - A - D 864001 1000 1
snd 28.669 - A - - 1 0 861001
rcv 28.669 - A - D 866001 1000 1
snd 28.669 - A - - 1 0 861001
rcv 28.669 - A - D 867001 1000 1
snd 28.670 - A - - 1 0 861001
rcv 28.720 - A - D 868001 1000 1
snd 28.739 - A - - 1 0 861001
rcv 28.739 - A - D 861001 1000 1
snd 28.740 - A - - 1 0 865001
rcv 28.742 - A - D 862001 1000 1
snd 28.743 - A - - 1 0 865001
rcv 28.743 - A - D 863001 1000 1
snd 28.762 - A - - 1 0 865001
rcv 28.762 - A - D 864001 1000 1
snd 28.763 - A - - 1 0 865001
rcv 28.763 - A - D 865001 1000 1
snd 28.772 - A - - 1 0 869001
rcv 28.777 - A - D 866001 1000 1
snd 28.777 - A - - 1 0 869001
rcv 28.778 - A - D 867001 1000 1
snd 28.780 - A - - 1 0 869001
rcv 28.789 - A - D 861001 1000 1
snd 28.789 - A - - 1 0 869001
rcv 28.836 - A - D 869001 1000 1
snd 28.837 - A - - 1 0 870001
rcv 28.837 - A - D 870001 1000 1
snd 28.838 - A - - 1 0 871001
rcv 28.889 - A - D 871001 1000 1
snd 28.892 - A - - 1 0 872001
rcv 28.892 - A - D 865001 1000 1
snd 28.893 - A - - 1 0 872001
rcv 28.893 - A - D 873001 1000 1
snd 28.894 - A - - 1 0 872001
rcv 28.894 - A - D 874001 1000 1
snd 28.894 - A - - 1 0 872001
rcv 28.894 - A - D 875001 1000 1
snd 28.894 - A - - 1 0 872001
rcv 28.899 - A - D 876001 1000 1
snd 28.899 - A - - 1 0 872001
rcv 28.948 - A - D 869001 1000 1
snd 28.949 - A - - 1 0 872001
rcv 28.949 - A - D 877001 1000 1
snd 28.950 - A - - 1 0 872001
rcv 28.957 - A - D 878001 1000 1
snd 28.958 - A - - 1 0 872001
rcv 29.000 - A - D 879001 1000 1
snd 29.001 - A - - 1 0 872001
rcv 29.048 - A - D 872001 1000 1
snd 29.049 - A - - 1 0 880001
rcv 29.161 - A - D 880001 1000 1
snd 29.162 - A - - 1 0 881001
rcv 29.162 - A - D 881001 1000 1
snd 29.163 - A - - 1 0 882001
rcv 29.163 - A - D 882001 1000 1
snd 29.163 - A - - 1 0 883001
rcv 29.164 - A - D 883001 1000 1
snd 29.164 - A - - 1 0 884001
rcv 29.165 - A - D 884001 1000 1
snd 29.166 - A - - 1 0 885001
rcv 29.166 - A - D 885001 1000 1
snd 29.167 - A - - 1 0 886001
rcv 29.167 - A - D 886001 1000 1
snd 29.168 - A - - 1 0 887001
rcv 29.168 - A - D 887001 1000 1
snd 29.169 - A - - 1 0 888001
rcv 29.300 - A - D 888001 1000 1
snd 29.301 - A - - 1 0 889001
rcv 29.301 - A - D 889001 1000 1
snd 29.301 - A - - 1 0 890001
rcv 29.301 - A - D 890001 1000 1
snd 29.302 - A - - 1 0 891001
rcv 29.302 - A - D 891001 1000 1
snd 29.303 - A - - 1 0 892001
rcv 29.303 - A - D 892001 1000 1
snd 29.304 - A - - 1 0 893001
rcv 29.304 - A - D 893001 1000 1
snd 29.308 - A - - 1 0 894001
rcv 29.309 - A - D 895001 1000 1
snd 29.309 - A - - 1 0 894001
rcv 29.387 - A - D 896001 1000 1
snd 29.388 - A - - 1 0 894001
rcv 29.388 - A - D 897001 1000 1
snd 29.388 - A - - 1 0 894001
rcv 29.389 - A - D 898001 1000 1
snd 29.389 - A - - 1 0 894001
rcv 29.389 - A - D 900001 1000 1
snd 29.389 - A - - 1 0 894001
rcv 29.436 - A - D 901001 1000 1
snd 29.437 - A - - 1 0 894001
rcv 29.437 - A - D 894001 1000 1
snd 29.438 - A - - 1 0 899001
rcv 29.439 - A - D 896001 1000 1
snd 29.439 - A - - 1 0 899001
rcv 29.439 - A - D 897001 1000 1
snd 29.440 - A - - 1 0 899001
rcv 29.440 - A - D 898001 1000 1
snd 29.441 - A - - 1 0 899001
rcv 29.441 - A - D 899001 1000 1
snd 29.442 - A - - 1 0 902001
rcv 29.443 - A - D 901001 1000 1
snd 29.443 - A - - 1 0 902001
rcv 29.512 - A - D 894001 1000 1
snd 29.512 - A - - 1 0 902001
rcv 29.558 - A - D 902001 1000 1
snd 29.559 - A - - 1 0 903001
rcv 29.563 - A - D 903001 1000 1
snd 29.563 - A - - 1 0 904001
rcv 29.563 - A - D 904001 1000 1
snd 29.563 - A - - 1 0 905001
rcv 29.564 - A - D 905001 1000 1
snd 29.564 - A - - 1 0 906001
rcv 29.564 - A - D 906001 1000 1
snd 29.564 - A - - 1 0 907001
rcv 29.564 - A - D 899001 1000 1
snd 29.564 - A - - 1 0 907001
rcv 29.565 - A - D 900001 1000 1
snd 29.565 - A - - 1 0 907001
rcv 29.570 - A - D 901001 1000 1
snd 29.570 - A - - 1 0 907001
rcv 29.629 - A - D 902001 1000 1
snd 29.631 - A - - 1 0 907001
rcv 29.632 - A - D 903001 1000 1
snd 29.632 - A - - 1 0 907001
rcv 29.632 - A - D 905001 1000 1
snd 29.634 - A - - 1 0 907001
rcv 29.676 - A - D 899001 1000 1
snd 29.677 - A - - 1 0 907001
rcv 29.677 - A - D 907001 1000 1
snd 29.677 - A - - 1 0 908001
rcv 29.678 - A - D 908001 1000 1
snd 29.678 - A - - 1 0 909001
rcv 29.682 - A - D 909001 1000 1
snd 29.682 - A - - 1 0 910001
rcv 29.730 - A - D 910001 1000 1
snd 29.731 - A - - 1 0 911001
rcv 29.731 - A - D 911001 1000 1
snd 29.731 - A - - 1 0 912001
rcv 29.731 - A - D 913001 1000 1
snd 29.732 - A - - 1 0 912001
rcv 29.733 - A - D 914001 1000 1
snd 29.733 - A - - 1 0 912001
rcv 29.733 - A - D 907001 1000 1
snd 29.733 - A - - 1 0 912001
rcv 29.801 - A - D 915001 1000 1
snd 29.845 - A - - 1 0 912001
rcv 29.845 - A - D 916001 1000 1
snd 29.846 - A - - 1 0 912001
rcv 29.846 - A - D 917001 1000 1
snd 29.847 - A - - 1 0 912001
rcv 29.847 - A - D 918001 1000 1
snd 29.847 - A - - 1 0 912001
rcv 29.847 - A - D 919001 1000 1
snd 29.853 - A - - 1 0 912001
rcv 29.853 - A - D 912001 1000 1
snd 29.853 - A - - 1 0 920001
rcv 29.960 - A - D 920001 1000 1
snd 29.962 - A - - 1 0 921001
rcv 29.962 - A - D 921001 1000 1
snd 29.962 - A - - 1 0 922001
rcv 29.962 - A - D 923001 1000 1
snd 29.962 - A - - 1 0 922001
rcv 29.963 - A - D 924001 1000 1
snd 29.967 - A - - 1 0 922001
rcv 29.967 - A - D 925001 1000 1
snd 29.967 - A - - 1 0 922001
rcv 29.967 - A - D 926001 1000 1
snd 29.968 - A - - 1 0 922001
rcv 29.969 - A - D 927001 1000 1
snd 29.969 - A - - 1 0 922001
rcv 30.081 - A - D 928001 1000 1
snd 30.084 - A - - 1 0 922001
rcv 30.084 - A - D 929001 1000 1
snd 30.090 - A - - 1 0 922001
rcv 30.154 - A - D 922001 1000 1
snd 30.161 - A - - 1 0 930001
rcv 30.296 - A - D 930001 1000 1
snd 30.297 - A - - 1 0 931001
rcv 30.297 - A - D 931001 1000 1
snd 30.298 - A - - 1 0 932001
rcv 30.298 - A - D 932001 1000 1
snd 30.298 - A - - 1 0 933001
rcv 30.298 - A - D 933001 1000 1
snd 30.298 - A - - 1 0 934001
rcv 30.298 - A - D 934001 1000 1
snd 30.299 - A - - 1 0 935001
rcv 30.299 - A - D 935001 1000 1
snd 30.299 - A - - 1 0 936001
rcv 30.300 - A - D 936001 1000 1
snd 30.300 - A - - 1 0 937001
rcv 30.302 - A - D 937001 1000 1
snd 30.302 - A - - 1 0 938001
rcv 30.357 - A - D 938001 1000 1
snd 30.357 - A - - 1 0 939001
rcv 30.400 - A - D 939001 1000 1
snd 30.401 - A - - 1 0 940001
rcv 30.401 - A - D 940001 1000 1
snd 30.402 - A - - 1 0 941001
rcv 30.402 - A - D 941001 1000 1
snd 30.402 - A - - 1 0 942001
rcv 30.402 - A - D 942001 1000 1
snd 30.403 - A - - 1 0 943001
rcv 30.408 - A - D 943001 1000 1
snd 30.409 - A - - 1 0 944001
rcv 30.409 - A - D 944001 1000 1
snd 30.410 - A - - 1 0 945001
rcv 30.513 - A - D 946001 1000 1
snd 30.514 - A - - 1 0 945001
rcv 30.514 - A - D 947001 1000 1
snd 30.514 - A - - 1 0 945001
rcv 30.564 - A - D 948001 1000 1
snd 30.566 - A - - 1 0 945001
rcv 30.566 - A - D 949001 1000 1
snd 30.567 - A - - 1 0 945001
rcv 30.567 - A - D 950001 1000 1
snd 30.567 - A - - 1 0 945001
rcv 30.567 - A - D 951001 1000 1
snd 30.568 - A - - 1 0 945001
rcv 30.568 - A - D 944001 1000 1
snd 30.568 - A - - 1 0 945001
rcv 30.568 - A - D 945001 1000 1
snd 30.569 - A - - 1 0 952001
rcv 30.569 - A - D 946001 1000 1
snd 30.570 - A - - 1 0 952001
rcv 30.570 - A - D 947001 1000 1
snd 30.570 - A - - 1 0 952001
rcv 30.570 - A - D 948001 1000 1
snd 30.570 - A - - 1 0 952001
rcv 30.571 - A - D 949001 1000 1
snd 30.571 - A - - 1 0 952001
rcv 30.571 - A - D 950001 1000 1
snd 30.572 - A - - 1 0 952001
rcv 30.572 - A - D 951001 1000 1
snd 30.572 - A - - 1 0 952001
rcv 30.637 - A - D 952001 1000 1
snd 30.637 - A - - 1 0 953001
rcv 30.688 - A - D 945001 1000 1
snd 30.689 - A - - 1 0 953001
rcv 30.689 - A - D 953001 1000 1
snd 30.689 - A - - 1 0 954001
rcv 30.690 - A - D 954001 1000 1
snd 30.690 - A - - 1 0 955001
rcv 30.690 - A - D 955001 1000 1
snd 30.690 - A - - 1 0 956001
rcv 30.690 - A - D 956001 1000 1
snd 30.691 - A - - 1 0 957001
rcv 30.692 - A - D 957001 1000 1
snd 30.692 - A - - 1 0 958001
rcv 30.693 - A - D 958001 1000 1
snd 30.693 - A - - 1 0 959001
rcv 30.694 - A - D 959001 1000 1
snd 30.694 - A - - 1 0 960001
rcv 30.771 - A - D 960001 1000 1
snd 30.772 - A - - 1 0 961001
rcv 30.796 - A - D 961001 1000 1
snd 30.796 - A - - 1 0 962001
rcv 30.796 - A - D 962001 1000 1
snd 30.799 - A - - 1 0 963001
rcv 30.799 - A - D 963001 1000 1
snd 30.800 - A - - 1 0 964001
rcv 30.849 - A - D 958001 1000 1
snd 30.850 - A - - 1 0 964001
rcv 30.854 - A - D 959001 1000 1
snd 30.854 - A - - 1 0 964001
rcv 30.855 - A - D 960001 1000 1
snd 30.856 - A - - 1 0 964001
rcv 30.856 - A - D 962001 1000 1
snd 30.856 - A - - 1 0 964001
rcv 30.857 - A - D 964001 1000 1
snd 30.857 - A - - 1 0 965001
rcv 30.900 - A - D 965001 1000 1
snd 30.901 - A - - 1 0 966001
rcv 30.902 - A - D 966001 1000 1
snd 30.903 - A - - 1 0 967001
rcv 30.903 - A - D 967001 1000 1
snd 30.903 - A - - 1 0 968001
rcv 30.904 - A - D 969001 1000 1
snd 30.905 - A - - 1 0 968001
rcv 30.905 - A - D 970001 1000 1
snd 30.905 - A - - 1 0 968001
rcv 30.951 - A - D 971001 1000 1
snd 30.952 - A - - 1 0 968001
rcv 31.000 - A - D 964001 1000 1
snd 31.000 - A - - 1 0 968001
rcv 31.000 - A - D 972001 1000 1
snd 31.001 - A - - 1 0 968001
rcv 31.005 - A - D 973001 1000 1
snd 31.005 - A - - 1 0 968001
rcv 31.005 - A - D 974001 1000 1
snd 31.006 - A - - 1 0 968001
rcv 31.006 - A - D 975001 1000 1
snd 31.006 - A - - 1 0 968001
rcv 31.072 - A - D 968001 1000 1
snd 31.073 - A - - 1 0 976001
rcv 31.172 - A - D 976001 1000 1
snd 31.172 - A - - 1 0 977001
rcv 31.173 - A - D 977001 1000 1
snd 31.173 - A - - 1 0 978001
rcv 31.173 - A - D 978001 1000 1
snd 31.173 - A - - 1 0 979001
rcv 31.173 - A - D 979001 1000 1
snd 31.174 - A - - 1 0 980001
rcv 31.217 - A - D 980001 1000 1
snd 31.218 - A - - 1 0 981001
rcv 31.218 - A - D 982001 1000 1
snd 31.218 - A - - 1 0 981001
rcv 31.219 - A - D 983001 1000 1
snd 31.219 - A - - 1 0 981001
rcv 31.296 - A - D 985001 1000 1
snd 31.297 - A - - 1 0 981001
rcv 31.298 - A - D 986001 1000 1
snd 31.298 - A - - 1 0 981001
rcv 31.299 - A - D 987001 1000 1
snd 31.300 - A - - 1 0 981001
rcv 31.364 - A - D 988001 1000 1
snd 31.365 - A - - 1 0 981001
rcv 31.412 - A - D 982001 1000 1
snd 31.412 - A - - 1 0 981001
rcv 31.413 - A - D 983001 1000 1
snd 31.413 - A - - 1 0 981001
rcv 31.456 - A - D 984001 1000 1
snd 31.457 - A - - 1 0 981001
rcv 31.457 - A - D 985001 1000 1
snd 31.458 - A - - 1 0 981001
rcv 31.458 - A - D 986001 1000 1
snd 31.458 - A - - 1 0 981001
rcv 31.458 - A - D 987001 1000 1
snd 31.459 - A - - 1 0 981001
rcv 31.460 - A - D 988001 1000 1
snd 31.461 - A - - 1 0 981001
rcv 31.461 - A - D 981001 1000 1
snd 31.462 - A - - 1 0 989001
rcv 31.660 - A - D 989001 1000 1
snd 31.662 - A - - 1 0 990001
rcv 31.662 - A - D 990001 1000 1
snd 31.662 - A - - 1 0 991001
rcv 31.662 - A - D 992001 1000 1
snd 31.664 - A - - 1 0 991001
rcv 31.665 - A - D 993001 1000 1
snd 31.665 - A - - 1 0 991001
rcv 31.665 - A - D 994001 1000 1
snd 31.665 - A - - 1 0 991001
rcv 31.670 - A - D 995001 1000 1
snd 31.671 - A - - 1 0 991001
rcv 31.672 - A - D 996001 1000 1
snd 31.672 - A - - 1 0 991001
rcv 31.803 - A - D 998001 1000 1
snd 31.803 - A - - 1 0 991001
rcv 31.856 - A - D 991001 1000 1
snd 31.856 - A - - 1 0 997001
rcv 31.908 - A - D 1000001 1000 1
snd 31.909 - A - - 1 0 997001
rcv 31.952 - A - D 1001001 1000 1
snd 31.954 - A - - 1 0 997001
rcv 31.954 - A - D 1002001 1000 1
snd 31.955 - A - - 1 0 997001
rcv 31.955 - A - D 1003001 1000 1
snd 31.956 - A - - 1 0 997001
rcv 32.016 - A - D 1004001 1000 1
snd 32.018 - A - - 1 0 997001
rcv 32.060 - A - D 997001 1000 1
snd 32.061 - A - - 1 0 999001
rcv 32.176 - A - D 1005001 1000 1
snd 32.177 - A - - 1 0 999001
rcv 32.178 - A - D 1006001 1000 1
snd 32.179 - A - - 1 0 999001
rcv 32.244 - A - D 999001 1000 1
snd 32.245 - A - - 1 0 1007001
rcv 32.245 - A - D 1000001 1000 1
snd 32.245 - A - - 1 0 1007001
rcv 32.245 - A - D 1001001 1000 1
snd 32.245 - A - - 1 0 1007001
rcv 32.246 - A - D 1002001 1000 1
snd 32.246 - A - - 1 0 1007001
rcv 32.246 - A - D 1004001 1000 1
snd 32.246 - A - - 1 0 1007001
rcv 32.292 - A - D 1005001 1000 1
snd 32.294 - A - - 1 0 1007001
rcv 32.346 - A - D 1007001 1000 1
snd 32.346 - A - - 1 0 1008001
rcv 32.347 - A - D 1008001 1000 1
snd 32.347 - A - - 1 0 1009001
rcv 32.347 - A - D 1009001 1000 1
snd 32.348 - A - - 1 0 1010001
rcv 32.348 - A - D 1010001 1000 1
snd 32.349 - A - - 1 0 1011001
rcv 32.349 - A - D 1011001 1000 1
snd 32.349 - A - - 1 0 1012001
rcv 32.350 - A - D 1012001 1000 1
snd 32.350 - A - - 1 0 1013001
rcv 32.350 - A - D 1013001 1000 1
snd 32.351 - A - - 1 0 1014001
rcv 32.354 - A - D 1014001 1000 1
snd 32.354 - A - - 1 0 1015001
rcv 32.396 - A - D 1007001 1000 1
snd 32.400 - A - - 1 0 1015001
rcv 32.449 - A - D 1015001 1000 1
snd 32.449 - A - - 1 0 1016001
rcv 32.449 - A - D 1016001 1000 1
snd 32.450 - A - - 1 0 1017001
rcv 32.450 - A - D 1017001 1000 1
snd 32.450 - A - - 1 0 1018001
rcv 32.450 - A - D 1018001 1000 1
snd 32.451 - A - - 1 0 1019001
rcv 32.453 - A - D 1019001 1000 1
snd 32.453 - A - - 1 0 1020001
rcv 32.455 - A - D 1021001 1000 1
snd 32.455 - A - - 1 0 1020001
rcv 32.606 - A - D 1023001 1000 1
snd 32.607 - A - - 1 0 1020001
rcv 32.607 - A - D 1024001 1000 1
snd 32.608 - A - - 1 0 1020001
rcv 32.608 - A - D 1025001 1000 1
snd 32.608 - A - - 1 0 1020001
rcv 32.610 - A - D 1026001 1000 1
snd 32.610 - A - - 1 0 1020001
rcv 32.612 - A - D 1027001 1000 1
snd 32.613 - A - - 1 0 1020001
rcv 32.736 - A - D 1020001 1000 1
snd 32.738 - A - - 1 0 1022001
rcv 32.856 - A - D 1028001 1000 1
snd 32.856 - A - - 1 0 1022001
rcv 32.920 - A - D 1029001 1000 1
snd 32.920 - A - - 1 0 1022001
rcv 32.976 - A - D 1022001 1000 1
snd 32.978 - A - - 1 0 1030001
rcv 33.026 - A - D 1024001 1000 1
snd 33.027 - A - - 1 0 1030001
rcv 33.027 - A - D 1025001 1000 1
snd 33.028 - A - - 1 0 1030001
rcv 33.069 - A - D 1026001 1000 1
snd 33.073 - A - - 1 0 1030001
rcv 33.074 - A - D 1027001 1000 1
snd 33.075 - A - - 1 0 1030001
rcv 33.076 - A - D 1028001 1000 1
snd 33.078 - A - - 1 0 1030001
rcv 33.078 - A - D 1029001 1000 1
snd 33.078 - A - - 1 0 1030001
rcv 33.078 - A - D 1022001 1000 1
snd 33.078 - A - - 1 0 1030001
rcv 33.078 - A - D 1023001 1000 1
snd 33.079 - A - - 1 0 1030001
rcv 33.079 - A - D 1024001 1000 1
snd 33.079 - A - - 1 0 1030001
rcv 33.079 - A - D 1025001 1000 1
snd 33.079 - A - - 1 0 1030001
rcv 33.124 - A - D 1026001 1000 1
snd 33.125 - A - - 1 0 1030001
rcv 33.125 - A - D 1027001 1000 1
snd 33.126 - A - - 1 0 1030001
rcv 33.126 - A - D 1028001 1000 1
snd 33.127 - A - - 1 0 1030001
rcv 33.127 - A - D 1029001 1000 1
snd 33.127 - A - - 1 0 1030001
rcv 33.127 - A - D 1030001 1000 1
snd 33.127 - A - - 1 0 1031001
rcv 33.128 - A - D 1031001 1000 1
snd 33.128 - A - - 1 0 1032001
rcv 33.128 - A - D 1032001 1000 1
snd 33.128 - A - - 1 0 1033001
rcv 33.128 - A - D 1033001 1000 1
snd 33.128 - A - - 1 0 1034001
rcv 33.129 - A - D 1034001 1000 1
snd 33.129 - A - - 1 0 1035001
rcv 33.129 - A - D 1035001 1000 1
snd 33.129 - A - - 1 0 1036001
rcv 33.129 - A - D 1036001 1000 1
snd 33.129 - A - - 1 0 1037001
rcv 33.132 - A - D 1037001 1000 1
snd 33.132 - A - - 1 0 1038001
rcv 33.178 - A - D 1030001 1000 1
snd 33.178 - A - - 1 0 1038001
rcv 33.228 - A - D 1038001 1000 1
snd 33.228 - A - - 1 0 1039001
rcv 33.228 - A - D 1039001 1000 1
snd 33.229 - A - - 1 0 1040001
rcv 33.229 - A - D 1040001 1000 1
snd 33.229 - A - - 1 0 1041001
rcv 33.229 - A - D 1041001 1000 1
snd 33.230 - A - - 1 0 1042001
rcv 33.230 - A - D 1042001 1000 1
snd 33.230 - A - - 1 0 1043001
rcv 33.232 - A - D 1043001 1000 1
snd 33.232 - A - - 1 0 1044001
rcv 33.233 - A - D 1044001 1000 1
snd 33.233 - A - - 1 0 1045001
rcv 33.302 - A - D 1045001 1000 1
snd 33.303 - A - - 1 0 1046001
rcv 33.341 - A - D 1046001 1000 1
snd 33.342 - A - - 1 0 1047001
rcv 33.342 - A - D 1047001 1000 1
snd 33.342 - A - - 1 0 1048001
rcv 33.345 - A - D 1048001 576 1
snd 33.345 - A - - 1 0 1048577
rcv 33.389 - A - D 1043001 1000 1
snd 33.390 - A - - 1 0 1048577
rcv 33.441 - A - D 1044001 1000 1
snd 33.443 - A - - 1 0 1048577
rcv 33.443 - A - D 1045001 1000 1
snd 33.444 - A - - 1 0 1048577
rcv 33.444 - A - D 1046001 1000 1
snd 33.445 - A - - 1 0 1048577
rcv 33.445 - A - D 1047001 1000 1
snd 33.445 - A - - 1 0 1048577
rcv 33.445 - A - D 1048001 576 1
snd 33.446 - A - - 1 0 1048577
rcv 33.488 - - F - 1048577 0 1
snd 33.489 - A F - 1 0 1048578
rcv 33.588 - A - - 1048578 0 2
1.00Mb 1422 1424 452 0 0 0
